[0.065s] Invoking command in '/home/dia/ros2_ws/build/micro_ros_msgs': CMAKE_PREFIX_PATH=/home/dia/ros2_ws/install/simulation:/home/dia/ros2_ws/install/servo_control_node:/home/dia/ros2_ws/install/esp32_motor_control:/opt/ros/humble:/home/dia/ros2_ws/install/my_robot_control:/home/dia/ros2_ws/install/micro_ros_setup:/home/dia/ros2_ws/install/micro_ros_agent:/home/dia/ros2_ws/install/micro_ros_msgs /usr/bin/cmake --build /home/dia/ros2_ws/build/micro_ros_msgs -- -j6 -l6
[1.302s] [  8%] Built target micro_ros_msgs__cpp
[1.303s] [ 12%] Built target micro_ros_msgs__rosidl_generator_c
[1.303s] [ 12%] Built target ament_cmake_python_copy_micro_ros_msgs
[1.304s] [ 23%] Built target micro_ros_msgs__rosidl_typesupport_fastrtps_cpp
[1.304s] [ 34%] Built target micro_ros_msgs__rosidl_typesupport_introspection_cpp
[1.305s] [ 44%] Built target micro_ros_msgs__rosidl_typesupport_fastrtps_c
[1.306s] [ 55%] Built target micro_ros_msgs__rosidl_typesupport_cpp
[1.306s] [ 65%] Built target micro_ros_msgs__rosidl_typesupport_introspection_c
[1.306s] [ 76%] Built target micro_ros_msgs__rosidl_typesupport_c
[1.307s] [ 76%] Built target micro_ros_msgs
[1.307s] [ 78%] Built target micro_ros_msgs__py
[1.307s] [ 87%] Built target micro_ros_msgs__rosidl_generator_py
[1.309s] [100%] Built target micro_ros_msgs__rosidl_typesupport_c__pyext
[1.311s] [100%] Built target micro_ros_msgs__rosidl_typesupport_fastrtps_c__pyext
[1.311s] [100%] Built target micro_ros_msgs__rosidl_typesupport_introspection_c__pyext
[1.314s] running egg_info
[1.315s] writing micro_ros_msgs.egg-info/PKG-INFO
[1.316s] writing dependency_links to micro_ros_msgs.egg-info/dependency_links.txt
[1.317s] writing top-level names to micro_ros_msgs.egg-info/top_level.txt
[1.318s] reading manifest file 'micro_ros_msgs.egg-info/SOURCES.txt'
[1.319s] writing manifest file 'micro_ros_msgs.egg-info/SOURCES.txt'
[1.319s] [100%] Built target ament_cmake_python_build_micro_ros_msgs_egg
[1.327s] Invoked command in '/home/dia/ros2_ws/build/micro_ros_msgs' returned '0': CMAKE_PREFIX_PATH=/home/dia/ros2_ws/install/simulation:/home/dia/ros2_ws/install/servo_control_node:/home/dia/ros2_ws/install/esp32_motor_control:/opt/ros/humble:/home/dia/ros2_ws/install/my_robot_control:/home/dia/ros2_ws/install/micro_ros_setup:/home/dia/ros2_ws/install/micro_ros_agent:/home/dia/ros2_ws/install/micro_ros_msgs /usr/bin/cmake --build /home/dia/ros2_ws/build/micro_ros_msgs -- -j6 -l6
[1.570s] Invoking command in '/home/dia/ros2_ws/build/micro_ros_msgs': CMAKE_PREFIX_PATH=/home/dia/ros2_ws/install/simulation:/home/dia/ros2_ws/install/servo_control_node:/home/dia/ros2_ws/install/esp32_motor_control:/opt/ros/humble:/home/dia/ros2_ws/install/my_robot_control:/home/dia/ros2_ws/install/micro_ros_setup:/home/dia/ros2_ws/install/micro_ros_agent:/home/dia/ros2_ws/install/micro_ros_msgs /usr/bin/cmake --install /home/dia/ros2_ws/build/micro_ros_msgs
[1.594s] -- Install configuration: ""
[1.594s] -- Up-to-date: /home/dia/ros2_ws/install/micro_ros_msgs/share/ament_index/resource_index/rosidl_interfaces/micro_ros_msgs
[1.595s] -- Up-to-date: /home/dia/ros2_ws/install/micro_ros_msgs/include/micro_ros_msgs/micro_ros_msgs
[1.595s] -- Up-to-date: /home/dia/ros2_ws/install/micro_ros_msgs/include/micro_ros_msgs/micro_ros_msgs/msg
[1.595s] -- Up-to-date: /home/dia/ros2_ws/install/micro_ros_msgs/include/micro_ros_msgs/micro_ros_msgs/msg/node.h
[1.595s] -- Up-to-date: /home/dia/ros2_ws/install/micro_ros_msgs/include/micro_ros_msgs/micro_ros_msgs/msg/rosidl_generator_c__visibility_control.h
[1.596s] -- Up-to-date: /home/dia/ros2_ws/install/micro_ros_msgs/include/micro_ros_msgs/micro_ros_msgs/msg/detail
[1.596s] -- Up-to-date: /home/dia/ros2_ws/install/micro_ros_msgs/include/micro_ros_msgs/micro_ros_msgs/msg/detail/node__functions.h
[1.596s] -- Up-to-date: /home/dia/ros2_ws/install/micro_ros_msgs/include/micro_ros_msgs/micro_ros_msgs/msg/detail/node__functions.c
[1.597s] -- Up-to-date: /home/dia/ros2_ws/install/micro_ros_msgs/include/micro_ros_msgs/micro_ros_msgs/msg/detail/graph__functions.c
[1.597s] -- Up-to-date: /home/dia/ros2_ws/install/micro_ros_msgs/include/micro_ros_msgs/micro_ros_msgs/msg/detail/node__struct.h
[1.598s] -- Up-to-date: /home/dia/ros2_ws/install/micro_ros_msgs/include/micro_ros_msgs/micro_ros_msgs/msg/detail/graph__struct.h
[1.598s] -- Up-to-date: /home/dia/ros2_ws/install/micro_ros_msgs/include/micro_ros_msgs/micro_ros_msgs/msg/detail/entity__functions.c
[1.599s] -- Up-to-date: /home/dia/ros2_ws/install/micro_ros_msgs/include/micro_ros_msgs/micro_ros_msgs/msg/detail/entity__functions.h
[1.599s] -- Up-to-date: /home/dia/ros2_ws/install/micro_ros_msgs/include/micro_ros_msgs/micro_ros_msgs/msg/detail/graph__type_support.h
[1.601s] -- Up-to-date: /home/dia/ros2_ws/install/micro_ros_msgs/include/micro_ros_msgs/micro_ros_msgs/msg/detail/entity__type_support.h
[1.601s] -- Up-to-date: /home/dia/ros2_ws/install/micro_ros_msgs/include/micro_ros_msgs/micro_ros_msgs/msg/detail/graph__functions.h
[1.601s] -- Up-to-date: /home/dia/ros2_ws/install/micro_ros_msgs/include/micro_ros_msgs/micro_ros_msgs/msg/detail/node__type_support.h
[1.601s] -- Up-to-date: /home/dia/ros2_ws/install/micro_ros_msgs/include/micro_ros_msgs/micro_ros_msgs/msg/detail/entity__struct.h
[1.601s] -- Up-to-date: /home/dia/ros2_ws/install/micro_ros_msgs/include/micro_ros_msgs/micro_ros_msgs/msg/graph.h
[1.601s] -- Up-to-date: /home/dia/ros2_ws/install/micro_ros_msgs/include/micro_ros_msgs/micro_ros_msgs/msg/entity.h
[1.602s] -- Up-to-date: /home/dia/ros2_ws/install/micro_ros_msgs/share/micro_ros_msgs/environment/library_path.sh
[1.602s] -- Up-to-date: /home/dia/ros2_ws/install/micro_ros_msgs/share/micro_ros_msgs/environment/library_path.dsv
[1.602s] -- Up-to-date: /home/dia/ros2_ws/install/micro_ros_msgs/lib/libmicro_ros_msgs__rosidl_generator_c.so
[1.602s] -- Up-to-date: /home/dia/ros2_ws/install/micro_ros_msgs/include/micro_ros_msgs/micro_ros_msgs
[1.602s] -- Up-to-date: /home/dia/ros2_ws/install/micro_ros_msgs/include/micro_ros_msgs/micro_ros_msgs/msg
[1.602s] -- Up-to-date: /home/dia/ros2_ws/install/micro_ros_msgs/include/micro_ros_msgs/micro_ros_msgs/msg/detail
[1.602s] -- Up-to-date: /home/dia/ros2_ws/install/micro_ros_msgs/include/micro_ros_msgs/micro_ros_msgs/msg/detail/node__rosidl_typesupport_fastrtps_c.h
[1.603s] -- Up-to-date: /home/dia/ros2_ws/install/micro_ros_msgs/include/micro_ros_msgs/micro_ros_msgs/msg/detail/graph__rosidl_typesupport_fastrtps_c.h
[1.603s] -- Up-to-date: /home/dia/ros2_ws/install/micro_ros_msgs/include/micro_ros_msgs/micro_ros_msgs/msg/detail/entity__rosidl_typesupport_fastrtps_c.h
[1.603s] -- Up-to-date: /home/dia/ros2_ws/install/micro_ros_msgs/include/micro_ros_msgs/micro_ros_msgs/msg/rosidl_typesupport_fastrtps_c__visibility_control.h
[1.603s] -- Up-to-date: /home/dia/ros2_ws/install/micro_ros_msgs/lib/libmicro_ros_msgs__rosidl_typesupport_fastrtps_c.so
[1.603s] -- Up-to-date: /home/dia/ros2_ws/install/micro_ros_msgs/include/micro_ros_msgs/micro_ros_msgs
[1.603s] -- Up-to-date: /home/dia/ros2_ws/install/micro_ros_msgs/include/micro_ros_msgs/micro_ros_msgs/msg
[1.603s] -- Up-to-date: /home/dia/ros2_ws/install/micro_ros_msgs/include/micro_ros_msgs/micro_ros_msgs/msg/detail
[1.603s] -- Up-to-date: /home/dia/ros2_ws/install/micro_ros_msgs/include/micro_ros_msgs/micro_ros_msgs/msg/detail/node__rosidl_typesupport_introspection_c.h
[1.604s] -- Up-to-date: /home/dia/ros2_ws/install/micro_ros_msgs/include/micro_ros_msgs/micro_ros_msgs/msg/detail/node__type_support.c
[1.604s] -- Up-to-date: /home/dia/ros2_ws/install/micro_ros_msgs/include/micro_ros_msgs/micro_ros_msgs/msg/detail/graph__type_support.c
[1.604s] -- Up-to-date: /home/dia/ros2_ws/install/micro_ros_msgs/include/micro_ros_msgs/micro_ros_msgs/msg/detail/graph__rosidl_typesupport_introspection_c.h
[1.604s] -- Up-to-date: /home/dia/ros2_ws/install/micro_ros_msgs/include/micro_ros_msgs/micro_ros_msgs/msg/detail/entity__type_support.c
[1.604s] -- Up-to-date: /home/dia/ros2_ws/install/micro_ros_msgs/include/micro_ros_msgs/micro_ros_msgs/msg/detail/entity__rosidl_typesupport_introspection_c.h
[1.604s] -- Up-to-date: /home/dia/ros2_ws/install/micro_ros_msgs/include/micro_ros_msgs/micro_ros_msgs/msg/rosidl_typesupport_introspection_c__visibility_control.h
[1.604s] -- Up-to-date: /home/dia/ros2_ws/install/micro_ros_msgs/lib/libmicro_ros_msgs__rosidl_typesupport_introspection_c.so
[1.604s] -- Up-to-date: /home/dia/ros2_ws/install/micro_ros_msgs/lib/libmicro_ros_msgs__rosidl_typesupport_c.so
[1.605s] -- Up-to-date: /home/dia/ros2_ws/install/micro_ros_msgs/include/micro_ros_msgs/micro_ros_msgs
[1.605s] -- Up-to-date: /home/dia/ros2_ws/install/micro_ros_msgs/include/micro_ros_msgs/micro_ros_msgs/msg
[1.605s] -- Up-to-date: /home/dia/ros2_ws/install/micro_ros_msgs/include/micro_ros_msgs/micro_ros_msgs/msg/entity.hpp
[1.605s] -- Up-to-date: /home/dia/ros2_ws/install/micro_ros_msgs/include/micro_ros_msgs/micro_ros_msgs/msg/detail
[1.605s] -- Up-to-date: /home/dia/ros2_ws/install/micro_ros_msgs/include/micro_ros_msgs/micro_ros_msgs/msg/detail/entity__builder.hpp
[1.605s] -- Up-to-date: /home/dia/ros2_ws/install/micro_ros_msgs/include/micro_ros_msgs/micro_ros_msgs/msg/detail/entity__traits.hpp
[1.605s] -- Up-to-date: /home/dia/ros2_ws/install/micro_ros_msgs/include/micro_ros_msgs/micro_ros_msgs/msg/detail/node__builder.hpp
[1.606s] -- Up-to-date: /home/dia/ros2_ws/install/micro_ros_msgs/include/micro_ros_msgs/micro_ros_msgs/msg/detail/graph__builder.hpp
[1.606s] -- Up-to-date: /home/dia/ros2_ws/install/micro_ros_msgs/include/micro_ros_msgs/micro_ros_msgs/msg/detail/entity__struct.hpp
[1.606s] -- Up-to-date: /home/dia/ros2_ws/install/micro_ros_msgs/include/micro_ros_msgs/micro_ros_msgs/msg/detail/graph__traits.hpp
[1.606s] -- Up-to-date: /home/dia/ros2_ws/install/micro_ros_msgs/include/micro_ros_msgs/micro_ros_msgs/msg/detail/node__traits.hpp
[1.607s] -- Up-to-date: /home/dia/ros2_ws/install/micro_ros_msgs/include/micro_ros_msgs/micro_ros_msgs/msg/detail/node__struct.hpp
[1.607s] -- Up-to-date: /home/dia/ros2_ws/install/micro_ros_msgs/include/micro_ros_msgs/micro_ros_msgs/msg/detail/graph__struct.hpp
[1.607s] -- Up-to-date: /home/dia/ros2_ws/install/micro_ros_msgs/include/micro_ros_msgs/micro_ros_msgs/msg/node.hpp
[1.607s] -- Up-to-date: /home/dia/ros2_ws/install/micro_ros_msgs/include/micro_ros_msgs/micro_ros_msgs/msg/graph.hpp
[1.607s] -- Up-to-date: /home/dia/ros2_ws/install/micro_ros_msgs/include/micro_ros_msgs/micro_ros_msgs
[1.607s] -- Up-to-date: /home/dia/ros2_ws/install/micro_ros_msgs/include/micro_ros_msgs/micro_ros_msgs/msg
[1.608s] -- Up-to-date: /home/dia/ros2_ws/install/micro_ros_msgs/include/micro_ros_msgs/micro_ros_msgs/msg/detail
[1.608s] -- Up-to-date: /home/dia/ros2_ws/install/micro_ros_msgs/include/micro_ros_msgs/micro_ros_msgs/msg/detail/dds_fastrtps
[1.608s] -- Up-to-date: /home/dia/ros2_ws/install/micro_ros_msgs/include/micro_ros_msgs/micro_ros_msgs/msg/detail/entity__rosidl_typesupport_fastrtps_cpp.hpp
[1.608s] -- Up-to-date: /home/dia/ros2_ws/install/micro_ros_msgs/include/micro_ros_msgs/micro_ros_msgs/msg/detail/graph__rosidl_typesupport_fastrtps_cpp.hpp
[1.608s] -- Up-to-date: /home/dia/ros2_ws/install/micro_ros_msgs/include/micro_ros_msgs/micro_ros_msgs/msg/detail/node__rosidl_typesupport_fastrtps_cpp.hpp
[1.608s] -- Up-to-date: /home/dia/ros2_ws/install/micro_ros_msgs/include/micro_ros_msgs/micro_ros_msgs/msg/rosidl_typesupport_fastrtps_cpp__visibility_control.h
[1.608s] -- Up-to-date: /home/dia/ros2_ws/install/micro_ros_msgs/lib/libmicro_ros_msgs__rosidl_typesupport_fastrtps_cpp.so
[1.608s] -- Up-to-date: /home/dia/ros2_ws/install/micro_ros_msgs/include/micro_ros_msgs/micro_ros_msgs
[1.608s] -- Up-to-date: /home/dia/ros2_ws/install/micro_ros_msgs/include/micro_ros_msgs/micro_ros_msgs/msg
[1.609s] -- Up-to-date: /home/dia/ros2_ws/install/micro_ros_msgs/include/micro_ros_msgs/micro_ros_msgs/msg/detail
[1.609s] -- Up-to-date: /home/dia/ros2_ws/install/micro_ros_msgs/include/micro_ros_msgs/micro_ros_msgs/msg/detail/graph__rosidl_typesupport_introspection_cpp.hpp
[1.609s] -- Up-to-date: /home/dia/ros2_ws/install/micro_ros_msgs/include/micro_ros_msgs/micro_ros_msgs/msg/detail/graph__type_support.cpp
[1.609s] -- Up-to-date: /home/dia/ros2_ws/install/micro_ros_msgs/include/micro_ros_msgs/micro_ros_msgs/msg/detail/entity__type_support.cpp
[1.609s] -- Up-to-date: /home/dia/ros2_ws/install/micro_ros_msgs/include/micro_ros_msgs/micro_ros_msgs/msg/detail/node__rosidl_typesupport_introspection_cpp.hpp
[1.609s] -- Up-to-date: /home/dia/ros2_ws/install/micro_ros_msgs/include/micro_ros_msgs/micro_ros_msgs/msg/detail/node__type_support.cpp
[1.609s] -- Up-to-date: /home/dia/ros2_ws/install/micro_ros_msgs/include/micro_ros_msgs/micro_ros_msgs/msg/detail/entity__rosidl_typesupport_introspection_cpp.hpp
[1.609s] -- Up-to-date: /home/dia/ros2_ws/install/micro_ros_msgs/lib/libmicro_ros_msgs__rosidl_typesupport_introspection_cpp.so
[1.610s] -- Up-to-date: /home/dia/ros2_ws/install/micro_ros_msgs/lib/libmicro_ros_msgs__rosidl_typesupport_cpp.so
[1.610s] -- Up-to-date: /home/dia/ros2_ws/install/micro_ros_msgs/share/micro_ros_msgs/environment/pythonpath.sh
[1.610s] -- Up-to-date: /home/dia/ros2_ws/install/micro_ros_msgs/share/micro_ros_msgs/environment/pythonpath.dsv
[1.610s] -- Up-to-date: /home/dia/ros2_ws/install/micro_ros_msgs/local/lib/python3.10/dist-packages/micro_ros_msgs-3.0.1-py3.10.egg-info
[1.610s] -- Installing: /home/dia/ros2_ws/install/micro_ros_msgs/local/lib/python3.10/dist-packages/micro_ros_msgs-3.0.1-py3.10.egg-info/PKG-INFO
[1.610s] -- Installing: /home/dia/ros2_ws/install/micro_ros_msgs/local/lib/python3.10/dist-packages/micro_ros_msgs-3.0.1-py3.10.egg-info/top_level.txt
[1.610s] -- Installing: /home/dia/ros2_ws/install/micro_ros_msgs/local/lib/python3.10/dist-packages/micro_ros_msgs-3.0.1-py3.10.egg-info/dependency_links.txt
[1.610s] -- Installing: /home/dia/ros2_ws/install/micro_ros_msgs/local/lib/python3.10/dist-packages/micro_ros_msgs-3.0.1-py3.10.egg-info/SOURCES.txt
[1.610s] -- Up-to-date: /home/dia/ros2_ws/install/micro_ros_msgs/local/lib/python3.10/dist-packages/micro_ros_msgs
[1.611s] -- Up-to-date: /home/dia/ros2_ws/install/micro_ros_msgs/local/lib/python3.10/dist-packages/micro_ros_msgs/micro_ros_msgs_s__rosidl_typesupport_fastrtps_c.cpython-310-aarch64-linux-gnu.so
[1.611s] -- Up-to-date: /home/dia/ros2_ws/install/micro_ros_msgs/local/lib/python3.10/dist-packages/micro_ros_msgs/libmicro_ros_msgs__rosidl_generator_py.so
[1.611s] -- Up-to-date: /home/dia/ros2_ws/install/micro_ros_msgs/local/lib/python3.10/dist-packages/micro_ros_msgs/_micro_ros_msgs_s.ep.rosidl_typesupport_fastrtps_c.c
[1.611s] -- Up-to-date: /home/dia/ros2_ws/install/micro_ros_msgs/local/lib/python3.10/dist-packages/micro_ros_msgs/msg
[1.611s] -- Up-to-date: /home/dia/ros2_ws/install/micro_ros_msgs/local/lib/python3.10/dist-packages/micro_ros_msgs/msg/_graph.py
[1.611s] -- Up-to-date: /home/dia/ros2_ws/install/micro_ros_msgs/local/lib/python3.10/dist-packages/micro_ros_msgs/msg/_entity.py
[1.611s] -- Up-to-date: /home/dia/ros2_ws/install/micro_ros_msgs/local/lib/python3.10/dist-packages/micro_ros_msgs/msg/_entity_s.c
[1.612s] -- Up-to-date: /home/dia/ros2_ws/install/micro_ros_msgs/local/lib/python3.10/dist-packages/micro_ros_msgs/msg/_node.py
[1.612s] -- Up-to-date: /home/dia/ros2_ws/install/micro_ros_msgs/local/lib/python3.10/dist-packages/micro_ros_msgs/msg/__init__.py
[1.612s] -- Up-to-date: /home/dia/ros2_ws/install/micro_ros_msgs/local/lib/python3.10/dist-packages/micro_ros_msgs/msg/_graph_s.c
[1.612s] -- Up-to-date: /home/dia/ros2_ws/install/micro_ros_msgs/local/lib/python3.10/dist-packages/micro_ros_msgs/msg/_node_s.c
[1.612s] -- Up-to-date: /home/dia/ros2_ws/install/micro_ros_msgs/local/lib/python3.10/dist-packages/micro_ros_msgs/_micro_ros_msgs_s.ep.rosidl_typesupport_introspection_c.c
[1.613s] -- Up-to-date: /home/dia/ros2_ws/install/micro_ros_msgs/local/lib/python3.10/dist-packages/micro_ros_msgs/micro_ros_msgs_s__rosidl_typesupport_c.cpython-310-aarch64-linux-gnu.so
[1.613s] -- Up-to-date: /home/dia/ros2_ws/install/micro_ros_msgs/local/lib/python3.10/dist-packages/micro_ros_msgs/micro_ros_msgs_s__rosidl_typesupport_introspection_c.cpython-310-aarch64-linux-gnu.so
[1.613s] -- Up-to-date: /home/dia/ros2_ws/install/micro_ros_msgs/local/lib/python3.10/dist-packages/micro_ros_msgs/_micro_ros_msgs_s.ep.rosidl_typesupport_c.c
[1.613s] -- Up-to-date: /home/dia/ros2_ws/install/micro_ros_msgs/local/lib/python3.10/dist-packages/micro_ros_msgs/__init__.py
[1.674s] Listing '/home/dia/ros2_ws/install/micro_ros_msgs/local/lib/python3.10/dist-packages/micro_ros_msgs'...
[1.674s] Listing '/home/dia/ros2_ws/install/micro_ros_msgs/local/lib/python3.10/dist-packages/micro_ros_msgs/msg'...
[1.681s] -- Up-to-date: /home/dia/ros2_ws/install/micro_ros_msgs/local/lib/python3.10/dist-packages/micro_ros_msgs/micro_ros_msgs_s__rosidl_typesupport_fastrtps_c.cpython-310-aarch64-linux-gnu.so
[1.682s] -- Up-to-date: /home/dia/ros2_ws/install/micro_ros_msgs/local/lib/python3.10/dist-packages/micro_ros_msgs/micro_ros_msgs_s__rosidl_typesupport_introspection_c.cpython-310-aarch64-linux-gnu.so
[1.683s] -- Up-to-date: /home/dia/ros2_ws/install/micro_ros_msgs/local/lib/python3.10/dist-packages/micro_ros_msgs/micro_ros_msgs_s__rosidl_typesupport_c.cpython-310-aarch64-linux-gnu.so
[1.684s] -- Up-to-date: /home/dia/ros2_ws/install/micro_ros_msgs/lib/libmicro_ros_msgs__rosidl_generator_py.so
[1.685s] -- Up-to-date: /home/dia/ros2_ws/install/micro_ros_msgs/share/micro_ros_msgs/msg/Graph.idl
[1.685s] -- Up-to-date: /home/dia/ros2_ws/install/micro_ros_msgs/share/micro_ros_msgs/msg/Node.idl
[1.685s] -- Up-to-date: /home/dia/ros2_ws/install/micro_ros_msgs/share/micro_ros_msgs/msg/Entity.idl
[1.686s] -- Up-to-date: /home/dia/ros2_ws/install/micro_ros_msgs/share/micro_ros_msgs/msg/Graph.msg
[1.686s] -- Up-to-date: /home/dia/ros2_ws/install/micro_ros_msgs/share/micro_ros_msgs/msg/Node.msg
[1.687s] -- Up-to-date: /home/dia/ros2_ws/install/micro_ros_msgs/share/micro_ros_msgs/msg/Entity.msg
[1.687s] -- Up-to-date: /home/dia/ros2_ws/install/micro_ros_msgs/share/ament_index/resource_index/package_run_dependencies/micro_ros_msgs
[1.688s] -- Up-to-date: /home/dia/ros2_ws/install/micro_ros_msgs/share/ament_index/resource_index/parent_prefix_path/micro_ros_msgs
[1.688s] -- Up-to-date: /home/dia/ros2_ws/install/micro_ros_msgs/share/micro_ros_msgs/environment/ament_prefix_path.sh
[1.688s] -- Up-to-date: /home/dia/ros2_ws/install/micro_ros_msgs/share/micro_ros_msgs/environment/ament_prefix_path.dsv
[1.688s] -- Up-to-date: /home/dia/ros2_ws/install/micro_ros_msgs/share/micro_ros_msgs/environment/path.sh
[1.689s] -- Up-to-date: /home/dia/ros2_ws/install/micro_ros_msgs/share/micro_ros_msgs/environment/path.dsv
[1.689s] -- Up-to-date: /home/dia/ros2_ws/install/micro_ros_msgs/share/micro_ros_msgs/local_setup.bash
[1.689s] -- Up-to-date: /home/dia/ros2_ws/install/micro_ros_msgs/share/micro_ros_msgs/local_setup.sh
[1.689s] -- Up-to-date: /home/dia/ros2_ws/install/micro_ros_msgs/share/micro_ros_msgs/local_setup.zsh
[1.689s] -- Up-to-date: /home/dia/ros2_ws/install/micro_ros_msgs/share/micro_ros_msgs/local_setup.dsv
[1.690s] -- Installing: /home/dia/ros2_ws/install/micro_ros_msgs/share/micro_ros_msgs/package.dsv
[1.690s] -- Up-to-date: /home/dia/ros2_ws/install/micro_ros_msgs/share/ament_index/resource_index/packages/micro_ros_msgs
[1.690s] -- Up-to-date: /home/dia/ros2_ws/install/micro_ros_msgs/share/micro_ros_msgs/cmake/export_micro_ros_msgs__rosidl_generator_cExport.cmake
[1.690s] -- Up-to-date: /home/dia/ros2_ws/install/micro_ros_msgs/share/micro_ros_msgs/cmake/export_micro_ros_msgs__rosidl_generator_cExport-noconfig.cmake
[1.691s] -- Up-to-date: /home/dia/ros2_ws/install/micro_ros_msgs/share/micro_ros_msgs/cmake/export_micro_ros_msgs__rosidl_typesupport_fastrtps_cExport.cmake
[1.691s] -- Up-to-date: /home/dia/ros2_ws/install/micro_ros_msgs/share/micro_ros_msgs/cmake/export_micro_ros_msgs__rosidl_typesupport_fastrtps_cExport-noconfig.cmake
[1.691s] -- Up-to-date: /home/dia/ros2_ws/install/micro_ros_msgs/share/micro_ros_msgs/cmake/micro_ros_msgs__rosidl_typesupport_introspection_cExport.cmake
[1.691s] -- Up-to-date: /home/dia/ros2_ws/install/micro_ros_msgs/share/micro_ros_msgs/cmake/micro_ros_msgs__rosidl_typesupport_introspection_cExport-noconfig.cmake
[1.691s] -- Up-to-date: /home/dia/ros2_ws/install/micro_ros_msgs/share/micro_ros_msgs/cmake/micro_ros_msgs__rosidl_typesupport_cExport.cmake
[1.692s] -- Up-to-date: /home/dia/ros2_ws/install/micro_ros_msgs/share/micro_ros_msgs/cmake/micro_ros_msgs__rosidl_typesupport_cExport-noconfig.cmake
[1.692s] -- Up-to-date: /home/dia/ros2_ws/install/micro_ros_msgs/share/micro_ros_msgs/cmake/export_micro_ros_msgs__rosidl_generator_cppExport.cmake
[1.692s] -- Up-to-date: /home/dia/ros2_ws/install/micro_ros_msgs/share/micro_ros_msgs/cmake/export_micro_ros_msgs__rosidl_typesupport_fastrtps_cppExport.cmake
[1.692s] -- Up-to-date: /home/dia/ros2_ws/install/micro_ros_msgs/share/micro_ros_msgs/cmake/export_micro_ros_msgs__rosidl_typesupport_fastrtps_cppExport-noconfig.cmake
[1.693s] -- Up-to-date: /home/dia/ros2_ws/install/micro_ros_msgs/share/micro_ros_msgs/cmake/micro_ros_msgs__rosidl_typesupport_introspection_cppExport.cmake
[1.693s] -- Up-to-date: /home/dia/ros2_ws/install/micro_ros_msgs/share/micro_ros_msgs/cmake/micro_ros_msgs__rosidl_typesupport_introspection_cppExport-noconfig.cmake
[1.693s] -- Up-to-date: /home/dia/ros2_ws/install/micro_ros_msgs/share/micro_ros_msgs/cmake/micro_ros_msgs__rosidl_typesupport_cppExport.cmake
[1.693s] -- Up-to-date: /home/dia/ros2_ws/install/micro_ros_msgs/share/micro_ros_msgs/cmake/micro_ros_msgs__rosidl_typesupport_cppExport-noconfig.cmake
[1.693s] -- Up-to-date: /home/dia/ros2_ws/install/micro_ros_msgs/share/micro_ros_msgs/cmake/export_micro_ros_msgs__rosidl_generator_pyExport.cmake
[1.693s] -- Up-to-date: /home/dia/ros2_ws/install/micro_ros_msgs/share/micro_ros_msgs/cmake/export_micro_ros_msgs__rosidl_generator_pyExport-noconfig.cmake
[1.694s] -- Up-to-date: /home/dia/ros2_ws/install/micro_ros_msgs/share/micro_ros_msgs/cmake/rosidl_cmake-extras.cmake
[1.694s] -- Up-to-date: /home/dia/ros2_ws/install/micro_ros_msgs/share/micro_ros_msgs/cmake/ament_cmake_export_include_directories-extras.cmake
[1.694s] -- Up-to-date: /home/dia/ros2_ws/install/micro_ros_msgs/share/micro_ros_msgs/cmake/ament_cmake_export_libraries-extras.cmake
[1.694s] -- Up-to-date: /home/dia/ros2_ws/install/micro_ros_msgs/share/micro_ros_msgs/cmake/ament_cmake_export_targets-extras.cmake
[1.694s] -- Up-to-date: /home/dia/ros2_ws/install/micro_ros_msgs/share/micro_ros_msgs/cmake/rosidl_cmake_export_typesupport_targets-extras.cmake
[1.694s] -- Up-to-date: /home/dia/ros2_ws/install/micro_ros_msgs/share/micro_ros_msgs/cmake/ament_cmake_export_dependencies-extras.cmake
[1.694s] -- Up-to-date: /home/dia/ros2_ws/install/micro_ros_msgs/share/micro_ros_msgs/cmake/rosidl_cmake_export_typesupport_libraries-extras.cmake
[1.695s] -- Up-to-date: /home/dia/ros2_ws/install/micro_ros_msgs/share/micro_ros_msgs/cmake/micro_ros_msgsConfig.cmake
[1.695s] -- Up-to-date: /home/dia/ros2_ws/install/micro_ros_msgs/share/micro_ros_msgs/cmake/micro_ros_msgsConfig-version.cmake
[1.695s] -- Up-to-date: /home/dia/ros2_ws/install/micro_ros_msgs/share/micro_ros_msgs/package.xml
[1.700s] Invoked command in '/home/dia/ros2_ws/build/micro_ros_msgs' returned '0': CMAKE_PREFIX_PATH=/home/dia/ros2_ws/install/simulation:/home/dia/ros2_ws/install/servo_control_node:/home/dia/ros2_ws/install/esp32_motor_control:/opt/ros/humble:/home/dia/ros2_ws/install/my_robot_control:/home/dia/ros2_ws/install/micro_ros_setup:/home/dia/ros2_ws/install/micro_ros_agent:/home/dia/ros2_ws/install/micro_ros_msgs /usr/bin/cmake --install /home/dia/ros2_ws/build/micro_ros_msgs
