[0.020s] Invoking command in '/home/dia/ros2_ws/build/my_robot_control': /usr/bin/cmake /home/dia/ros2_ws/src/my_robot_control -DCMAKE_INSTALL_PREFIX=/home/dia/ros2_ws/install/my_robot_control
[0.151s] -- The C compiler identification is GNU 11.4.0
[0.290s] -- The CXX compiler identification is GNU 11.4.0
[0.321s] -- Detecting C compiler ABI info
[0.505s] -- Detecting C compiler ABI info - done
[0.530s] -- Check for working C compiler: /usr/bin/cc - skipped
[0.533s] -- Detecting C compile features
[0.535s] -- Detecting C compile features - done
[0.547s] -- Detecting CXX compiler ABI info
[0.846s] -- Detecting CXX compiler ABI info - done
[0.863s] -- Check for working CXX compiler: /usr/bin/c++ - skipped
[0.864s] -- Detecting CXX compile features
[0.866s] -- Detecting CXX compile features - done
[0.875s] -- Found ament_cmake: 1.3.10 (/opt/ros/humble/share/ament_cmake/cmake)
[1.239s] -- Found Python3: /usr/bin/python3 (found version "3.10.12") found components: Interpreter 
[1.459s] -- Found rclpy: 3.3.14 (/opt/ros/humble/share/rclpy/cmake)
[1.576s] Error parsing '/home/dia/ros2_ws/src/my_robot_control/package.xml':
[1.671s] Traceback (most recent call last):
[1.671s]   File "/opt/ros/humble/share/ament_cmake_core/cmake/core/package_xml_2_cmake.py", line 150, in <module>
[1.672s]     main()
[1.672s]   File "/opt/ros/humble/share/ament_cmake_core/cmake/core/package_xml_2_cmake.py", line 53, in main
[1.672s]     raise e
[1.672s]   File "/opt/ros/humble/share/ament_cmake_core/cmake/core/package_xml_2_cmake.py", line 49, in main
[1.672s]     package = parse_package_string(
[1.672s]   File "/usr/lib/python3/dist-packages/catkin_pkg/package.py", line 786, in parse_package_string
[1.673s]     raise InvalidPackage('Error(s):%s' % (''.join(['\n- %s' % e for e in errors])), filename)
[1.673s] catkin_pkg.package.InvalidPackage: Error(s) in package '/home/dia/ros2_ws/src/my_robot_control/package.xml':
[1.673s] Error(s):
[1.674s] - The manifest of package "my_robot_control" (with format version 2) must not contain the following tags: build_type
[1.715s] [31mCMake Error at /opt/ros/humble/share/ament_cmake_core/cmake/core/ament_package_xml.cmake:95 (message):
[1.715s]   execute_process(/usr/bin/python3
[1.715s]   /opt/ros/humble/share/ament_cmake_core/cmake/core/package_xml_2_cmake.py
[1.715s]   /home/dia/ros2_ws/src/my_robot_control/package.xml
[1.715s]   /home/dia/ros2_ws/build/my_robot_control/ament_cmake_core/package.cmake)
[1.715s]   returned error code 1
[1.715s] Call Stack (most recent call first):
[1.716s]   /opt/ros/humble/share/ament_cmake_core/cmake/core/ament_package_xml.cmake:49 (_ament_package_xml)
[1.716s]   /opt/ros/humble/share/ament_cmake_core/cmake/core/ament_package.cmake:63 (ament_package_xml)
[1.716s]   CMakeLists.txt:12 (ament_package)
[1.716s] 
[1.717s] [0m
[1.717s] -- Configuring incomplete, errors occurred!
[1.717s] See also "/home/dia/ros2_ws/build/my_robot_control/CMakeFiles/CMakeOutput.log".
[1.735s] Invoked command in '/home/dia/ros2_ws/build/my_robot_control' returned '1': /usr/bin/cmake /home/dia/ros2_ws/src/my_robot_control -DCMAKE_INSTALL_PREFIX=/home/dia/ros2_ws/install/my_robot_control
