[4.139s] Invoking command in '/home/dia/ros2_ws/src/cam_yolo': PYTHONPATH=/home/dia/ros2_ws/src/build/cam_yolo/prefix_override:/usr/lib/python3/dist-packages/colcon_core/task/python/colcon_distutils_commands:/home/dia/ros2_ws/src/install/cam_yolo/lib/python3.10/site-packages:${PYTHONPATH} /usr/bin/python3 -W ignore:setup.py install is deprecated setup.py egg_info --egg-base ../build/cam_yolo build --build-base /home/dia/ros2_ws/src/build/cam_yolo/build install --record /home/dia/ros2_ws/src/build/cam_yolo/install.log --single-version-externally-managed install_data
[4.564s] /home/dia/.local/lib/python3.10/site-packages/setuptools/_distutils/dist.py:261: UserWarning: Unknown distribution option: 'tests_require'
[4.564s]   warnings.warn(msg)
[4.923s] running egg_info
[4.981s] writing ../build/cam_yolo/cam_yolo.egg-info/PKG-INFO
[4.982s] writing dependency_links to ../build/cam_yolo/cam_yolo.egg-info/dependency_links.txt
[4.983s] writing entry points to ../build/cam_yolo/cam_yolo.egg-info/entry_points.txt
[4.983s] writing requirements to ../build/cam_yolo/cam_yolo.egg-info/requires.txt
[4.984s] writing top-level names to ../build/cam_yolo/cam_yolo.egg-info/top_level.txt
[5.412s] reading manifest file '../build/cam_yolo/cam_yolo.egg-info/SOURCES.txt'
[5.415s] writing manifest file '../build/cam_yolo/cam_yolo.egg-info/SOURCES.txt'
[5.415s] running build
[5.415s] running build_py
[5.416s] copying cam_yolo/__init__.py -> /home/dia/ros2_ws/src/build/cam_yolo/build/lib/cam_yolo
[5.416s] copying cam_yolo/cam_yolo_node.py -> /home/dia/ros2_ws/src/build/cam_yolo/build/lib/cam_yolo
[5.417s] running install
[5.428s] running install_lib
[5.480s] copying /home/dia/ros2_ws/src/build/cam_yolo/build/lib/cam_yolo/cam_yolo_node.py -> /home/dia/ros2_ws/src/install/cam_yolo/lib/python3.10/site-packages/cam_yolo
[5.482s] byte-compiling /home/dia/ros2_ws/src/install/cam_yolo/lib/python3.10/site-packages/cam_yolo/cam_yolo_node.py to cam_yolo_node.cpython-310.pyc
[5.484s] running install_data
[5.484s] copying resource/cam_yolo -> /home/dia/ros2_ws/src/install/cam_yolo/share/ament_index/resource_index/packages
[5.485s] copying package.xml -> /home/dia/ros2_ws/src/install/cam_yolo/share/cam_yolo
[5.485s] running install_egg_info
[5.542s] removing '/home/dia/ros2_ws/src/install/cam_yolo/lib/python3.10/site-packages/cam_yolo-0.0.0-py3.10.egg-info' (and everything under it)
[5.542s] Copying ../build/cam_yolo/cam_yolo.egg-info to /home/dia/ros2_ws/src/install/cam_yolo/lib/python3.10/site-packages/cam_yolo-0.0.0-py3.10.egg-info
[5.544s] running install_scripts
[5.672s] Installing cam_yolo_node script to /home/dia/ros2_ws/src/install/cam_yolo/lib/cam_yolo
[5.673s] writing list of installed files to '/home/dia/ros2_ws/src/build/cam_yolo/install.log'
