[2.230s] Invoking command in '/home/dia/ros2_ws/src/esp32_motor_control': PYTHONPATH=/home/dia/ros2_ws/build/esp32_motor_control/prefix_override:/usr/lib/python3/dist-packages/colcon_core/task/python/colcon_distutils_commands:/home/dia/ros2_ws/install/esp32_motor_control/lib/python3.10/site-packages:${PYTHONPATH} /usr/bin/python3 -W ignore:setup.py install is deprecated setup.py egg_info --egg-base ../../build/esp32_motor_control build --build-base /home/dia/ros2_ws/build/esp32_motor_control/build install --record /home/dia/ros2_ws/build/esp32_motor_control/install.log --single-version-externally-managed install_data
[2.762s] running egg_info
[2.763s] writing ../../build/esp32_motor_control/esp32_motor_control.egg-info/PKG-INFO
[2.764s] writing dependency_links to ../../build/esp32_motor_control/esp32_motor_control.egg-info/dependency_links.txt
[2.764s] writing entry points to ../../build/esp32_motor_control/esp32_motor_control.egg-info/entry_points.txt
[2.764s] writing requirements to ../../build/esp32_motor_control/esp32_motor_control.egg-info/requires.txt
[2.765s] writing top-level names to ../../build/esp32_motor_control/esp32_motor_control.egg-info/top_level.txt
[2.769s] reading manifest file '../../build/esp32_motor_control/esp32_motor_control.egg-info/SOURCES.txt'
[2.770s] writing manifest file '../../build/esp32_motor_control/esp32_motor_control.egg-info/SOURCES.txt'
[2.771s] running build
[2.771s] running build_py
[2.771s] running install
[2.772s] running install_lib
[2.775s] running install_data
[2.775s] running install_egg_info
[2.779s] removing '/home/dia/ros2_ws/install/esp32_motor_control/lib/python3.10/site-packages/esp32_motor_control-0.0.0-py3.10.egg-info' (and everything under it)
[2.779s] Copying ../../build/esp32_motor_control/esp32_motor_control.egg-info to /home/dia/ros2_ws/install/esp32_motor_control/lib/python3.10/site-packages/esp32_motor_control-0.0.0-py3.10.egg-info
[2.781s] running install_scripts
[2.826s] Installing motor_control_node script to /home/dia/ros2_ws/install/esp32_motor_control/lib/esp32_motor_control
[2.827s] writing list of installed files to '/home/dia/ros2_ws/build/esp32_motor_control/install.log'
[2.903s] Invoked command in '/home/dia/ros2_ws/src/esp32_motor_control' returned '0': PYTHONPATH=/home/dia/ros2_ws/build/esp32_motor_control/prefix_override:/usr/lib/python3/dist-packages/colcon_core/task/python/colcon_distutils_commands:/home/dia/ros2_ws/install/esp32_motor_control/lib/python3.10/site-packages:${PYTHONPATH} /usr/bin/python3 -W ignore:setup.py install is deprecated setup.py egg_info --egg-base ../../build/esp32_motor_control build --build-base /home/dia/ros2_ws/build/esp32_motor_control/build install --record /home/dia/ros2_ws/build/esp32_motor_control/install.log --single-version-externally-managed install_data
