/home/dia/.local/lib/python3.10/site-packages/setuptools/_distutils/dist.py:261: UserWarning: Unknown distribution option: 'tests_require'
  warnings.warn(msg)
running egg_info
creating ../build/esp32_cam_stream/esp32_cam_stream.egg-info
writing ../build/esp32_cam_stream/esp32_cam_stream.egg-info/PKG-INFO
writing dependency_links to ../build/esp32_cam_stream/esp32_cam_stream.egg-info/dependency_links.txt
writing entry points to ../build/esp32_cam_stream/esp32_cam_stream.egg-info/entry_points.txt
writing requirements to ../build/esp32_cam_stream/esp32_cam_stream.egg-info/requires.txt
writing top-level names to ../build/esp32_cam_stream/esp32_cam_stream.egg-info/top_level.txt
writing manifest file '../build/esp32_cam_stream/esp32_cam_stream.egg-info/SOURCES.txt'
reading manifest file '../build/esp32_cam_stream/esp32_cam_stream.egg-info/SOURCES.txt'
writing manifest file '../build/esp32_cam_stream/esp32_cam_stream.egg-info/SOURCES.txt'
running build
running build_py
creating /home/dia/ros2_ws/src/build/esp32_cam_stream/build
creating /home/dia/ros2_ws/src/build/esp32_cam_stream/build/lib
creating /home/dia/ros2_ws/src/build/esp32_cam_stream/build/lib/esp32_cam_stream
copying esp32_cam_stream/__init__.py -> /home/dia/ros2_ws/src/build/esp32_cam_stream/build/lib/esp32_cam_stream
copying esp32_cam_stream/esp32_cam_node.py -> /home/dia/ros2_ws/src/build/esp32_cam_stream/build/lib/esp32_cam_stream
running install
running install_lib
creating /home/dia/ros2_ws/src/install/esp32_cam_stream/lib/python3.10/site-packages/esp32_cam_stream
copying /home/dia/ros2_ws/src/build/esp32_cam_stream/build/lib/esp32_cam_stream/__init__.py -> /home/dia/ros2_ws/src/install/esp32_cam_stream/lib/python3.10/site-packages/esp32_cam_stream
copying /home/dia/ros2_ws/src/build/esp32_cam_stream/build/lib/esp32_cam_stream/esp32_cam_node.py -> /home/dia/ros2_ws/src/install/esp32_cam_stream/lib/python3.10/site-packages/esp32_cam_stream
byte-compiling /home/dia/ros2_ws/src/install/esp32_cam_stream/lib/python3.10/site-packages/esp32_cam_stream/__init__.py to __init__.cpython-310.pyc
byte-compiling /home/dia/ros2_ws/src/install/esp32_cam_stream/lib/python3.10/site-packages/esp32_cam_stream/esp32_cam_node.py to esp32_cam_node.cpython-310.pyc
running install_data
creating /home/dia/ros2_ws/src/install/esp32_cam_stream/share/ament_index
creating /home/dia/ros2_ws/src/install/esp32_cam_stream/share/ament_index/resource_index
creating /home/dia/ros2_ws/src/install/esp32_cam_stream/share/ament_index/resource_index/packages
copying resource/esp32_cam_stream -> /home/dia/ros2_ws/src/install/esp32_cam_stream/share/ament_index/resource_index/packages
copying package.xml -> /home/dia/ros2_ws/src/install/esp32_cam_stream/share/esp32_cam_stream
running install_egg_info
Copying ../build/esp32_cam_stream/esp32_cam_stream.egg-info to /home/dia/ros2_ws/src/install/esp32_cam_stream/lib/python3.10/site-packages/esp32_cam_stream-0.0.0-py3.10.egg-info
running install_scripts
Installing esp32_cam_node script to /home/dia/ros2_ws/src/install/esp32_cam_stream/lib/esp32_cam_stream
writing list of installed files to '/home/dia/ros2_ws/src/build/esp32_cam_stream/install.log'
