[0.593s] Invoking command in '/home/dia/ros2_ws/src/build/my_box_bot_gazebo': CMAKE_PREFIX_PATH=${CMAKE_PREFIX_PATH}:/home/dia/arm_robot/install/cam_yolo:/home/dia/ros2_ws/install/urdf_tutorial_r2d2:/home/dia/ros2_ws/install/topic_pkg:/home/dia/ros2_ws/install/service_pkg:/home/dia/ros2_ws/install/result_publisher:/home/dia/ros2_ws/install/cam_yolo:/opt/ros/iron /usr/bin/cmake --build /home/dia/ros2_ws/src/build/my_box_bot_gazebo -- -j6 -l6
[2.777s] Invoked command in '/home/dia/ros2_ws/src/build/my_box_bot_gazebo' returned '0': CMAKE_PREFIX_PATH=${CMAKE_PREFIX_PATH}:/home/dia/arm_robot/install/cam_yolo:/home/dia/ros2_ws/install/urdf_tutorial_r2d2:/home/dia/ros2_ws/install/topic_pkg:/home/dia/ros2_ws/install/service_pkg:/home/dia/ros2_ws/install/result_publisher:/home/dia/ros2_ws/install/cam_yolo:/opt/ros/iron /usr/bin/cmake --build /home/dia/ros2_ws/src/build/my_box_bot_gazebo -- -j6 -l6
[2.851s] Invoking command in '/home/dia/ros2_ws/src/build/my_box_bot_gazebo': CMAKE_PREFIX_PATH=${CMAKE_PREFIX_PATH}:/home/dia/arm_robot/install/cam_yolo:/home/dia/ros2_ws/install/urdf_tutorial_r2d2:/home/dia/ros2_ws/install/topic_pkg:/home/dia/ros2_ws/install/service_pkg:/home/dia/ros2_ws/install/result_publisher:/home/dia/ros2_ws/install/cam_yolo:/opt/ros/iron /usr/bin/cmake --install /home/dia/ros2_ws/src/build/my_box_bot_gazebo
[2.870s] -- Install configuration: ""
[2.871s] -- Up-to-date: /home/dia/ros2_ws/src/install/my_box_bot_gazebo/share/ament_index/resource_index/package_run_dependencies/my_box_bot_gazebo
[2.871s] -- Up-to-date: /home/dia/ros2_ws/src/install/my_box_bot_gazebo/share/ament_index/resource_index/parent_prefix_path/my_box_bot_gazebo
[2.872s] -- Up-to-date: /home/dia/ros2_ws/src/install/my_box_bot_gazebo/share/my_box_bot_gazebo/environment/ament_prefix_path.sh
[2.872s] -- Up-to-date: /home/dia/ros2_ws/src/install/my_box_bot_gazebo/share/my_box_bot_gazebo/environment/ament_prefix_path.dsv
[2.873s] -- Up-to-date: /home/dia/ros2_ws/src/install/my_box_bot_gazebo/share/my_box_bot_gazebo/environment/path.sh
[2.873s] -- Up-to-date: /home/dia/ros2_ws/src/install/my_box_bot_gazebo/share/my_box_bot_gazebo/environment/path.dsv
[2.874s] -- Up-to-date: /home/dia/ros2_ws/src/install/my_box_bot_gazebo/share/my_box_bot_gazebo/local_setup.bash
[2.874s] -- Up-to-date: /home/dia/ros2_ws/src/install/my_box_bot_gazebo/share/my_box_bot_gazebo/local_setup.sh
[2.875s] -- Up-to-date: /home/dia/ros2_ws/src/install/my_box_bot_gazebo/share/my_box_bot_gazebo/local_setup.zsh
[2.875s] -- Up-to-date: /home/dia/ros2_ws/src/install/my_box_bot_gazebo/share/my_box_bot_gazebo/local_setup.dsv
[2.876s] -- Installing: /home/dia/ros2_ws/src/install/my_box_bot_gazebo/share/my_box_bot_gazebo/package.dsv
[2.877s] -- Up-to-date: /home/dia/ros2_ws/src/install/my_box_bot_gazebo/share/ament_index/resource_index/packages/my_box_bot_gazebo
[2.878s] -- Up-to-date: /home/dia/ros2_ws/src/install/my_box_bot_gazebo/share/my_box_bot_gazebo/cmake/my_box_bot_gazeboConfig.cmake
[2.879s] -- Up-to-date: /home/dia/ros2_ws/src/install/my_box_bot_gazebo/share/my_box_bot_gazebo/cmake/my_box_bot_gazeboConfig-version.cmake
[2.879s] -- Up-to-date: /home/dia/ros2_ws/src/install/my_box_bot_gazebo/share/my_box_bot_gazebo/package.xml
[2.892s] Invoked command in '/home/dia/ros2_ws/src/build/my_box_bot_gazebo' returned '0': CMAKE_PREFIX_PATH=${CMAKE_PREFIX_PATH}:/home/dia/arm_robot/install/cam_yolo:/home/dia/ros2_ws/install/urdf_tutorial_r2d2:/home/dia/ros2_ws/install/topic_pkg:/home/dia/ros2_ws/install/service_pkg:/home/dia/ros2_ws/install/result_publisher:/home/dia/ros2_ws/install/cam_yolo:/opt/ros/iron /usr/bin/cmake --install /home/dia/ros2_ws/src/build/my_box_bot_gazebo
