running egg_info
creating ../build/display/display.egg-info
writing ../build/display/display.egg-info/PKG-INFO
writing dependency_links to ../build/display/display.egg-info/dependency_links.txt
writing entry points to ../build/display/display.egg-info/entry_points.txt
writing requirements to ../build/display/display.egg-info/requires.txt
writing top-level names to ../build/display/display.egg-info/top_level.txt
writing manifest file '../build/display/display.egg-info/SOURCES.txt'
reading manifest file '../build/display/display.egg-info/SOURCES.txt'
adding license file 'LICENSE'
writing manifest file '../build/display/display.egg-info/SOURCES.txt'
running build
running build_py
creating /home/dia/ros2_ws/src/build/display/build
creating /home/dia/ros2_ws/src/build/display/build/lib
creating /home/dia/ros2_ws/src/build/display/build/lib/display
copying display/__init__.py -> /home/dia/ros2_ws/src/build/display/build/lib/display
copying display/display_node.py -> /home/dia/ros2_ws/src/build/display/build/lib/display
running install
running install_lib
creating /home/dia/ros2_ws/src/install/display/lib/python3.10/site-packages/display
copying /home/dia/ros2_ws/src/build/display/build/lib/display/__init__.py -> /home/dia/ros2_ws/src/install/display/lib/python3.10/site-packages/display
copying /home/dia/ros2_ws/src/build/display/build/lib/display/display_node.py -> /home/dia/ros2_ws/src/install/display/lib/python3.10/site-packages/display
byte-compiling /home/dia/ros2_ws/src/install/display/lib/python3.10/site-packages/display/__init__.py to __init__.cpython-310.pyc
byte-compiling /home/dia/ros2_ws/src/install/display/lib/python3.10/site-packages/display/display_node.py to display_node.cpython-310.pyc
running install_data
creating /home/dia/ros2_ws/src/install/display/share/ament_index
creating /home/dia/ros2_ws/src/install/display/share/ament_index/resource_index
creating /home/dia/ros2_ws/src/install/display/share/ament_index/resource_index/packages
copying resource/display -> /home/dia/ros2_ws/src/install/display/share/ament_index/resource_index/packages
copying package.xml -> /home/dia/ros2_ws/src/install/display/share/display
running install_egg_info
Copying ../build/display/display.egg-info to /home/dia/ros2_ws/src/install/display/lib/python3.10/site-packages/display-0.0.0-py3.10.egg-info
running install_scripts
Installing display_node script to /home/dia/ros2_ws/src/install/display/lib/display
writing list of installed files to '/home/dia/ros2_ws/src/build/display/install.log'
