[0.106s] Invoking command in '/home/dia/ros2_ws/src/build/ros_gz_sim': CMAKE_PREFIX_PATH=${CMAKE_PREFIX_PATH}:/home/dia/ros2_ws/install/urdf_tutorial_r2d2:/home/dia/ros2_ws/install/topic_pkg:/home/dia/ros2_ws/install/simulation:/home/dia/ros2_ws/install/servo_control_node:/home/dia/ros2_ws/install/service_pkg:/home/dia/ros2_ws/install/result_publisher:/home/dia/ros2_ws/install/esp32_cam_stream:/home/dia/ros2_ws/install/display:/home/dia/ros2_ws/install/cam_yolo:/home/dia/ros2_ws/install/affichage:/opt/ros/humble /usr/bin/cmake /home/dia/ros2_ws/src/ros_gz/ros_gz_sim -DAMENT_CMAKE_SYMLINK_INSTALL=1 -DCMAKE_INSTALL_PREFIX=/home/dia/ros2_ws/src/install/ros_gz_sim
[1.842s] -- Found ament_cmake: 1.3.10 (/opt/ros/humble/share/ament_cmake/cmake)
[1.842s] -- Override CMake install command with custom implementation using symlinks instead of copying resources
[1.842s] -- Found rclcpp: 16.0.10 (/opt/ros/humble/share/rclcpp/cmake)
[1.843s] -- Found rosidl_generator_c: 3.1.5 (/opt/ros/humble/share/rosidl_generator_c/cmake)
[1.843s] -- Found rosidl_adapter: 3.1.5 (/opt/ros/humble/share/rosidl_adapter/cmake)
[1.843s] -- Found rosidl_generator_cpp: 3.1.5 (/opt/ros/humble/share/rosidl_generator_cpp/cmake)
[1.843s] -- Using all available rosidl_typesupport_c: rosidl_typesupport_fastrtps_c;rosidl_typesupport_introspection_c
[1.843s] -- Using all available rosidl_typesupport_cpp: rosidl_typesupport_fastrtps_cpp;rosidl_typesupport_introspection_cpp
[1.843s] -- Found rmw_implementation_cmake: 6.1.2 (/opt/ros/humble/share/rmw_implementation_cmake/cmake)
[1.843s] -- Found rmw_fastrtps_cpp: 6.2.7 (/opt/ros/humble/share/rmw_fastrtps_cpp/cmake)
[1.844s] -- Using RMW implementation 'rmw_fastrtps_cpp' as default
[1.844s] -- Found rclcpp_components: 16.0.10 (/opt/ros/humble/share/rclcpp_components/cmake)
[1.844s] -- Configuring incomplete, errors occurred!
[1.844s] See also "/home/dia/ros2_ws/src/build/ros_gz_sim/CMakeFiles/CMakeOutput.log".
[1.844s] [31mCMake Error at CMakeLists.txt:18 (find_package):
[1.844s]   By not providing "Findgz_math_vendor.cmake" in CMAKE_MODULE_PATH this
[1.844s]   project has asked CMake to find a package configuration file provided by
[1.845s]   "gz_math_vendor", but CMake did not find one.
[1.845s] 
[1.845s]   Could not find a package configuration file provided by "gz_math_vendor"
[1.845s]   with any of the following names:
[1.845s] 
[1.845s]     gz_math_vendorConfig.cmake
[1.845s]     gz_math_vendor-config.cmake
[1.846s] 
[1.846s]   Add the installation prefix of "gz_math_vendor" to CMAKE_PREFIX_PATH or set
[1.846s]   "gz_math_vendor_DIR" to a directory containing one of the above files.  If
[1.846s]   "gz_math_vendor" provides a separate development package or SDK, be sure it
[1.846s]   has been installed.
[1.846s] 
[1.846s] [0m
[2.404s] Invoked command in '/home/dia/ros2_ws/src/build/ros_gz_sim' returned '1': CMAKE_PREFIX_PATH=${CMAKE_PREFIX_PATH}:/home/dia/ros2_ws/install/urdf_tutorial_r2d2:/home/dia/ros2_ws/install/topic_pkg:/home/dia/ros2_ws/install/simulation:/home/dia/ros2_ws/install/servo_control_node:/home/dia/ros2_ws/install/service_pkg:/home/dia/ros2_ws/install/result_publisher:/home/dia/ros2_ws/install/esp32_cam_stream:/home/dia/ros2_ws/install/display:/home/dia/ros2_ws/install/cam_yolo:/home/dia/ros2_ws/install/affichage:/opt/ros/humble /usr/bin/cmake /home/dia/ros2_ws/src/ros_gz/ros_gz_sim -DAMENT_CMAKE_SYMLINK_INSTALL=1 -DCMAKE_INSTALL_PREFIX=/home/dia/ros2_ws/src/install/ros_gz_sim
