[0.071s] Invoking command in '/home/dia/ros2_ws/src/build/ros_gz_interfaces': CMAKE_PREFIX_PATH=/home/dia/ros2_ws/install/yolo_detection:/home/dia/ros2_ws/install/urdf_tutorial_r2d2:/home/dia/ros2_ws/install/topic_pkg:/home/dia/ros2_ws/install/service_pkg:/home/dia/ros2_ws/install/result_publisher:/home/dia/ros2_ws/install/esp32_cam_stream:/opt/ros/iron /usr/bin/cmake /home/dia/ros2_ws/src/ros_gz/ros_gz_interfaces -DCMAKE_INSTALL_PREFIX=/home/dia/ros2_ws/src/install/ros_gz_interfaces
[2.290s] -- The C compiler identification is GNU 11.4.0
[3.885s] -- The CXX compiler identification is GNU 11.4.0
[3.912s] -- Detecting C compiler ABI info
[4.068s] -- Detecting C compiler ABI info - done
[4.088s] -- Check for working C compiler: /usr/bin/cc - skipped
[4.101s] -- Detecting C compile features
[4.103s] -- Detecting C compile features - done
[4.114s] -- Detecting CXX compiler ABI info
[4.339s] -- Detecting CXX compiler ABI info - done
[4.366s] -- Check for working CXX compiler: /usr/bin/c++ - skipped
[4.366s] -- Detecting CXX compile features
[4.368s] -- Detecting CXX compile features - done
[4.385s] -- Found ament_cmake: 2.0.6 (/opt/ros/iron/share/ament_cmake/cmake)
[5.374s] -- Found Python3: /usr/bin/python3.10 (found version "3.10.12") found components: Interpreter 
[5.617s] -- Found builtin_interfaces: 1.6.0 (/opt/ros/iron/share/builtin_interfaces/cmake)
[5.687s] -- Found rosidl_generator_c: 4.0.1 (/opt/ros/iron/share/rosidl_generator_c/cmake)
[5.712s] -- Found rosidl_generator_cpp: 4.0.1 (/opt/ros/iron/share/rosidl_generator_cpp/cmake)
[5.745s] -- Using all available rosidl_typesupport_c: rosidl_typesupport_fastrtps_c;rosidl_typesupport_introspection_c
[5.783s] -- Using all available rosidl_typesupport_cpp: rosidl_typesupport_fastrtps_cpp;rosidl_typesupport_introspection_cpp
[5.820s] -- Found rcl_interfaces: 1.6.0 (/opt/ros/iron/share/rcl_interfaces/cmake)
[6.058s] -- Found std_msgs: 5.0.1 (/opt/ros/iron/share/std_msgs/cmake)
[6.133s] -- Found geometry_msgs: 5.0.1 (/opt/ros/iron/share/geometry_msgs/cmake)
[6.259s] -- Found rosidl_default_generators: 1.5.0 (/opt/ros/iron/share/rosidl_default_generators/cmake)
[6.302s] -- Found rosidl_adapter: 4.0.1 (/opt/ros/iron/share/rosidl_adapter/cmake)
[7.936s] -- Found ament_cmake_cppcheck: 0.14.4 (/opt/ros/iron/share/ament_cmake_cppcheck/cmake)
[7.943s] -- Found ament_cmake_cpplint: 0.14.4 (/opt/ros/iron/share/ament_cmake_cpplint/cmake)
[7.953s] -- Found ament_cmake_uncrustify: 0.14.4 (/opt/ros/iron/share/ament_cmake_uncrustify/cmake)
[7.967s] -- Found ament_cmake_ros: 0.11.2 (/opt/ros/iron/share/ament_cmake_ros/cmake)
[9.176s] -- Using all available rosidl_typesupport_c: rosidl_typesupport_fastrtps_c;rosidl_typesupport_introspection_c
[9.650s] -- Using all available rosidl_typesupport_cpp: rosidl_typesupport_fastrtps_cpp;rosidl_typesupport_introspection_cpp
[9.725s] -- Found PythonInterp: /usr/bin/python3 (found suitable version "3.10.12", minimum required is "3.6") 
[9.733s] -- Found python_cmake_module: 0.10.2 (/opt/ros/iron/share/python_cmake_module/cmake)
[9.825s] -- Found PythonLibs: /usr/lib/aarch64-linux-gnu/libpython3.10.so (found suitable version "3.10.12", minimum required is "3.5") 
[9.826s] -- Using PYTHON_EXECUTABLE: /usr/bin/python3
[9.826s] -- Using PYTHON_INCLUDE_DIRS: /usr/include/python3.10
[9.826s] -- Using PYTHON_LIBRARIES: /usr/lib/aarch64-linux-gnu/libpython3.10.so
[9.891s] -- Found PythonExtra: .so  
[10.101s] -- Found ament_cmake_flake8: 0.14.4 (/opt/ros/iron/share/ament_cmake_flake8/cmake)
[10.109s] -- Found ament_cmake_pep257: 0.14.4 (/opt/ros/iron/share/ament_cmake_pep257/cmake)
[10.151s] -- Configuring done
[10.321s] -- Generating done
[10.326s] -- Build files have been written to: /home/dia/ros2_ws/src/build/ros_gz_interfaces
