[0.221s] DEBUG:colcon:Command line arguments: ['/usr/bin/colcon', 'build']
[0.221s] DEBUG:colcon:Parsed command line arguments: Namespace(log_base=None, log_level=None, verb_name='build', build_base='build', install_base='install', merge_install=False, symlink_install=False, test_result_base=None, continue_on_error=False, executor='parallel', parallel_workers=6, event_handlers=None, ignore_user_meta=False, metas=['./colcon.meta'], base_paths=['.'], packages_ignore=None, packages_ignore_regex=None, paths=None, packages_up_to=None, packages_up_to_regex=None, packages_above=None, packages_above_and_dependencies=None, packages_above_depth=None, packages_select_by_dep=None, packages_skip_by_dep=None, packages_skip_up_to=None, packages_select_build_failed=False, packages_skip_build_finished=False, packages_select_test_failures=False, packages_skip_test_passed=False, packages_select=None, packages_skip=None, packages_select_regex=None, packages_skip_regex=None, packages_start=None, packages_end=None, allow_overriding=[], cmake_args=None, cmake_target=None, cmake_target_skip_unavailable=False, cmake_clean_cache=False, cmake_clean_first=False, cmake_force_configure=False, ament_cmake_args=None, catkin_cmake_args=None, catkin_skip_building_tests=False, verb_parser=<colcon_defaults.argument_parser.defaults.DefaultArgumentsDecorator object at 0xffff90085660>, verb_extension=<colcon_core.verb.build.BuildVerb object at 0xffff902a6f20>, main=<bound method BuildVerb.main of <colcon_core.verb.build.BuildVerb object at 0xffff902a6f20>>)
[0.599s] Level 1:colcon.colcon_core.package_discovery:discover_packages(colcon_meta) check parameters
[0.599s] Level 1:colcon.colcon_core.package_discovery:discover_packages(recursive) check parameters
[0.599s] Level 1:colcon.colcon_core.package_discovery:discover_packages(ignore) check parameters
[0.599s] Level 1:colcon.colcon_core.package_discovery:discover_packages(path) check parameters
[0.599s] Level 1:colcon.colcon_core.package_discovery:discover_packages(colcon_meta) discover
[0.600s] Level 1:colcon.colcon_core.package_discovery:discover_packages(recursive) discover
[0.600s] INFO:colcon.colcon_core.package_discovery:Crawling recursively for packages in '/home/dia/ros2_ws'
[0.600s] Level 1:colcon.colcon_core.package_identification:_identify(.) by extensions ['ignore', 'ignore_ament_install']
[0.600s] Level 1:colcon.colcon_core.package_identification:_identify(.) by extension 'ignore'
[0.600s] Level 1:colcon.colcon_core.package_identification:_identify(.) by extension 'ignore_ament_install'
[0.600s] Level 1:colcon.colcon_core.package_identification:_identify(.) by extensions ['colcon_pkg']
[0.600s] Level 1:colcon.colcon_core.package_identification:_identify(.) by extension 'colcon_pkg'
[0.601s] Level 1:colcon.colcon_core.package_identification:_identify(.) by extensions ['colcon_meta']
[0.601s] Level 1:colcon.colcon_core.package_identification:_identify(.) by extension 'colcon_meta'
[0.601s] Level 1:colcon.colcon_core.package_identification:_identify(.) by extensions ['ros']
[0.601s] Level 1:colcon.colcon_core.package_identification:_identify(.) by extension 'ros'
[0.622s] Level 1:colcon.colcon_core.package_identification:_identify(.) by extensions ['cmake', 'python']
[0.623s] Level 1:colcon.colcon_core.package_identification:_identify(.) by extension 'cmake'
[0.623s] Level 1:colcon.colcon_core.package_identification:_identify(.) by extension 'python'
[0.623s] Level 1:colcon.colcon_core.package_identification:_identify(.) by extensions ['python_setup_py']
[0.623s] Level 1:colcon.colcon_core.package_identification:_identify(.) by extension 'python_setup_py'
[0.623s] Level 1:colcon.colcon_core.package_identification:_identify(build) by extensions ['ignore', 'ignore_ament_install']
[0.624s] Level 1:colcon.colcon_core.package_identification:_identify(build) by extension 'ignore'
[0.624s] Level 1:colcon.colcon_core.package_identification:_identify(build) ignored
[0.624s] Level 1:colcon.colcon_core.package_identification:_identify(install) by extensions ['ignore', 'ignore_ament_install']
[0.624s] Level 1:colcon.colcon_core.package_identification:_identify(install) by extension 'ignore'
[0.624s] Level 1:colcon.colcon_core.package_identification:_identify(install) ignored
[0.625s] Level 1:colcon.colcon_core.package_identification:_identify(log) by extensions ['ignore', 'ignore_ament_install']
[0.625s] Level 1:colcon.colcon_core.package_identification:_identify(log) by extension 'ignore'
[0.625s] Level 1:colcon.colcon_core.package_identification:_identify(log) ignored
[0.625s] Level 1:colcon.colcon_core.package_identification:_identify(src) by extensions ['ignore', 'ignore_ament_install']
[0.625s] Level 1:colcon.colcon_core.package_identification:_identify(src) by extension 'ignore'
[0.625s] Level 1:colcon.colcon_core.package_identification:_identify(src) by extension 'ignore_ament_install'
[0.625s] Level 1:colcon.colcon_core.package_identification:_identify(src) by extensions ['colcon_pkg']
[0.625s] Level 1:colcon.colcon_core.package_identification:_identify(src) by extension 'colcon_pkg'
[0.626s] Level 1:colcon.colcon_core.package_identification:_identify(src) by extensions ['colcon_meta']
[0.626s] Level 1:colcon.colcon_core.package_identification:_identify(src) by extension 'colcon_meta'
[0.626s] Level 1:colcon.colcon_core.package_identification:_identify(src) by extensions ['ros']
[0.626s] Level 1:colcon.colcon_core.package_identification:_identify(src) by extension 'ros'
[0.626s] Level 1:colcon.colcon_core.package_identification:_identify(src) by extensions ['cmake', 'python']
[0.626s] Level 1:colcon.colcon_core.package_identification:_identify(src) by extension 'cmake'
[0.626s] Level 1:colcon.colcon_core.package_identification:_identify(src) by extension 'python'
[0.626s] Level 1:colcon.colcon_core.package_identification:_identify(src) by extensions ['python_setup_py']
[0.626s] Level 1:colcon.colcon_core.package_identification:_identify(src) by extension 'python_setup_py'
[0.627s] Level 1:colcon.colcon_core.package_identification:_identify(src/build) by extensions ['ignore', 'ignore_ament_install']
[0.627s] Level 1:colcon.colcon_core.package_identification:_identify(src/build) by extension 'ignore'
[0.627s] Level 1:colcon.colcon_core.package_identification:_identify(src/build) ignored
[0.627s] Level 1:colcon.colcon_core.package_identification:_identify(src/esp32_motor_control) by extensions ['ignore', 'ignore_ament_install']
[0.627s] Level 1:colcon.colcon_core.package_identification:_identify(src/esp32_motor_control) by extension 'ignore'
[0.627s] Level 1:colcon.colcon_core.package_identification:_identify(src/esp32_motor_control) by extension 'ignore_ament_install'
[0.627s] Level 1:colcon.colcon_core.package_identification:_identify(src/esp32_motor_control) by extensions ['colcon_pkg']
[0.627s] Level 1:colcon.colcon_core.package_identification:_identify(src/esp32_motor_control) by extension 'colcon_pkg'
[0.628s] Level 1:colcon.colcon_core.package_identification:_identify(src/esp32_motor_control) by extensions ['colcon_meta']
[0.628s] Level 1:colcon.colcon_core.package_identification:_identify(src/esp32_motor_control) by extension 'colcon_meta'
[0.628s] Level 1:colcon.colcon_core.package_identification:_identify(src/esp32_motor_control) by extensions ['ros']
[0.628s] Level 1:colcon.colcon_core.package_identification:_identify(src/esp32_motor_control) by extension 'ros'
[0.633s] DEBUG:colcon.colcon_core.package_identification:Package 'src/esp32_motor_control' with type 'ros.ament_python' and name 'esp32_motor_control'
[0.633s] Level 1:colcon.colcon_core.package_identification:_identify(src/install) by extensions ['ignore', 'ignore_ament_install']
[0.633s] Level 1:colcon.colcon_core.package_identification:_identify(src/install) by extension 'ignore'
[0.633s] Level 1:colcon.colcon_core.package_identification:_identify(src/install) ignored
[0.634s] Level 1:colcon.colcon_core.package_identification:_identify(src/log) by extensions ['ignore', 'ignore_ament_install']
[0.634s] Level 1:colcon.colcon_core.package_identification:_identify(src/log) by extension 'ignore'
[0.634s] Level 1:colcon.colcon_core.package_identification:_identify(src/log) ignored
[0.634s] Level 1:colcon.colcon_core.package_identification:_identify(src/my_robot_control) by extensions ['ignore', 'ignore_ament_install']
[0.634s] Level 1:colcon.colcon_core.package_identification:_identify(src/my_robot_control) by extension 'ignore'
[0.634s] Level 1:colcon.colcon_core.package_identification:_identify(src/my_robot_control) by extension 'ignore_ament_install'
[0.635s] Level 1:colcon.colcon_core.package_identification:_identify(src/my_robot_control) by extensions ['colcon_pkg']
[0.635s] Level 1:colcon.colcon_core.package_identification:_identify(src/my_robot_control) by extension 'colcon_pkg'
[0.635s] Level 1:colcon.colcon_core.package_identification:_identify(src/my_robot_control) by extensions ['colcon_meta']
[0.635s] Level 1:colcon.colcon_core.package_identification:_identify(src/my_robot_control) by extension 'colcon_meta'
[0.635s] Level 1:colcon.colcon_core.package_identification:_identify(src/my_robot_control) by extensions ['ros']
[0.635s] Level 1:colcon.colcon_core.package_identification:_identify(src/my_robot_control) by extension 'ros'
[0.636s] DEBUG:colcon.colcon_core.package_identification:Package 'src/my_robot_control' with type 'ros.catkin' and name 'my_robot_control'
[0.636s] Level 1:colcon.colcon_core.package_identification:_identify(src/servo_control_node) by extensions ['ignore', 'ignore_ament_install']
[0.636s] Level 1:colcon.colcon_core.package_identification:_identify(src/servo_control_node) by extension 'ignore'
[0.636s] Level 1:colcon.colcon_core.package_identification:_identify(src/servo_control_node) by extension 'ignore_ament_install'
[0.636s] Level 1:colcon.colcon_core.package_identification:_identify(src/servo_control_node) by extensions ['colcon_pkg']
[0.637s] Level 1:colcon.colcon_core.package_identification:_identify(src/servo_control_node) by extension 'colcon_pkg'
[0.637s] Level 1:colcon.colcon_core.package_identification:_identify(src/servo_control_node) by extensions ['colcon_meta']
[0.637s] Level 1:colcon.colcon_core.package_identification:_identify(src/servo_control_node) by extension 'colcon_meta'
[0.637s] Level 1:colcon.colcon_core.package_identification:_identify(src/servo_control_node) by extensions ['ros']
[0.637s] Level 1:colcon.colcon_core.package_identification:_identify(src/servo_control_node) by extension 'ros'
[0.638s] DEBUG:colcon.colcon_core.package_identification:Package 'src/servo_control_node' with type 'ros.ament_python' and name 'servo_control_node'
[0.638s] Level 1:colcon.colcon_core.package_identification:_identify(src/simulation) by extensions ['ignore', 'ignore_ament_install']
[0.638s] Level 1:colcon.colcon_core.package_identification:_identify(src/simulation) by extension 'ignore'
[0.639s] Level 1:colcon.colcon_core.package_identification:_identify(src/simulation) by extension 'ignore_ament_install'
[0.639s] Level 1:colcon.colcon_core.package_identification:_identify(src/simulation) by extensions ['colcon_pkg']
[0.639s] Level 1:colcon.colcon_core.package_identification:_identify(src/simulation) by extension 'colcon_pkg'
[0.639s] Level 1:colcon.colcon_core.package_identification:_identify(src/simulation) by extensions ['colcon_meta']
[0.639s] Level 1:colcon.colcon_core.package_identification:_identify(src/simulation) by extension 'colcon_meta'
[0.639s] Level 1:colcon.colcon_core.package_identification:_identify(src/simulation) by extensions ['ros']
[0.639s] Level 1:colcon.colcon_core.package_identification:_identify(src/simulation) by extension 'ros'
[0.641s] DEBUG:colcon.colcon_core.package_identification:Package 'src/simulation' with type 'ros.ament_cmake' and name 'simulation'
[0.641s] Level 1:colcon.colcon_core.package_identification:_identify(src/uros) by extensions ['ignore', 'ignore_ament_install']
[0.641s] Level 1:colcon.colcon_core.package_identification:_identify(src/uros) by extension 'ignore'
[0.641s] Level 1:colcon.colcon_core.package_identification:_identify(src/uros) by extension 'ignore_ament_install'
[0.641s] Level 1:colcon.colcon_core.package_identification:_identify(src/uros) by extensions ['colcon_pkg']
[0.641s] Level 1:colcon.colcon_core.package_identification:_identify(src/uros) by extension 'colcon_pkg'
[0.641s] Level 1:colcon.colcon_core.package_identification:_identify(src/uros) by extensions ['colcon_meta']
[0.642s] Level 1:colcon.colcon_core.package_identification:_identify(src/uros) by extension 'colcon_meta'
[0.642s] Level 1:colcon.colcon_core.package_identification:_identify(src/uros) by extensions ['ros']
[0.642s] Level 1:colcon.colcon_core.package_identification:_identify(src/uros) by extension 'ros'
[0.642s] Level 1:colcon.colcon_core.package_identification:_identify(src/uros) by extensions ['cmake', 'python']
[0.642s] Level 1:colcon.colcon_core.package_identification:_identify(src/uros) by extension 'cmake'
[0.642s] Level 1:colcon.colcon_core.package_identification:_identify(src/uros) by extension 'python'
[0.642s] Level 1:colcon.colcon_core.package_identification:_identify(src/uros) by extensions ['python_setup_py']
[0.642s] Level 1:colcon.colcon_core.package_identification:_identify(src/uros) by extension 'python_setup_py'
[0.642s] Level 1:colcon.colcon_core.package_identification:_identify(src/uros/micro-ROS-Agent) by extensions ['ignore', 'ignore_ament_install']
[0.643s] Level 1:colcon.colcon_core.package_identification:_identify(src/uros/micro-ROS-Agent) by extension 'ignore'
[0.643s] Level 1:colcon.colcon_core.package_identification:_identify(src/uros/micro-ROS-Agent) by extension 'ignore_ament_install'
[0.643s] Level 1:colcon.colcon_core.package_identification:_identify(src/uros/micro-ROS-Agent) by extensions ['colcon_pkg']
[0.643s] Level 1:colcon.colcon_core.package_identification:_identify(src/uros/micro-ROS-Agent) by extension 'colcon_pkg'
[0.643s] Level 1:colcon.colcon_core.package_identification:_identify(src/uros/micro-ROS-Agent) by extensions ['colcon_meta']
[0.643s] Level 1:colcon.colcon_core.package_identification:_identify(src/uros/micro-ROS-Agent) by extension 'colcon_meta'
[0.643s] Level 1:colcon.colcon_core.package_identification:_identify(src/uros/micro-ROS-Agent) by extensions ['ros']
[0.643s] Level 1:colcon.colcon_core.package_identification:_identify(src/uros/micro-ROS-Agent) by extension 'ros'
[0.643s] Level 1:colcon.colcon_core.package_identification:_identify(src/uros/micro-ROS-Agent) by extensions ['cmake', 'python']
[0.643s] Level 1:colcon.colcon_core.package_identification:_identify(src/uros/micro-ROS-Agent) by extension 'cmake'
[0.643s] Level 1:colcon.colcon_core.package_identification:_identify(src/uros/micro-ROS-Agent) by extension 'python'
[0.644s] Level 1:colcon.colcon_core.package_identification:_identify(src/uros/micro-ROS-Agent) by extensions ['python_setup_py']
[0.644s] Level 1:colcon.colcon_core.package_identification:_identify(src/uros/micro-ROS-Agent) by extension 'python_setup_py'
[0.644s] Level 1:colcon.colcon_core.package_identification:_identify(src/uros/micro-ROS-Agent/micro_ros_agent) by extensions ['ignore', 'ignore_ament_install']
[0.644s] Level 1:colcon.colcon_core.package_identification:_identify(src/uros/micro-ROS-Agent/micro_ros_agent) by extension 'ignore'
[0.644s] Level 1:colcon.colcon_core.package_identification:_identify(src/uros/micro-ROS-Agent/micro_ros_agent) by extension 'ignore_ament_install'
[0.644s] Level 1:colcon.colcon_core.package_identification:_identify(src/uros/micro-ROS-Agent/micro_ros_agent) by extensions ['colcon_pkg']
[0.644s] Level 1:colcon.colcon_core.package_identification:_identify(src/uros/micro-ROS-Agent/micro_ros_agent) by extension 'colcon_pkg'
[0.644s] Level 1:colcon.colcon_core.package_identification:_identify(src/uros/micro-ROS-Agent/micro_ros_agent) by extensions ['colcon_meta']
[0.644s] Level 1:colcon.colcon_core.package_identification:_identify(src/uros/micro-ROS-Agent/micro_ros_agent) by extension 'colcon_meta'
[0.645s] Level 1:colcon.colcon_core.package_identification:_identify(src/uros/micro-ROS-Agent/micro_ros_agent) by extensions ['ros']
[0.645s] Level 1:colcon.colcon_core.package_identification:_identify(src/uros/micro-ROS-Agent/micro_ros_agent) by extension 'ros'
[0.649s] DEBUG:colcon.colcon_core.package_identification:Package 'src/uros/micro-ROS-Agent/micro_ros_agent' with type 'ros.ament_cmake' and name 'micro_ros_agent'
[0.649s] Level 1:colcon.colcon_core.package_identification:_identify(src/uros/micro-ROS-Agent/snap) by extensions ['ignore', 'ignore_ament_install']
[0.649s] Level 1:colcon.colcon_core.package_identification:_identify(src/uros/micro-ROS-Agent/snap) by extension 'ignore'
[0.649s] Level 1:colcon.colcon_core.package_identification:_identify(src/uros/micro-ROS-Agent/snap) by extension 'ignore_ament_install'
[0.650s] Level 1:colcon.colcon_core.package_identification:_identify(src/uros/micro-ROS-Agent/snap) by extensions ['colcon_pkg']
[0.650s] Level 1:colcon.colcon_core.package_identification:_identify(src/uros/micro-ROS-Agent/snap) by extension 'colcon_pkg'
[0.650s] Level 1:colcon.colcon_core.package_identification:_identify(src/uros/micro-ROS-Agent/snap) by extensions ['colcon_meta']
[0.650s] Level 1:colcon.colcon_core.package_identification:_identify(src/uros/micro-ROS-Agent/snap) by extension 'colcon_meta'
[0.650s] Level 1:colcon.colcon_core.package_identification:_identify(src/uros/micro-ROS-Agent/snap) by extensions ['ros']
[0.650s] Level 1:colcon.colcon_core.package_identification:_identify(src/uros/micro-ROS-Agent/snap) by extension 'ros'
[0.650s] Level 1:colcon.colcon_core.package_identification:_identify(src/uros/micro-ROS-Agent/snap) by extensions ['cmake', 'python']
[0.650s] Level 1:colcon.colcon_core.package_identification:_identify(src/uros/micro-ROS-Agent/snap) by extension 'cmake'
[0.650s] Level 1:colcon.colcon_core.package_identification:_identify(src/uros/micro-ROS-Agent/snap) by extension 'python'
[0.651s] Level 1:colcon.colcon_core.package_identification:_identify(src/uros/micro-ROS-Agent/snap) by extensions ['python_setup_py']
[0.651s] Level 1:colcon.colcon_core.package_identification:_identify(src/uros/micro-ROS-Agent/snap) by extension 'python_setup_py'
[0.651s] Level 1:colcon.colcon_core.package_identification:_identify(src/uros/micro-ROS-Agent/snap/hooks) by extensions ['ignore', 'ignore_ament_install']
[0.651s] Level 1:colcon.colcon_core.package_identification:_identify(src/uros/micro-ROS-Agent/snap/hooks) by extension 'ignore'
[0.651s] Level 1:colcon.colcon_core.package_identification:_identify(src/uros/micro-ROS-Agent/snap/hooks) by extension 'ignore_ament_install'
[0.651s] Level 1:colcon.colcon_core.package_identification:_identify(src/uros/micro-ROS-Agent/snap/hooks) by extensions ['colcon_pkg']
[0.651s] Level 1:colcon.colcon_core.package_identification:_identify(src/uros/micro-ROS-Agent/snap/hooks) by extension 'colcon_pkg'
[0.651s] Level 1:colcon.colcon_core.package_identification:_identify(src/uros/micro-ROS-Agent/snap/hooks) by extensions ['colcon_meta']
[0.651s] Level 1:colcon.colcon_core.package_identification:_identify(src/uros/micro-ROS-Agent/snap/hooks) by extension 'colcon_meta'
[0.652s] Level 1:colcon.colcon_core.package_identification:_identify(src/uros/micro-ROS-Agent/snap/hooks) by extensions ['ros']
[0.652s] Level 1:colcon.colcon_core.package_identification:_identify(src/uros/micro-ROS-Agent/snap/hooks) by extension 'ros'
[0.652s] Level 1:colcon.colcon_core.package_identification:_identify(src/uros/micro-ROS-Agent/snap/hooks) by extensions ['cmake', 'python']
[0.652s] Level 1:colcon.colcon_core.package_identification:_identify(src/uros/micro-ROS-Agent/snap/hooks) by extension 'cmake'
[0.652s] Level 1:colcon.colcon_core.package_identification:_identify(src/uros/micro-ROS-Agent/snap/hooks) by extension 'python'
[0.652s] Level 1:colcon.colcon_core.package_identification:_identify(src/uros/micro-ROS-Agent/snap/hooks) by extensions ['python_setup_py']
[0.652s] Level 1:colcon.colcon_core.package_identification:_identify(src/uros/micro-ROS-Agent/snap/hooks) by extension 'python_setup_py'
[0.652s] Level 1:colcon.colcon_core.package_identification:_identify(src/uros/micro-ROS-Agent/snap/local) by extensions ['ignore', 'ignore_ament_install']
[0.652s] Level 1:colcon.colcon_core.package_identification:_identify(src/uros/micro-ROS-Agent/snap/local) by extension 'ignore'
[0.653s] Level 1:colcon.colcon_core.package_identification:_identify(src/uros/micro-ROS-Agent/snap/local) by extension 'ignore_ament_install'
[0.653s] Level 1:colcon.colcon_core.package_identification:_identify(src/uros/micro-ROS-Agent/snap/local) by extensions ['colcon_pkg']
[0.653s] Level 1:colcon.colcon_core.package_identification:_identify(src/uros/micro-ROS-Agent/snap/local) by extension 'colcon_pkg'
[0.653s] Level 1:colcon.colcon_core.package_identification:_identify(src/uros/micro-ROS-Agent/snap/local) by extensions ['colcon_meta']
[0.653s] Level 1:colcon.colcon_core.package_identification:_identify(src/uros/micro-ROS-Agent/snap/local) by extension 'colcon_meta'
[0.653s] Level 1:colcon.colcon_core.package_identification:_identify(src/uros/micro-ROS-Agent/snap/local) by extensions ['ros']
[0.653s] Level 1:colcon.colcon_core.package_identification:_identify(src/uros/micro-ROS-Agent/snap/local) by extension 'ros'
[0.653s] Level 1:colcon.colcon_core.package_identification:_identify(src/uros/micro-ROS-Agent/snap/local) by extensions ['cmake', 'python']
[0.653s] Level 1:colcon.colcon_core.package_identification:_identify(src/uros/micro-ROS-Agent/snap/local) by extension 'cmake'
[0.653s] Level 1:colcon.colcon_core.package_identification:_identify(src/uros/micro-ROS-Agent/snap/local) by extension 'python'
[0.654s] Level 1:colcon.colcon_core.package_identification:_identify(src/uros/micro-ROS-Agent/snap/local) by extensions ['python_setup_py']
[0.654s] Level 1:colcon.colcon_core.package_identification:_identify(src/uros/micro-ROS-Agent/snap/local) by extension 'python_setup_py'
[0.654s] Level 1:colcon.colcon_core.package_identification:_identify(src/uros/micro_ros_msgs) by extensions ['ignore', 'ignore_ament_install']
[0.654s] Level 1:colcon.colcon_core.package_identification:_identify(src/uros/micro_ros_msgs) by extension 'ignore'
[0.654s] Level 1:colcon.colcon_core.package_identification:_identify(src/uros/micro_ros_msgs) by extension 'ignore_ament_install'
[0.654s] Level 1:colcon.colcon_core.package_identification:_identify(src/uros/micro_ros_msgs) by extensions ['colcon_pkg']
[0.654s] Level 1:colcon.colcon_core.package_identification:_identify(src/uros/micro_ros_msgs) by extension 'colcon_pkg'
[0.654s] Level 1:colcon.colcon_core.package_identification:_identify(src/uros/micro_ros_msgs) by extensions ['colcon_meta']
[0.654s] Level 1:colcon.colcon_core.package_identification:_identify(src/uros/micro_ros_msgs) by extension 'colcon_meta'
[0.654s] Level 1:colcon.colcon_core.package_identification:_identify(src/uros/micro_ros_msgs) by extensions ['ros']
[0.655s] Level 1:colcon.colcon_core.package_identification:_identify(src/uros/micro_ros_msgs) by extension 'ros'
[0.656s] DEBUG:colcon.colcon_core.package_identification:Package 'src/uros/micro_ros_msgs' with type 'ros.ament_cmake' and name 'micro_ros_msgs'
[0.656s] Level 1:colcon.colcon_core.package_discovery:discover_packages(recursive) using defaults
[0.656s] Level 1:colcon.colcon_core.package_discovery:discover_packages(ignore) discover
[0.656s] Level 1:colcon.colcon_core.package_discovery:discover_packages(ignore) using defaults
[0.656s] Level 1:colcon.colcon_core.package_discovery:discover_packages(path) discover
[0.656s] Level 1:colcon.colcon_core.package_discovery:discover_packages(path) using defaults
[0.723s] Level 1:colcon.colcon_core.package_discovery:discover_packages(prefix_path) check parameters
[0.724s] Level 1:colcon.colcon_core.package_discovery:discover_packages(prefix_path) discover
[0.729s] DEBUG:colcon.colcon_installed_package_information.package_discovery:Found 316 installed packages in /opt/ros/humble
[0.732s] Level 1:colcon.colcon_core.package_discovery:discover_packages(prefix_path) using defaults
[0.817s] Level 5:colcon.colcon_core.verb:set package 'esp32_motor_control' build argument 'cmake_args' from command line to 'None'
[0.817s] Level 5:colcon.colcon_core.verb:set package 'esp32_motor_control' build argument 'cmake_target' from command line to 'None'
[0.817s] Level 5:colcon.colcon_core.verb:set package 'esp32_motor_control' build argument 'cmake_target_skip_unavailable' from command line to 'False'
[0.817s] Level 5:colcon.colcon_core.verb:set package 'esp32_motor_control' build argument 'cmake_clean_cache' from command line to 'False'
[0.817s] Level 5:colcon.colcon_core.verb:set package 'esp32_motor_control' build argument 'cmake_clean_first' from command line to 'False'
[0.817s] Level 5:colcon.colcon_core.verb:set package 'esp32_motor_control' build argument 'cmake_force_configure' from command line to 'False'
[0.817s] Level 5:colcon.colcon_core.verb:set package 'esp32_motor_control' build argument 'ament_cmake_args' from command line to 'None'
[0.817s] Level 5:colcon.colcon_core.verb:set package 'esp32_motor_control' build argument 'catkin_cmake_args' from command line to 'None'
[0.817s] Level 5:colcon.colcon_core.verb:set package 'esp32_motor_control' build argument 'catkin_skip_building_tests' from command line to 'False'
[0.817s] DEBUG:colcon.colcon_core.verb:Building package 'esp32_motor_control' with the following arguments: {'ament_cmake_args': None, 'build_base': '/home/dia/ros2_ws/build/esp32_motor_control', 'catkin_cmake_args': None, 'catkin_skip_building_tests': False, 'cmake_args': None, 'cmake_clean_cache': False, 'cmake_clean_first': False, 'cmake_force_configure': False, 'cmake_target': None, 'cmake_target_skip_unavailable': False, 'install_base': '/home/dia/ros2_ws/install/esp32_motor_control', 'merge_install': False, 'path': '/home/dia/ros2_ws/src/esp32_motor_control', 'symlink_install': False, 'test_result_base': None}
[0.818s] Level 5:colcon.colcon_core.verb:set package 'micro_ros_msgs' build argument 'cmake_args' from command line to 'None'
[0.818s] Level 5:colcon.colcon_core.verb:set package 'micro_ros_msgs' build argument 'cmake_target' from command line to 'None'
[0.818s] Level 5:colcon.colcon_core.verb:set package 'micro_ros_msgs' build argument 'cmake_target_skip_unavailable' from command line to 'False'
[0.818s] Level 5:colcon.colcon_core.verb:set package 'micro_ros_msgs' build argument 'cmake_clean_cache' from command line to 'False'
[0.818s] Level 5:colcon.colcon_core.verb:set package 'micro_ros_msgs' build argument 'cmake_clean_first' from command line to 'False'
[0.818s] Level 5:colcon.colcon_core.verb:set package 'micro_ros_msgs' build argument 'cmake_force_configure' from command line to 'False'
[0.818s] Level 5:colcon.colcon_core.verb:set package 'micro_ros_msgs' build argument 'ament_cmake_args' from command line to 'None'
[0.819s] Level 5:colcon.colcon_core.verb:set package 'micro_ros_msgs' build argument 'catkin_cmake_args' from command line to 'None'
[0.819s] Level 5:colcon.colcon_core.verb:set package 'micro_ros_msgs' build argument 'catkin_skip_building_tests' from command line to 'False'
[0.819s] DEBUG:colcon.colcon_core.verb:Building package 'micro_ros_msgs' with the following arguments: {'ament_cmake_args': None, 'build_base': '/home/dia/ros2_ws/build/micro_ros_msgs', 'catkin_cmake_args': None, 'catkin_skip_building_tests': False, 'cmake_args': None, 'cmake_clean_cache': False, 'cmake_clean_first': False, 'cmake_force_configure': False, 'cmake_target': None, 'cmake_target_skip_unavailable': False, 'install_base': '/home/dia/ros2_ws/install/micro_ros_msgs', 'merge_install': False, 'path': '/home/dia/ros2_ws/src/uros/micro_ros_msgs', 'symlink_install': False, 'test_result_base': None}
[0.819s] Level 5:colcon.colcon_core.verb:set package 'my_robot_control' build argument 'cmake_args' from command line to 'None'
[0.819s] Level 5:colcon.colcon_core.verb:set package 'my_robot_control' build argument 'cmake_target' from command line to 'None'
[0.819s] Level 5:colcon.colcon_core.verb:set package 'my_robot_control' build argument 'cmake_target_skip_unavailable' from command line to 'False'
[0.819s] Level 5:colcon.colcon_core.verb:set package 'my_robot_control' build argument 'cmake_clean_cache' from command line to 'False'
[0.819s] Level 5:colcon.colcon_core.verb:set package 'my_robot_control' build argument 'cmake_clean_first' from command line to 'False'
[0.820s] Level 5:colcon.colcon_core.verb:set package 'my_robot_control' build argument 'cmake_force_configure' from command line to 'False'
[0.820s] Level 5:colcon.colcon_core.verb:set package 'my_robot_control' build argument 'ament_cmake_args' from command line to 'None'
[0.820s] Level 5:colcon.colcon_core.verb:set package 'my_robot_control' build argument 'catkin_cmake_args' from command line to 'None'
[0.820s] Level 5:colcon.colcon_core.verb:set package 'my_robot_control' build argument 'catkin_skip_building_tests' from command line to 'False'
[0.820s] DEBUG:colcon.colcon_core.verb:Building package 'my_robot_control' with the following arguments: {'ament_cmake_args': None, 'build_base': '/home/dia/ros2_ws/build/my_robot_control', 'catkin_cmake_args': None, 'catkin_skip_building_tests': False, 'cmake_args': None, 'cmake_clean_cache': False, 'cmake_clean_first': False, 'cmake_force_configure': False, 'cmake_target': None, 'cmake_target_skip_unavailable': False, 'install_base': '/home/dia/ros2_ws/install/my_robot_control', 'merge_install': False, 'path': '/home/dia/ros2_ws/src/my_robot_control', 'symlink_install': False, 'test_result_base': None}
[0.820s] Level 5:colcon.colcon_core.verb:set package 'servo_control_node' build argument 'cmake_args' from command line to 'None'
[0.820s] Level 5:colcon.colcon_core.verb:set package 'servo_control_node' build argument 'cmake_target' from command line to 'None'
[0.820s] Level 5:colcon.colcon_core.verb:set package 'servo_control_node' build argument 'cmake_target_skip_unavailable' from command line to 'False'
[0.821s] Level 5:colcon.colcon_core.verb:set package 'servo_control_node' build argument 'cmake_clean_cache' from command line to 'False'
[0.821s] Level 5:colcon.colcon_core.verb:set package 'servo_control_node' build argument 'cmake_clean_first' from command line to 'False'
[0.821s] Level 5:colcon.colcon_core.verb:set package 'servo_control_node' build argument 'cmake_force_configure' from command line to 'False'
[0.821s] Level 5:colcon.colcon_core.verb:set package 'servo_control_node' build argument 'ament_cmake_args' from command line to 'None'
[0.821s] Level 5:colcon.colcon_core.verb:set package 'servo_control_node' build argument 'catkin_cmake_args' from command line to 'None'
[0.821s] Level 5:colcon.colcon_core.verb:set package 'servo_control_node' build argument 'catkin_skip_building_tests' from command line to 'False'
[0.821s] DEBUG:colcon.colcon_core.verb:Building package 'servo_control_node' with the following arguments: {'ament_cmake_args': None, 'build_base': '/home/dia/ros2_ws/build/servo_control_node', 'catkin_cmake_args': None, 'catkin_skip_building_tests': False, 'cmake_args': None, 'cmake_clean_cache': False, 'cmake_clean_first': False, 'cmake_force_configure': False, 'cmake_target': None, 'cmake_target_skip_unavailable': False, 'install_base': '/home/dia/ros2_ws/install/servo_control_node', 'merge_install': False, 'path': '/home/dia/ros2_ws/src/servo_control_node', 'symlink_install': False, 'test_result_base': None}
[0.821s] Level 5:colcon.colcon_core.verb:set package 'simulation' build argument 'cmake_args' from command line to 'None'
[0.821s] Level 5:colcon.colcon_core.verb:set package 'simulation' build argument 'cmake_target' from command line to 'None'
[0.822s] Level 5:colcon.colcon_core.verb:set package 'simulation' build argument 'cmake_target_skip_unavailable' from command line to 'False'
[0.822s] Level 5:colcon.colcon_core.verb:set package 'simulation' build argument 'cmake_clean_cache' from command line to 'False'
[0.822s] Level 5:colcon.colcon_core.verb:set package 'simulation' build argument 'cmake_clean_first' from command line to 'False'
[0.822s] Level 5:colcon.colcon_core.verb:set package 'simulation' build argument 'cmake_force_configure' from command line to 'False'
[0.822s] Level 5:colcon.colcon_core.verb:set package 'simulation' build argument 'ament_cmake_args' from command line to 'None'
[0.822s] Level 5:colcon.colcon_core.verb:set package 'simulation' build argument 'catkin_cmake_args' from command line to 'None'
[0.822s] Level 5:colcon.colcon_core.verb:set package 'simulation' build argument 'catkin_skip_building_tests' from command line to 'False'
[0.822s] DEBUG:colcon.colcon_core.verb:Building package 'simulation' with the following arguments: {'ament_cmake_args': None, 'build_base': '/home/dia/ros2_ws/build/simulation', 'catkin_cmake_args': None, 'catkin_skip_building_tests': False, 'cmake_args': None, 'cmake_clean_cache': False, 'cmake_clean_first': False, 'cmake_force_configure': False, 'cmake_target': None, 'cmake_target_skip_unavailable': False, 'install_base': '/home/dia/ros2_ws/install/simulation', 'merge_install': False, 'path': '/home/dia/ros2_ws/src/simulation', 'symlink_install': False, 'test_result_base': None}
[0.823s] Level 5:colcon.colcon_core.verb:set package 'micro_ros_agent' build argument 'cmake_args' from command line to 'None'
[0.823s] Level 5:colcon.colcon_core.verb:set package 'micro_ros_agent' build argument 'cmake_target' from command line to 'None'
[0.823s] Level 5:colcon.colcon_core.verb:set package 'micro_ros_agent' build argument 'cmake_target_skip_unavailable' from command line to 'False'
[0.823s] Level 5:colcon.colcon_core.verb:set package 'micro_ros_agent' build argument 'cmake_clean_cache' from command line to 'False'
[0.823s] Level 5:colcon.colcon_core.verb:set package 'micro_ros_agent' build argument 'cmake_clean_first' from command line to 'False'
[0.823s] Level 5:colcon.colcon_core.verb:set package 'micro_ros_agent' build argument 'cmake_force_configure' from command line to 'False'
[0.823s] Level 5:colcon.colcon_core.verb:set package 'micro_ros_agent' build argument 'ament_cmake_args' from command line to 'None'
[0.823s] Level 5:colcon.colcon_core.verb:set package 'micro_ros_agent' build argument 'catkin_cmake_args' from command line to 'None'
[0.823s] Level 5:colcon.colcon_core.verb:set package 'micro_ros_agent' build argument 'catkin_skip_building_tests' from command line to 'False'
[0.823s] DEBUG:colcon.colcon_core.verb:Building package 'micro_ros_agent' with the following arguments: {'ament_cmake_args': None, 'build_base': '/home/dia/ros2_ws/build/micro_ros_agent', 'catkin_cmake_args': None, 'catkin_skip_building_tests': False, 'cmake_args': None, 'cmake_clean_cache': False, 'cmake_clean_first': False, 'cmake_force_configure': False, 'cmake_target': None, 'cmake_target_skip_unavailable': False, 'install_base': '/home/dia/ros2_ws/install/micro_ros_agent', 'merge_install': False, 'path': '/home/dia/ros2_ws/src/uros/micro-ROS-Agent/micro_ros_agent', 'symlink_install': False, 'test_result_base': None}
[0.823s] INFO:colcon.colcon_core.executor:Executing jobs using 'parallel' executor
[0.826s] DEBUG:colcon.colcon_parallel_executor.executor.parallel:run_until_complete
[0.827s] INFO:colcon.colcon_ros.task.ament_cmake.build:Building ROS package in '/home/dia/ros2_ws/src/uros/micro_ros_msgs' with build type 'ament_cmake'
[0.827s] INFO:colcon.colcon_cmake.task.cmake.build:Building CMake package in '/home/dia/ros2_ws/src/uros/micro_ros_msgs'
[0.833s] INFO:colcon.colcon_core.plugin_system:Skipping extension 'colcon_core.shell.bat': Not used on non-Windows systems
[0.834s] INFO:colcon.colcon_core.shell:Skip shell extension 'powershell' for command environment: Not usable outside of PowerShell
[0.834s] DEBUG:colcon.colcon_core.shell:Skip shell extension 'dsv' for command environment
[0.841s] INFO:colcon.colcon_ros.task.ament_python.build:Building ROS package in '/home/dia/ros2_ws/src/esp32_motor_control' with build type 'ament_python'
[0.841s] Level 1:colcon.colcon_core.shell:create_environment_hook('esp32_motor_control', 'ament_prefix_path')
[0.842s] INFO:colcon.colcon_core.shell:Creating environment hook '/home/dia/ros2_ws/install/esp32_motor_control/share/esp32_motor_control/hook/ament_prefix_path.ps1'
[0.844s] INFO:colcon.colcon_core.shell:Creating environment descriptor '/home/dia/ros2_ws/install/esp32_motor_control/share/esp32_motor_control/hook/ament_prefix_path.dsv'
[0.845s] INFO:colcon.colcon_core.shell:Creating environment hook '/home/dia/ros2_ws/install/esp32_motor_control/share/esp32_motor_control/hook/ament_prefix_path.sh'
[0.846s] INFO:colcon.colcon_core.shell:Skip shell extension 'powershell' for command environment: Not usable outside of PowerShell
[0.847s] DEBUG:colcon.colcon_core.shell:Skip shell extension 'dsv' for command environment
[0.851s] INFO:colcon.colcon_ros.task.catkin.build:Building ROS package in '/home/dia/ros2_ws/src/my_robot_control' with build type 'catkin'
[0.851s] INFO:colcon.colcon_cmake.task.cmake.build:Building CMake package in '/home/dia/ros2_ws/src/my_robot_control'
[0.852s] INFO:colcon.colcon_core.shell:Skip shell extension 'powershell' for command environment: Not usable outside of PowerShell
[0.852s] DEBUG:colcon.colcon_core.shell:Skip shell extension 'dsv' for command environment
[0.857s] INFO:colcon.colcon_ros.task.ament_python.build:Building ROS package in '/home/dia/ros2_ws/src/servo_control_node' with build type 'ament_python'
[0.858s] Level 1:colcon.colcon_core.shell:create_environment_hook('servo_control_node', 'ament_prefix_path')
[0.858s] INFO:colcon.colcon_core.shell:Creating environment hook '/home/dia/ros2_ws/install/servo_control_node/share/servo_control_node/hook/ament_prefix_path.ps1'
[0.859s] INFO:colcon.colcon_core.shell:Creating environment descriptor '/home/dia/ros2_ws/install/servo_control_node/share/servo_control_node/hook/ament_prefix_path.dsv'
[0.860s] INFO:colcon.colcon_core.shell:Creating environment hook '/home/dia/ros2_ws/install/servo_control_node/share/servo_control_node/hook/ament_prefix_path.sh'
[0.862s] INFO:colcon.colcon_core.shell:Skip shell extension 'powershell' for command environment: Not usable outside of PowerShell
[0.862s] DEBUG:colcon.colcon_core.shell:Skip shell extension 'dsv' for command environment
[0.866s] INFO:colcon.colcon_ros.task.ament_cmake.build:Building ROS package in '/home/dia/ros2_ws/src/simulation' with build type 'ament_cmake'
[0.867s] INFO:colcon.colcon_cmake.task.cmake.build:Building CMake package in '/home/dia/ros2_ws/src/simulation'
[0.867s] INFO:colcon.colcon_core.shell:Skip shell extension 'powershell' for command environment: Not usable outside of PowerShell
[0.867s] DEBUG:colcon.colcon_core.shell:Skip shell extension 'dsv' for command environment
[0.881s] DEBUG:colcon.colcon_core.event_handler.log_command:Invoking command in '/home/dia/ros2_ws/build/micro_ros_msgs': CMAKE_PREFIX_PATH=/opt/ros/humble /usr/bin/cmake --build /home/dia/ros2_ws/build/micro_ros_msgs -- -j6 -l6
[1.487s] INFO:colcon.colcon_core.task.python.build:Building Python package in '/home/dia/ros2_ws/src/esp32_motor_control'
[1.488s] INFO:colcon.colcon_core.shell:Skip shell extension 'powershell' for command environment: Not usable outside of PowerShell
[1.488s] DEBUG:colcon.colcon_core.shell:Skip shell extension 'dsv' for command environment
[1.501s] DEBUG:colcon.colcon_core.event_handler.log_command:Invoking command in '/home/dia/ros2_ws/build/my_robot_control': /usr/bin/cmake --build /home/dia/ros2_ws/build/my_robot_control -- -j6 -l6
[2.090s] INFO:colcon.colcon_core.task.python.build:Building Python package in '/home/dia/ros2_ws/src/servo_control_node'
[2.091s] INFO:colcon.colcon_core.shell:Skip shell extension 'powershell' for command environment: Not usable outside of PowerShell
[2.091s] DEBUG:colcon.colcon_core.shell:Skip shell extension 'dsv' for command environment
[2.130s] DEBUG:colcon.colcon_core.event_handler.log_command:Invoking command in '/home/dia/ros2_ws/build/simulation': CMAKE_PREFIX_PATH=/opt/ros/humble /usr/bin/cmake --build /home/dia/ros2_ws/build/simulation -- -j6 -l6
[2.130s] DEBUG:colcon.colcon_core.event_handler.log_command:Invoked command in '/home/dia/ros2_ws/build/my_robot_control' returned '0': /usr/bin/cmake --build /home/dia/ros2_ws/build/my_robot_control -- -j6 -l6
[2.131s] DEBUG:colcon.colcon_core.event_handler.log_command:Invoked command in '/home/dia/ros2_ws/build/micro_ros_msgs' returned '0': CMAKE_PREFIX_PATH=/opt/ros/humble /usr/bin/cmake --build /home/dia/ros2_ws/build/micro_ros_msgs -- -j6 -l6
[2.200s] DEBUG:colcon.colcon_core.event_handler.log_command:Invoked command in '/home/dia/ros2_ws/build/simulation' returned '0': CMAKE_PREFIX_PATH=/opt/ros/humble /usr/bin/cmake --build /home/dia/ros2_ws/build/simulation -- -j6 -l6
[2.237s] DEBUG:colcon.colcon_core.event_handler.log_command:Invoking command in '/home/dia/ros2_ws/build/my_robot_control': /usr/bin/cmake --install /home/dia/ros2_ws/build/my_robot_control
[2.243s] DEBUG:colcon.colcon_core.event_handler.log_command:Invoking command in '/home/dia/ros2_ws/build/simulation': CMAKE_PREFIX_PATH=/opt/ros/humble /usr/bin/cmake --install /home/dia/ros2_ws/build/simulation
[2.272s] Level 1:colcon.colcon_core.environment:create_environment_scripts_only(simulation)
[2.278s] DEBUG:colcon.colcon_core.event_handler.log_command:Invoked command in '/home/dia/ros2_ws/build/my_robot_control' returned '0': /usr/bin/cmake --install /home/dia/ros2_ws/build/my_robot_control
[2.278s] DEBUG:colcon.colcon_core.event_handler.log_command:Invoked command in '/home/dia/ros2_ws/build/simulation' returned '0': CMAKE_PREFIX_PATH=/opt/ros/humble /usr/bin/cmake --install /home/dia/ros2_ws/build/simulation
[2.283s] Level 1:colcon.colcon_core.environment:checking '/home/dia/ros2_ws/install/simulation' for CMake module files
[2.284s] Level 1:colcon.colcon_core.environment:checking '/home/dia/ros2_ws/install/simulation' for CMake config files
[2.284s] Level 1:colcon.colcon_core.shell:create_environment_hook('simulation', 'cmake_prefix_path')
[2.285s] INFO:colcon.colcon_core.shell:Creating environment hook '/home/dia/ros2_ws/install/simulation/share/simulation/hook/cmake_prefix_path.ps1'
[2.286s] INFO:colcon.colcon_core.shell:Creating environment descriptor '/home/dia/ros2_ws/install/simulation/share/simulation/hook/cmake_prefix_path.dsv'
[2.287s] INFO:colcon.colcon_core.shell:Creating environment hook '/home/dia/ros2_ws/install/simulation/share/simulation/hook/cmake_prefix_path.sh'
[2.289s] Level 1:colcon.colcon_core.environment:checking '/home/dia/ros2_ws/install/simulation/bin'
[2.289s] Level 1:colcon.colcon_core.environment:checking '/home/dia/ros2_ws/install/simulation/lib/pkgconfig/simulation.pc'
[2.290s] Level 1:colcon.colcon_core.environment:checking '/home/dia/ros2_ws/install/simulation/lib/python3.10/site-packages'
[2.290s] Level 1:colcon.colcon_core.environment:checking '/home/dia/ros2_ws/install/simulation/bin'
[2.291s] INFO:colcon.colcon_core.shell:Creating package script '/home/dia/ros2_ws/install/simulation/share/simulation/package.ps1'
[2.293s] INFO:colcon.colcon_core.shell:Creating package descriptor '/home/dia/ros2_ws/install/simulation/share/simulation/package.dsv'
[2.295s] INFO:colcon.colcon_core.shell:Creating package script '/home/dia/ros2_ws/install/simulation/share/simulation/package.sh'
[2.300s] INFO:colcon.colcon_core.shell:Creating package script '/home/dia/ros2_ws/install/simulation/share/simulation/package.bash'
[2.303s] INFO:colcon.colcon_core.shell:Creating package script '/home/dia/ros2_ws/install/simulation/share/simulation/package.zsh'
[2.304s] Level 1:colcon.colcon_core.environment:create_file_with_runtime_dependencies(/home/dia/ros2_ws/install/simulation/share/colcon-core/packages/simulation)
[2.314s] DEBUG:colcon.colcon_core.event_handler.log_command:Invoking command in '/home/dia/ros2_ws/build/micro_ros_msgs': CMAKE_PREFIX_PATH=/opt/ros/humble /usr/bin/cmake --install /home/dia/ros2_ws/build/micro_ros_msgs
[2.318s] Level 1:colcon.colcon_core.shell:create_environment_hook('my_robot_control', 'ros_package_path')
[2.319s] INFO:colcon.colcon_core.shell:Creating environment hook '/home/dia/ros2_ws/install/my_robot_control/share/my_robot_control/hook/ros_package_path.ps1'
[2.321s] INFO:colcon.colcon_core.shell:Creating environment descriptor '/home/dia/ros2_ws/install/my_robot_control/share/my_robot_control/hook/ros_package_path.dsv'
[2.322s] INFO:colcon.colcon_core.shell:Creating environment hook '/home/dia/ros2_ws/install/my_robot_control/share/my_robot_control/hook/ros_package_path.sh'
[2.323s] Level 1:colcon.colcon_core.shell:create_environment_hook('my_robot_control', 'pkg_config_path')
[2.324s] INFO:colcon.colcon_core.shell:Creating environment hook '/home/dia/ros2_ws/install/my_robot_control/share/my_robot_control/hook/pkg_config_path.ps1'
[2.325s] INFO:colcon.colcon_core.shell:Creating environment descriptor '/home/dia/ros2_ws/install/my_robot_control/share/my_robot_control/hook/pkg_config_path.dsv'
[2.326s] INFO:colcon.colcon_core.shell:Creating environment hook '/home/dia/ros2_ws/install/my_robot_control/share/my_robot_control/hook/pkg_config_path.sh'
[2.330s] Level 1:colcon.colcon_core.shell:create_environment_hook('my_robot_control', 'pkg_config_path_multiarch')
[2.331s] INFO:colcon.colcon_core.shell:Creating environment hook '/home/dia/ros2_ws/install/my_robot_control/share/my_robot_control/hook/pkg_config_path_multiarch.ps1'
[2.339s] INFO:colcon.colcon_core.shell:Creating environment descriptor '/home/dia/ros2_ws/install/my_robot_control/share/my_robot_control/hook/pkg_config_path_multiarch.dsv'
[2.341s] INFO:colcon.colcon_core.shell:Creating environment hook '/home/dia/ros2_ws/install/my_robot_control/share/my_robot_control/hook/pkg_config_path_multiarch.sh'
[2.352s] Level 1:colcon.colcon_core.environment:create_environment_scripts_only(my_robot_control)
[2.353s] Level 1:colcon.colcon_core.environment:checking '/home/dia/ros2_ws/install/my_robot_control' for CMake module files
[2.354s] Level 1:colcon.colcon_core.environment:checking '/home/dia/ros2_ws/install/my_robot_control' for CMake config files
[2.355s] Level 1:colcon.colcon_core.shell:create_environment_hook('my_robot_control', 'cmake_prefix_path')
[2.356s] INFO:colcon.colcon_core.shell:Creating environment hook '/home/dia/ros2_ws/install/my_robot_control/share/my_robot_control/hook/cmake_prefix_path.ps1'
[2.357s] INFO:colcon.colcon_core.shell:Creating environment descriptor '/home/dia/ros2_ws/install/my_robot_control/share/my_robot_control/hook/cmake_prefix_path.dsv'
[2.358s] INFO:colcon.colcon_core.shell:Creating environment hook '/home/dia/ros2_ws/install/my_robot_control/share/my_robot_control/hook/cmake_prefix_path.sh'
[2.359s] Level 1:colcon.colcon_core.environment:checking '/home/dia/ros2_ws/install/my_robot_control/lib'
[2.360s] Level 1:colcon.colcon_core.environment:checking '/home/dia/ros2_ws/install/my_robot_control/bin'
[2.360s] Level 1:colcon.colcon_core.environment:checking '/home/dia/ros2_ws/install/my_robot_control/lib/pkgconfig/my_robot_control.pc'
[2.361s] Level 1:colcon.colcon_core.environment:checking '/home/dia/ros2_ws/install/my_robot_control/lib/python3.10/site-packages'
[2.361s] Level 1:colcon.colcon_core.shell:create_environment_hook('my_robot_control', 'pythonpath')
[2.362s] INFO:colcon.colcon_core.shell:Creating environment hook '/home/dia/ros2_ws/install/my_robot_control/share/my_robot_control/hook/pythonpath.ps1'
[2.363s] INFO:colcon.colcon_core.shell:Creating environment descriptor '/home/dia/ros2_ws/install/my_robot_control/share/my_robot_control/hook/pythonpath.dsv'
[2.363s] INFO:colcon.colcon_core.shell:Creating environment hook '/home/dia/ros2_ws/install/my_robot_control/share/my_robot_control/hook/pythonpath.sh'
[2.365s] Level 1:colcon.colcon_core.environment:checking '/home/dia/ros2_ws/install/my_robot_control/bin'
[2.366s] INFO:colcon.colcon_core.shell:Creating package script '/home/dia/ros2_ws/install/my_robot_control/share/my_robot_control/package.ps1'
[2.367s] INFO:colcon.colcon_core.shell:Creating package descriptor '/home/dia/ros2_ws/install/my_robot_control/share/my_robot_control/package.dsv'
[2.370s] INFO:colcon.colcon_core.shell:Creating package script '/home/dia/ros2_ws/install/my_robot_control/share/my_robot_control/package.sh'
[2.372s] INFO:colcon.colcon_core.shell:Creating package script '/home/dia/ros2_ws/install/my_robot_control/share/my_robot_control/package.bash'
[2.373s] INFO:colcon.colcon_core.shell:Creating package script '/home/dia/ros2_ws/install/my_robot_control/share/my_robot_control/package.zsh'
[2.374s] Level 1:colcon.colcon_core.environment:create_file_with_runtime_dependencies(/home/dia/ros2_ws/install/my_robot_control/share/colcon-core/packages/my_robot_control)
[2.376s] Level 1:colcon.colcon_core.environment:create_environment_scripts_only(simulation)
[2.377s] Level 1:colcon.colcon_core.environment:checking '/home/dia/ros2_ws/install/simulation' for CMake module files
[2.378s] Level 1:colcon.colcon_core.environment:checking '/home/dia/ros2_ws/install/simulation' for CMake config files
[2.379s] Level 1:colcon.colcon_core.shell:create_environment_hook('simulation', 'cmake_prefix_path')
[2.379s] INFO:colcon.colcon_core.shell:Creating environment hook '/home/dia/ros2_ws/install/simulation/share/simulation/hook/cmake_prefix_path.ps1'
[2.380s] INFO:colcon.colcon_core.shell:Creating environment descriptor '/home/dia/ros2_ws/install/simulation/share/simulation/hook/cmake_prefix_path.dsv'
[2.381s] INFO:colcon.colcon_core.shell:Creating environment hook '/home/dia/ros2_ws/install/simulation/share/simulation/hook/cmake_prefix_path.sh'
[2.382s] Level 1:colcon.colcon_core.environment:checking '/home/dia/ros2_ws/install/simulation/bin'
[2.382s] Level 1:colcon.colcon_core.environment:checking '/home/dia/ros2_ws/install/simulation/lib/pkgconfig/simulation.pc'
[2.383s] Level 1:colcon.colcon_core.environment:checking '/home/dia/ros2_ws/install/simulation/lib/python3.10/site-packages'
[2.383s] Level 1:colcon.colcon_core.environment:checking '/home/dia/ros2_ws/install/simulation/bin'
[2.384s] INFO:colcon.colcon_core.shell:Creating package script '/home/dia/ros2_ws/install/simulation/share/simulation/package.ps1'
[2.385s] INFO:colcon.colcon_core.shell:Creating package descriptor '/home/dia/ros2_ws/install/simulation/share/simulation/package.dsv'
[2.386s] INFO:colcon.colcon_core.shell:Creating package script '/home/dia/ros2_ws/install/simulation/share/simulation/package.sh'
[2.387s] INFO:colcon.colcon_core.shell:Creating package script '/home/dia/ros2_ws/install/simulation/share/simulation/package.bash'
[2.388s] INFO:colcon.colcon_core.shell:Creating package script '/home/dia/ros2_ws/install/simulation/share/simulation/package.zsh'
[2.389s] Level 1:colcon.colcon_core.environment:create_file_with_runtime_dependencies(/home/dia/ros2_ws/install/simulation/share/colcon-core/packages/simulation)
[2.426s] Level 1:colcon.colcon_core.environment:create_environment_scripts_only(micro_ros_msgs)
[2.427s] Level 1:colcon.colcon_core.environment:checking '/home/dia/ros2_ws/install/micro_ros_msgs' for CMake module files
[2.428s] DEBUG:colcon.colcon_core.event_handler.log_command:Invoked command in '/home/dia/ros2_ws/build/micro_ros_msgs' returned '0': CMAKE_PREFIX_PATH=/opt/ros/humble /usr/bin/cmake --install /home/dia/ros2_ws/build/micro_ros_msgs
[2.430s] Level 1:colcon.colcon_core.environment:checking '/home/dia/ros2_ws/install/micro_ros_msgs' for CMake config files
[2.431s] Level 1:colcon.colcon_core.shell:create_environment_hook('micro_ros_msgs', 'cmake_prefix_path')
[2.432s] INFO:colcon.colcon_core.shell:Creating environment hook '/home/dia/ros2_ws/install/micro_ros_msgs/share/micro_ros_msgs/hook/cmake_prefix_path.ps1'
[2.434s] INFO:colcon.colcon_core.shell:Creating environment descriptor '/home/dia/ros2_ws/install/micro_ros_msgs/share/micro_ros_msgs/hook/cmake_prefix_path.dsv'
[2.435s] INFO:colcon.colcon_core.shell:Creating environment hook '/home/dia/ros2_ws/install/micro_ros_msgs/share/micro_ros_msgs/hook/cmake_prefix_path.sh'
[2.437s] Level 1:colcon.colcon_core.environment:checking '/home/dia/ros2_ws/install/micro_ros_msgs/lib'
[2.437s] Level 1:colcon.colcon_core.shell:create_environment_hook('micro_ros_msgs', 'ld_library_path_lib')
[2.438s] INFO:colcon.colcon_core.shell:Creating environment hook '/home/dia/ros2_ws/install/micro_ros_msgs/share/micro_ros_msgs/hook/ld_library_path_lib.ps1'
[2.440s] INFO:colcon.colcon_core.shell:Creating environment descriptor '/home/dia/ros2_ws/install/micro_ros_msgs/share/micro_ros_msgs/hook/ld_library_path_lib.dsv'
[2.442s] INFO:colcon.colcon_core.shell:Creating environment hook '/home/dia/ros2_ws/install/micro_ros_msgs/share/micro_ros_msgs/hook/ld_library_path_lib.sh'
[2.443s] Level 1:colcon.colcon_core.environment:checking '/home/dia/ros2_ws/install/micro_ros_msgs/bin'
[2.443s] Level 1:colcon.colcon_core.environment:checking '/home/dia/ros2_ws/install/micro_ros_msgs/lib/pkgconfig/micro_ros_msgs.pc'
[2.444s] Level 1:colcon.colcon_core.environment:checking '/home/dia/ros2_ws/install/micro_ros_msgs/lib/python3.10/site-packages'
[2.445s] Level 1:colcon.colcon_core.environment:checking '/home/dia/ros2_ws/install/micro_ros_msgs/bin'
[2.446s] INFO:colcon.colcon_core.shell:Creating package script '/home/dia/ros2_ws/install/micro_ros_msgs/share/micro_ros_msgs/package.ps1'
[2.448s] INFO:colcon.colcon_core.shell:Creating package descriptor '/home/dia/ros2_ws/install/micro_ros_msgs/share/micro_ros_msgs/package.dsv'
[2.449s] INFO:colcon.colcon_core.shell:Creating package script '/home/dia/ros2_ws/install/micro_ros_msgs/share/micro_ros_msgs/package.sh'
[2.451s] INFO:colcon.colcon_core.shell:Creating package script '/home/dia/ros2_ws/install/micro_ros_msgs/share/micro_ros_msgs/package.bash'
[2.452s] INFO:colcon.colcon_core.shell:Creating package script '/home/dia/ros2_ws/install/micro_ros_msgs/share/micro_ros_msgs/package.zsh'
[2.453s] Level 1:colcon.colcon_core.environment:create_file_with_runtime_dependencies(/home/dia/ros2_ws/install/micro_ros_msgs/share/colcon-core/packages/micro_ros_msgs)
[2.626s] Level 1:colcon.colcon_core.environment:create_environment_scripts_only(micro_ros_msgs)
[2.626s] Level 1:colcon.colcon_core.environment:checking '/home/dia/ros2_ws/install/micro_ros_msgs' for CMake module files
[2.628s] Level 1:colcon.colcon_core.environment:checking '/home/dia/ros2_ws/install/micro_ros_msgs' for CMake config files
[2.628s] Level 1:colcon.colcon_core.shell:create_environment_hook('micro_ros_msgs', 'cmake_prefix_path')
[2.629s] INFO:colcon.colcon_core.shell:Creating environment hook '/home/dia/ros2_ws/install/micro_ros_msgs/share/micro_ros_msgs/hook/cmake_prefix_path.ps1'
[2.630s] INFO:colcon.colcon_core.shell:Creating environment descriptor '/home/dia/ros2_ws/install/micro_ros_msgs/share/micro_ros_msgs/hook/cmake_prefix_path.dsv'
[2.631s] INFO:colcon.colcon_core.shell:Creating environment hook '/home/dia/ros2_ws/install/micro_ros_msgs/share/micro_ros_msgs/hook/cmake_prefix_path.sh'
[2.632s] Level 1:colcon.colcon_core.environment:checking '/home/dia/ros2_ws/install/micro_ros_msgs/lib'
[2.632s] Level 1:colcon.colcon_core.shell:create_environment_hook('micro_ros_msgs', 'ld_library_path_lib')
[2.633s] INFO:colcon.colcon_core.shell:Creating environment hook '/home/dia/ros2_ws/install/micro_ros_msgs/share/micro_ros_msgs/hook/ld_library_path_lib.ps1'
[2.634s] INFO:colcon.colcon_core.shell:Creating environment descriptor '/home/dia/ros2_ws/install/micro_ros_msgs/share/micro_ros_msgs/hook/ld_library_path_lib.dsv'
[2.634s] INFO:colcon.colcon_core.shell:Creating environment hook '/home/dia/ros2_ws/install/micro_ros_msgs/share/micro_ros_msgs/hook/ld_library_path_lib.sh'
[2.635s] Level 1:colcon.colcon_core.environment:checking '/home/dia/ros2_ws/install/micro_ros_msgs/bin'
[2.636s] Level 1:colcon.colcon_core.environment:checking '/home/dia/ros2_ws/install/micro_ros_msgs/lib/pkgconfig/micro_ros_msgs.pc'
[2.636s] Level 1:colcon.colcon_core.environment:checking '/home/dia/ros2_ws/install/micro_ros_msgs/lib/python3.10/site-packages'
[2.636s] Level 1:colcon.colcon_core.environment:checking '/home/dia/ros2_ws/install/micro_ros_msgs/bin'
[2.637s] INFO:colcon.colcon_core.shell:Creating package script '/home/dia/ros2_ws/install/micro_ros_msgs/share/micro_ros_msgs/package.ps1'
[2.638s] INFO:colcon.colcon_core.shell:Creating package descriptor '/home/dia/ros2_ws/install/micro_ros_msgs/share/micro_ros_msgs/package.dsv'
[2.640s] INFO:colcon.colcon_core.shell:Creating package script '/home/dia/ros2_ws/install/micro_ros_msgs/share/micro_ros_msgs/package.sh'
[2.641s] INFO:colcon.colcon_core.shell:Creating package script '/home/dia/ros2_ws/install/micro_ros_msgs/share/micro_ros_msgs/package.bash'
[2.642s] INFO:colcon.colcon_core.shell:Creating package script '/home/dia/ros2_ws/install/micro_ros_msgs/share/micro_ros_msgs/package.zsh'
[2.643s] Level 1:colcon.colcon_core.environment:create_file_with_runtime_dependencies(/home/dia/ros2_ws/install/micro_ros_msgs/share/colcon-core/packages/micro_ros_msgs)
[2.644s] INFO:colcon.colcon_ros.task.ament_cmake.build:Building ROS package in '/home/dia/ros2_ws/src/uros/micro-ROS-Agent/micro_ros_agent' with build type 'ament_cmake'
[2.644s] INFO:colcon.colcon_cmake.task.cmake.build:Building CMake package in '/home/dia/ros2_ws/src/uros/micro-ROS-Agent/micro_ros_agent'
[2.645s] INFO:colcon.colcon_core.shell:Skip shell extension 'powershell' for command environment: Not usable outside of PowerShell
[2.645s] DEBUG:colcon.colcon_core.shell:Skip shell extension 'dsv' for command environment
[2.664s] DEBUG:colcon.colcon_core.event_handler.log_command:Invoking command in '/home/dia/ros2_ws/build/micro_ros_agent': AMENT_PREFIX_PATH=/home/dia/ros2_ws/install/micro_ros_msgs:${AMENT_PREFIX_PATH} CMAKE_PREFIX_PATH=/home/dia/ros2_ws/install/micro_ros_msgs:/opt/ros/humble LD_LIBRARY_PATH=/home/dia/ros2_ws/install/micro_ros_msgs/lib:/opt/ros/humble/opt/rviz_ogre_vendor/lib:/opt/ros/humble/lib/aarch64-linux-gnu:/opt/ros/humble/lib:/usr/local/cuda-12.6/lib64 PYTHONPATH=/home/dia/ros2_ws/install/micro_ros_msgs/local/lib/python3.10/dist-packages:${PYTHONPATH} /usr/bin/cmake --build /home/dia/ros2_ws/build/micro_ros_agent -- -j6 -l6
[2.781s] DEBUG:colcon.colcon_core.event_handler.log_command:Invoked command in '/home/dia/ros2_ws/build/micro_ros_agent' returned '2': AMENT_PREFIX_PATH=/home/dia/ros2_ws/install/micro_ros_msgs:${AMENT_PREFIX_PATH} CMAKE_PREFIX_PATH=/home/dia/ros2_ws/install/micro_ros_msgs:/opt/ros/humble LD_LIBRARY_PATH=/home/dia/ros2_ws/install/micro_ros_msgs/lib:/opt/ros/humble/opt/rviz_ogre_vendor/lib:/opt/ros/humble/lib/aarch64-linux-gnu:/opt/ros/humble/lib:/usr/local/cuda-12.6/lib64 PYTHONPATH=/home/dia/ros2_ws/install/micro_ros_msgs/local/lib/python3.10/dist-packages:${PYTHONPATH} /usr/bin/cmake --build /home/dia/ros2_ws/build/micro_ros_agent -- -j6 -l6
[2.810s] Level 1:colcon.colcon_core.environment:create_environment_scripts_only(micro_ros_agent)
[2.811s] Level 1:colcon.colcon_core.environment:checking '/home/dia/ros2_ws/install/micro_ros_agent' for CMake module files
[2.812s] Level 1:colcon.colcon_core.environment:checking '/home/dia/ros2_ws/install/micro_ros_agent' for CMake config files
[2.813s] Level 1:colcon.colcon_core.environment:checking '/home/dia/ros2_ws/install/micro_ros_agent/bin'
[2.813s] Level 1:colcon.colcon_core.environment:checking '/home/dia/ros2_ws/install/micro_ros_agent/lib/pkgconfig/micro_ros_agent.pc'
[2.813s] Level 1:colcon.colcon_core.environment:checking '/home/dia/ros2_ws/install/micro_ros_agent/lib/python3.10/site-packages'
[2.814s] Level 1:colcon.colcon_core.environment:checking '/home/dia/ros2_ws/install/micro_ros_agent/bin'
[2.814s] INFO:colcon.colcon_core.shell:Creating package script '/home/dia/ros2_ws/install/micro_ros_agent/share/micro_ros_agent/package.ps1'
[2.816s] INFO:colcon.colcon_core.shell:Creating package descriptor '/home/dia/ros2_ws/install/micro_ros_agent/share/micro_ros_agent/package.dsv'
[2.816s] INFO:colcon.colcon_core.shell:Creating package script '/home/dia/ros2_ws/install/micro_ros_agent/share/micro_ros_agent/package.sh'
[2.817s] INFO:colcon.colcon_core.shell:Creating package script '/home/dia/ros2_ws/install/micro_ros_agent/share/micro_ros_agent/package.bash'
[2.818s] INFO:colcon.colcon_core.shell:Creating package script '/home/dia/ros2_ws/install/micro_ros_agent/share/micro_ros_agent/package.zsh'
[2.819s] Level 1:colcon.colcon_core.environment:create_file_with_runtime_dependencies(/home/dia/ros2_ws/install/micro_ros_agent/share/colcon-core/packages/micro_ros_agent)
[2.995s] DEBUG:colcon.colcon_parallel_executor.executor.parallel:closing loop
[2.996s] DEBUG:colcon.colcon_parallel_executor.executor.parallel:loop closed
[2.996s] DEBUG:colcon.colcon_parallel_executor.executor.parallel:run_until_complete finished with '2'
[2.997s] DEBUG:colcon.colcon_core.event_reactor:joining thread
[3.018s] INFO:colcon.colcon_core.plugin_system:Skipping extension 'colcon_notification.desktop_notification.terminal_notifier': Not used on non-Darwin systems
[3.019s] INFO:colcon.colcon_core.plugin_system:Skipping extension 'colcon_notification.desktop_notification.win32': Not used on non-Windows systems
[3.019s] INFO:colcon.colcon_notification.desktop_notification:Sending desktop notification using 'notify2'
[3.061s] DEBUG:colcon.colcon_core.event_reactor:joined thread
[3.062s] INFO:colcon.colcon_core.shell:Creating prefix script '/home/dia/ros2_ws/install/local_setup.ps1'
[3.067s] INFO:colcon.colcon_core.shell:Creating prefix util module '/home/dia/ros2_ws/install/_local_setup_util_ps1.py'
[3.071s] INFO:colcon.colcon_core.shell:Creating prefix chain script '/home/dia/ros2_ws/install/setup.ps1'
[3.073s] INFO:colcon.colcon_core.shell:Creating prefix script '/home/dia/ros2_ws/install/local_setup.sh'
[3.074s] INFO:colcon.colcon_core.shell:Creating prefix util module '/home/dia/ros2_ws/install/_local_setup_util_sh.py'
[3.075s] INFO:colcon.colcon_core.shell:Creating prefix chain script '/home/dia/ros2_ws/install/setup.sh'
[3.077s] INFO:colcon.colcon_core.shell:Creating prefix script '/home/dia/ros2_ws/install/local_setup.bash'
[3.079s] INFO:colcon.colcon_core.shell:Creating prefix chain script '/home/dia/ros2_ws/install/setup.bash'
[3.083s] INFO:colcon.colcon_core.shell:Creating prefix script '/home/dia/ros2_ws/install/local_setup.zsh'
[3.085s] INFO:colcon.colcon_core.shell:Creating prefix chain script '/home/dia/ros2_ws/install/setup.zsh'
