running egg_info
writing ../build/servo_control_node/servo_control_node.egg-info/PKG-INFO
writing dependency_links to ../build/servo_control_node/servo_control_node.egg-info/dependency_links.txt
writing entry points to ../build/servo_control_node/servo_control_node.egg-info/entry_points.txt
writing requirements to ../build/servo_control_node/servo_control_node.egg-info/requires.txt
writing top-level names to ../build/servo_control_node/servo_control_node.egg-info/top_level.txt
reading manifest file '../build/servo_control_node/servo_control_node.egg-info/SOURCES.txt'
adding license file 'LICENSE'
writing manifest file '../build/servo_control_node/servo_control_node.egg-info/SOURCES.txt'
running build
running build_py
copying servo_control_node/__init__.py -> /home/dia/ros2_ws/src/build/servo_control_node/build/lib/servo_control_node
copying servo_control_node/servo_control.py -> /home/dia/ros2_ws/src/build/servo_control_node/build/lib/servo_control_node
running install
running install_lib
running install_data
copying resource/servo_control_node -> /home/dia/ros2_ws/src/install/servo_control_node/share/ament_index/resource_index/packages
copying package.xml -> /home/dia/ros2_ws/src/install/servo_control_node/share/servo_control_node
running install_egg_info
removing '/home/dia/ros2_ws/src/install/servo_control_node/lib/python3.10/site-packages/servo_control_node-0.0.0-py3.10.egg-info' (and everything under it)
Copying ../build/servo_control_node/servo_control_node.egg-info to /home/dia/ros2_ws/src/install/servo_control_node/lib/python3.10/site-packages/servo_control_node-0.0.0-py3.10.egg-info
running install_scripts
Installing servo_control script to /home/dia/ros2_ws/src/install/servo_control_node/lib/servo_control_node
writing list of installed files to '/home/dia/ros2_ws/src/build/servo_control_node/install.log'
