[4.549s] Invoking command in '/home/dia/ros2_ws/src/servo_control_node': PYTHONPATH=/home/dia/ros2_ws/src/build/servo_control_node/prefix_override:/usr/lib/python3/dist-packages/colcon_core/task/python/colcon_distutils_commands:/home/dia/ros2_ws/src/install/servo_control_node/lib/python3.10/site-packages:${PYTHONPATH} /usr/bin/python3 -W ignore:setup.py install is deprecated setup.py egg_info --egg-base ../build/servo_control_node build --build-base /home/dia/ros2_ws/src/build/servo_control_node/build install --record /home/dia/ros2_ws/src/build/servo_control_node/install.log --single-version-externally-managed install_data
[4.938s] /home/dia/.local/lib/python3.10/site-packages/setuptools/_distutils/dist.py:261: UserWarning: Unknown distribution option: 'tests_require'
[4.938s]   warnings.warn(msg)
[5.268s] running egg_info
[5.319s] writing ../build/servo_control_node/servo_control_node.egg-info/PKG-INFO
[5.321s] writing dependency_links to ../build/servo_control_node/servo_control_node.egg-info/dependency_links.txt
[5.321s] writing entry points to ../build/servo_control_node/servo_control_node.egg-info/entry_points.txt
[5.321s] writing requirements to ../build/servo_control_node/servo_control_node.egg-info/requires.txt
[5.322s] writing top-level names to ../build/servo_control_node/servo_control_node.egg-info/top_level.txt
[5.887s] reading manifest file '../build/servo_control_node/servo_control_node.egg-info/SOURCES.txt'
[5.888s] adding license file 'LICENSE'
[5.898s] writing manifest file '../build/servo_control_node/servo_control_node.egg-info/SOURCES.txt'
[5.900s] running build
[5.901s] running build_py
[5.901s] copying servo_control_node/__init__.py -> /home/dia/ros2_ws/src/build/servo_control_node/build/lib/servo_control_node
[5.903s] copying servo_control_node/servo_control.py -> /home/dia/ros2_ws/src/build/servo_control_node/build/lib/servo_control_node
[5.904s] running install
[5.933s] running install_lib
[6.017s] running install_data
[6.018s] copying resource/servo_control_node -> /home/dia/ros2_ws/src/install/servo_control_node/share/ament_index/resource_index/packages
[6.018s] copying package.xml -> /home/dia/ros2_ws/src/install/servo_control_node/share/servo_control_node
[6.019s] running install_egg_info
[6.106s] removing '/home/dia/ros2_ws/src/install/servo_control_node/lib/python3.10/site-packages/servo_control_node-0.0.0-py3.10.egg-info' (and everything under it)
[6.108s] Copying ../build/servo_control_node/servo_control_node.egg-info to /home/dia/ros2_ws/src/install/servo_control_node/lib/python3.10/site-packages/servo_control_node-0.0.0-py3.10.egg-info
[6.111s] running install_scripts
[6.252s] Installing servo_control script to /home/dia/ros2_ws/src/install/servo_control_node/lib/servo_control_node
[6.253s] writing list of installed files to '/home/dia/ros2_ws/src/build/servo_control_node/install.log'
[6.389s] Invoked command in '/home/dia/ros2_ws/src/servo_control_node' returned '0': PYTHONPATH=/home/dia/ros2_ws/src/build/servo_control_node/prefix_override:/usr/lib/python3/dist-packages/colcon_core/task/python/colcon_distutils_commands:/home/dia/ros2_ws/src/install/servo_control_node/lib/python3.10/site-packages:${PYTHONPATH} /usr/bin/python3 -W ignore:setup.py install is deprecated setup.py egg_info --egg-base ../build/servo_control_node build --build-base /home/dia/ros2_ws/src/build/servo_control_node/build install --record /home/dia/ros2_ws/src/build/servo_control_node/install.log --single-version-externally-managed install_data
