running develop
/usr/lib/python3/dist-packages/setuptools/command/easy_install.py:158: EasyInstallDeprecationWarning: easy_install command is deprecated. Use build and pip and other standards-based tools.
  warnings.warn(
running egg_info
creating my_robot_control.egg-info
writing my_robot_control.egg-info/PKG-INFO
writing dependency_links to my_robot_control.egg-info/dependency_links.txt
writing entry points to my_robot_control.egg-info/entry_points.txt
writing requirements to my_robot_control.egg-info/requires.txt
writing top-level names to my_robot_control.egg-info/top_level.txt
writing manifest file 'my_robot_control.egg-info/SOURCES.txt'
reading manifest file 'my_robot_control.egg-info/SOURCES.txt'
writing manifest file 'my_robot_control.egg-info/SOURCES.txt'
running build_ext
Creating /home/dia/ros2_ws/install/my_robot_control/lib/python3.10/site-packages/my-robot-control.egg-link (link to .)
Installing robot_control script to /home/dia/ros2_ws/install/my_robot_control/lib/my_robot_control

Installed /home/dia/ros2_ws/build/my_robot_control
running symlink_data
creating /home/dia/ros2_ws/install/my_robot_control/share
creating /home/dia/ros2_ws/install/my_robot_control/share/ament_index
creating /home/dia/ros2_ws/install/my_robot_control/share/ament_index/resource_index
creating /home/dia/ros2_ws/install/my_robot_control/share/ament_index/resource_index/packages
symbolically linking /home/dia/ros2_ws/build/my_robot_control/resource/my_robot_control -> /home/dia/ros2_ws/install/my_robot_control/share/ament_index/resource_index/packages
creating /home/dia/ros2_ws/install/my_robot_control/share/my_robot_control
symbolically linking /home/dia/ros2_ws/build/my_robot_control/package.xml -> /home/dia/ros2_ws/install/my_robot_control/share/my_robot_control
