running develop
Removing /home/dia/ros2_ws/install/my_robot_control/lib/python3.10/site-packages/my-robot-control.egg-link (link to .)
running egg_info
writing ../../build/my_robot_control/my_robot_control.egg-info/PKG-INFO
writing dependency_links to ../../build/my_robot_control/my_robot_control.egg-info/dependency_links.txt
writing entry points to ../../build/my_robot_control/my_robot_control.egg-info/entry_points.txt
writing requirements to ../../build/my_robot_control/my_robot_control.egg-info/requires.txt
writing top-level names to ../../build/my_robot_control/my_robot_control.egg-info/top_level.txt
reading manifest file '../../build/my_robot_control/my_robot_control.egg-info/SOURCES.txt'
writing manifest file '../../build/my_robot_control/my_robot_control.egg-info/SOURCES.txt'
running build
running build_py
creating /home/dia/ros2_ws/build/my_robot_control/build
creating /home/dia/ros2_ws/build/my_robot_control/build/lib
creating /home/dia/ros2_ws/build/my_robot_control/build/lib/my_robot_control
copying my_robot_control/robot_control.py -> /home/dia/ros2_ws/build/my_robot_control/build/lib/my_robot_control
copying my_robot_control/__init__.py -> /home/dia/ros2_ws/build/my_robot_control/build/lib/my_robot_control
running install
running install_lib
creating /home/dia/ros2_ws/install/my_robot_control/lib/python3.10/site-packages/my_robot_control
copying /home/dia/ros2_ws/build/my_robot_control/build/lib/my_robot_control/robot_control.py -> /home/dia/ros2_ws/install/my_robot_control/lib/python3.10/site-packages/my_robot_control
copying /home/dia/ros2_ws/build/my_robot_control/build/lib/my_robot_control/__init__.py -> /home/dia/ros2_ws/install/my_robot_control/lib/python3.10/site-packages/my_robot_control
byte-compiling /home/dia/ros2_ws/install/my_robot_control/lib/python3.10/site-packages/my_robot_control/robot_control.py to robot_control.cpython-310.pyc
byte-compiling /home/dia/ros2_ws/install/my_robot_control/lib/python3.10/site-packages/my_robot_control/__init__.py to __init__.cpython-310.pyc
running install_data
copying resource/my_robot_control -> /home/dia/ros2_ws/install/my_robot_control/share/ament_index/resource_index/packages
copying package.xml -> /home/dia/ros2_ws/install/my_robot_control/share/my_robot_control
running install_egg_info
Copying ../../build/my_robot_control/my_robot_control.egg-info to /home/dia/ros2_ws/install/my_robot_control/lib/python3.10/site-packages/my_robot_control-0.0.1-py3.10.egg-info
running install_scripts
Installing robot_control script to /home/dia/ros2_ws/install/my_robot_control/lib/my_robot_control
writing list of installed files to '/home/dia/ros2_ws/build/my_robot_control/install.log'
