[1.399s] Invoking command in '/home/dia/ros2_ws/build/my_robot_control': PYTHONPATH=/home/dia/ros2_ws/build/my_robot_control/prefix_override:/usr/lib/python3/dist-packages/colcon_core/task/python/colcon_distutils_commands:/home/dia/ros2_ws/install/my_robot_control/lib/python3.10/site-packages:${PYTHONPATH} /usr/bin/python3 -W ignore:setup.py install is deprecated setup.py develop --uninstall --editable --build-directory /home/dia/ros2_ws/build/my_robot_control/build
[1.973s] running develop
[1.973s] /usr/lib/python3/dist-packages/setuptools/command/easy_install.py:158: EasyInstallDeprecationWarning: easy_install command is deprecated. Use build and pip and other standards-based tools.
[1.973s]   warnings.warn(
[2.399s] Removing /home/dia/ros2_ws/install/my_robot_control/lib/python3.10/site-packages/my-robot-control.egg-link (link to .)
[2.474s] Invoked command in '/home/dia/ros2_ws/build/my_robot_control' returned '0': PYTHONPATH=/home/dia/ros2_ws/build/my_robot_control/prefix_override:/usr/lib/python3/dist-packages/colcon_core/task/python/colcon_distutils_commands:/home/dia/ros2_ws/install/my_robot_control/lib/python3.10/site-packages:${PYTHONPATH} /usr/bin/python3 -W ignore:setup.py install is deprecated setup.py develop --uninstall --editable --build-directory /home/dia/ros2_ws/build/my_robot_control/build
[2.478s] Invoking command in '/home/dia/ros2_ws/src/my_robot_control': PYTHONPATH=/home/dia/ros2_ws/build/my_robot_control/prefix_override:/usr/lib/python3/dist-packages/colcon_core/task/python/colcon_distutils_commands:/home/dia/ros2_ws/install/my_robot_control/lib/python3.10/site-packages:${PYTHONPATH} /usr/bin/python3 -W ignore:setup.py install is deprecated setup.py egg_info --egg-base ../../build/my_robot_control build --build-base /home/dia/ros2_ws/build/my_robot_control/build install --record /home/dia/ros2_ws/build/my_robot_control/install.log --single-version-externally-managed install_data --force
[3.010s] running egg_info
[3.011s] writing ../../build/my_robot_control/my_robot_control.egg-info/PKG-INFO
[3.012s] writing dependency_links to ../../build/my_robot_control/my_robot_control.egg-info/dependency_links.txt
[3.012s] writing entry points to ../../build/my_robot_control/my_robot_control.egg-info/entry_points.txt
[3.012s] writing requirements to ../../build/my_robot_control/my_robot_control.egg-info/requires.txt
[3.013s] writing top-level names to ../../build/my_robot_control/my_robot_control.egg-info/top_level.txt
[3.017s] reading manifest file '../../build/my_robot_control/my_robot_control.egg-info/SOURCES.txt'
[3.018s] writing manifest file '../../build/my_robot_control/my_robot_control.egg-info/SOURCES.txt'
[3.018s] running build
[3.019s] running build_py
[3.019s] creating /home/dia/ros2_ws/build/my_robot_control/build
[3.019s] creating /home/dia/ros2_ws/build/my_robot_control/build/lib
[3.019s] creating /home/dia/ros2_ws/build/my_robot_control/build/lib/my_robot_control
[3.019s] copying my_robot_control/robot_control.py -> /home/dia/ros2_ws/build/my_robot_control/build/lib/my_robot_control
[3.020s] copying my_robot_control/__init__.py -> /home/dia/ros2_ws/build/my_robot_control/build/lib/my_robot_control
[3.020s] running install
[3.021s] running install_lib
[3.022s] creating /home/dia/ros2_ws/install/my_robot_control/lib/python3.10/site-packages/my_robot_control
[3.023s] copying /home/dia/ros2_ws/build/my_robot_control/build/lib/my_robot_control/robot_control.py -> /home/dia/ros2_ws/install/my_robot_control/lib/python3.10/site-packages/my_robot_control
[3.023s] copying /home/dia/ros2_ws/build/my_robot_control/build/lib/my_robot_control/__init__.py -> /home/dia/ros2_ws/install/my_robot_control/lib/python3.10/site-packages/my_robot_control
[3.024s] byte-compiling /home/dia/ros2_ws/install/my_robot_control/lib/python3.10/site-packages/my_robot_control/robot_control.py to robot_control.cpython-310.pyc
[3.025s] byte-compiling /home/dia/ros2_ws/install/my_robot_control/lib/python3.10/site-packages/my_robot_control/__init__.py to __init__.cpython-310.pyc
[3.025s] running install_data
[3.025s] copying resource/my_robot_control -> /home/dia/ros2_ws/install/my_robot_control/share/ament_index/resource_index/packages
[3.026s] copying package.xml -> /home/dia/ros2_ws/install/my_robot_control/share/my_robot_control
[3.026s] running install_egg_info
[3.030s] Copying ../../build/my_robot_control/my_robot_control.egg-info to /home/dia/ros2_ws/install/my_robot_control/lib/python3.10/site-packages/my_robot_control-0.0.1-py3.10.egg-info
[3.031s] running install_scripts
[3.074s] Installing robot_control script to /home/dia/ros2_ws/install/my_robot_control/lib/my_robot_control
[3.075s] writing list of installed files to '/home/dia/ros2_ws/build/my_robot_control/install.log'
[3.140s] Invoked command in '/home/dia/ros2_ws/src/my_robot_control' returned '0': PYTHONPATH=/home/dia/ros2_ws/build/my_robot_control/prefix_override:/usr/lib/python3/dist-packages/colcon_core/task/python/colcon_distutils_commands:/home/dia/ros2_ws/install/my_robot_control/lib/python3.10/site-packages:${PYTHONPATH} /usr/bin/python3 -W ignore:setup.py install is deprecated setup.py egg_info --egg-base ../../build/my_robot_control build --build-base /home/dia/ros2_ws/build/my_robot_control/build install --record /home/dia/ros2_ws/build/my_robot_control/install.log --single-version-externally-managed install_data --force
