/home/dia/.local/lib/python3.10/site-packages/setuptools/_distutils/dist.py:261: UserWarning: Unknown distribution option: 'tests_require'
  warnings.warn(msg)
running egg_info
creating ../build/topic_pkg/topic_pkg.egg-info
writing ../build/topic_pkg/topic_pkg.egg-info/PKG-INFO
writing dependency_links to ../build/topic_pkg/topic_pkg.egg-info/dependency_links.txt
writing entry points to ../build/topic_pkg/topic_pkg.egg-info/entry_points.txt
writing requirements to ../build/topic_pkg/topic_pkg.egg-info/requires.txt
writing top-level names to ../build/topic_pkg/topic_pkg.egg-info/top_level.txt
writing manifest file '../build/topic_pkg/topic_pkg.egg-info/SOURCES.txt'
reading manifest file '../build/topic_pkg/topic_pkg.egg-info/SOURCES.txt'
writing manifest file '../build/topic_pkg/topic_pkg.egg-info/SOURCES.txt'
running build
running build_py
creating /home/dia/ros2_ws/src/build/topic_pkg/build
creating /home/dia/ros2_ws/src/build/topic_pkg/build/lib
creating /home/dia/ros2_ws/src/build/topic_pkg/build/lib/topic_pkg
copying topic_pkg/publisher_demo.py -> /home/dia/ros2_ws/src/build/topic_pkg/build/lib/topic_pkg
copying topic_pkg/__init__.py -> /home/dia/ros2_ws/src/build/topic_pkg/build/lib/topic_pkg
copying topic_pkg/subscriber_demo.py -> /home/dia/ros2_ws/src/build/topic_pkg/build/lib/topic_pkg
running install
running install_lib
creating /home/dia/ros2_ws/src/install/topic_pkg/lib/python3.10/site-packages/topic_pkg
copying /home/dia/ros2_ws/src/build/topic_pkg/build/lib/topic_pkg/publisher_demo.py -> /home/dia/ros2_ws/src/install/topic_pkg/lib/python3.10/site-packages/topic_pkg
copying /home/dia/ros2_ws/src/build/topic_pkg/build/lib/topic_pkg/__init__.py -> /home/dia/ros2_ws/src/install/topic_pkg/lib/python3.10/site-packages/topic_pkg
copying /home/dia/ros2_ws/src/build/topic_pkg/build/lib/topic_pkg/subscriber_demo.py -> /home/dia/ros2_ws/src/install/topic_pkg/lib/python3.10/site-packages/topic_pkg
byte-compiling /home/dia/ros2_ws/src/install/topic_pkg/lib/python3.10/site-packages/topic_pkg/publisher_demo.py to publisher_demo.cpython-310.pyc
byte-compiling /home/dia/ros2_ws/src/install/topic_pkg/lib/python3.10/site-packages/topic_pkg/__init__.py to __init__.cpython-310.pyc
byte-compiling /home/dia/ros2_ws/src/install/topic_pkg/lib/python3.10/site-packages/topic_pkg/subscriber_demo.py to subscriber_demo.cpython-310.pyc
running install_data
creating /home/dia/ros2_ws/src/install/topic_pkg/share/ament_index
creating /home/dia/ros2_ws/src/install/topic_pkg/share/ament_index/resource_index
creating /home/dia/ros2_ws/src/install/topic_pkg/share/ament_index/resource_index/packages
copying resource/topic_pkg -> /home/dia/ros2_ws/src/install/topic_pkg/share/ament_index/resource_index/packages
copying package.xml -> /home/dia/ros2_ws/src/install/topic_pkg/share/topic_pkg
creating /home/dia/ros2_ws/src/install/topic_pkg/share/topic_pkg/launch
copying launch/single_node_launch.py -> /home/dia/ros2_ws/src/install/topic_pkg/share/topic_pkg/launch
running install_egg_info
Copying ../build/topic_pkg/topic_pkg.egg-info to /home/dia/ros2_ws/src/install/topic_pkg/lib/python3.10/site-packages/topic_pkg-0.0.0-py3.10.egg-info
running install_scripts
Installing publisher_demo script to /home/dia/ros2_ws/src/install/topic_pkg/lib/topic_pkg
Installing subscriber_demo script to /home/dia/ros2_ws/src/install/topic_pkg/lib/topic_pkg
writing list of installed files to '/home/dia/ros2_ws/src/build/topic_pkg/install.log'
