[4.695s] Invoking command in '/home/dia/ros2_ws/src/topic_pkg': PYTHONPATH=/home/dia/ros2_ws/src/build/topic_pkg/prefix_override:/usr/lib/python3/dist-packages/colcon_core/task/python/colcon_distutils_commands:/home/dia/ros2_ws/src/install/topic_pkg/lib/python3.10/site-packages:${PYTHONPATH} /usr/bin/python3 -W ignore:setup.py install is deprecated setup.py egg_info --egg-base ../build/topic_pkg build --build-base /home/dia/ros2_ws/src/build/topic_pkg/build install --record /home/dia/ros2_ws/src/build/topic_pkg/install.log --single-version-externally-managed install_data
[5.254s] /home/dia/.local/lib/python3.10/site-packages/setuptools/_distutils/dist.py:261: UserWarning: Unknown distribution option: 'tests_require'
[5.255s]   warnings.warn(msg)
[5.611s] running egg_info
[5.612s] creating ../build/topic_pkg/topic_pkg.egg-info
[5.681s] writing ../build/topic_pkg/topic_pkg.egg-info/PKG-INFO
[5.683s] writing dependency_links to ../build/topic_pkg/topic_pkg.egg-info/dependency_links.txt
[5.685s] writing entry points to ../build/topic_pkg/topic_pkg.egg-info/entry_points.txt
[5.686s] writing requirements to ../build/topic_pkg/topic_pkg.egg-info/requires.txt
[5.686s] writing top-level names to ../build/topic_pkg/topic_pkg.egg-info/top_level.txt
[6.032s] writing manifest file '../build/topic_pkg/topic_pkg.egg-info/SOURCES.txt'
[6.149s] reading manifest file '../build/topic_pkg/topic_pkg.egg-info/SOURCES.txt'
[6.152s] writing manifest file '../build/topic_pkg/topic_pkg.egg-info/SOURCES.txt'
[6.153s] running build
[6.153s] running build_py
[6.153s] creating /home/dia/ros2_ws/src/build/topic_pkg/build
[6.153s] creating /home/dia/ros2_ws/src/build/topic_pkg/build/lib
[6.153s] creating /home/dia/ros2_ws/src/build/topic_pkg/build/lib/topic_pkg
[6.154s] copying topic_pkg/publisher_demo.py -> /home/dia/ros2_ws/src/build/topic_pkg/build/lib/topic_pkg
[6.154s] copying topic_pkg/__init__.py -> /home/dia/ros2_ws/src/build/topic_pkg/build/lib/topic_pkg
[6.154s] copying topic_pkg/subscriber_demo.py -> /home/dia/ros2_ws/src/build/topic_pkg/build/lib/topic_pkg
[6.155s] running install
[6.165s] running install_lib
[6.221s] creating /home/dia/ros2_ws/src/install/topic_pkg/lib/python3.10/site-packages/topic_pkg
[6.222s] copying /home/dia/ros2_ws/src/build/topic_pkg/build/lib/topic_pkg/publisher_demo.py -> /home/dia/ros2_ws/src/install/topic_pkg/lib/python3.10/site-packages/topic_pkg
[6.222s] copying /home/dia/ros2_ws/src/build/topic_pkg/build/lib/topic_pkg/__init__.py -> /home/dia/ros2_ws/src/install/topic_pkg/lib/python3.10/site-packages/topic_pkg
[6.222s] copying /home/dia/ros2_ws/src/build/topic_pkg/build/lib/topic_pkg/subscriber_demo.py -> /home/dia/ros2_ws/src/install/topic_pkg/lib/python3.10/site-packages/topic_pkg
[6.224s] byte-compiling /home/dia/ros2_ws/src/install/topic_pkg/lib/python3.10/site-packages/topic_pkg/publisher_demo.py to publisher_demo.cpython-310.pyc
[6.225s] byte-compiling /home/dia/ros2_ws/src/install/topic_pkg/lib/python3.10/site-packages/topic_pkg/__init__.py to __init__.cpython-310.pyc
[6.226s] byte-compiling /home/dia/ros2_ws/src/install/topic_pkg/lib/python3.10/site-packages/topic_pkg/subscriber_demo.py to subscriber_demo.cpython-310.pyc
[6.226s] running install_data
[6.227s] creating /home/dia/ros2_ws/src/install/topic_pkg/share/ament_index
[6.227s] creating /home/dia/ros2_ws/src/install/topic_pkg/share/ament_index/resource_index
[6.227s] creating /home/dia/ros2_ws/src/install/topic_pkg/share/ament_index/resource_index/packages
[6.227s] copying resource/topic_pkg -> /home/dia/ros2_ws/src/install/topic_pkg/share/ament_index/resource_index/packages
[6.229s] copying package.xml -> /home/dia/ros2_ws/src/install/topic_pkg/share/topic_pkg
[6.230s] creating /home/dia/ros2_ws/src/install/topic_pkg/share/topic_pkg/launch
[6.230s] copying launch/single_node_launch.py -> /home/dia/ros2_ws/src/install/topic_pkg/share/topic_pkg/launch
[6.230s] running install_egg_info
[6.284s] Copying ../build/topic_pkg/topic_pkg.egg-info to /home/dia/ros2_ws/src/install/topic_pkg/lib/python3.10/site-packages/topic_pkg-0.0.0-py3.10.egg-info
[6.285s] running install_scripts
[6.412s] Installing publisher_demo script to /home/dia/ros2_ws/src/install/topic_pkg/lib/topic_pkg
[6.412s] Installing subscriber_demo script to /home/dia/ros2_ws/src/install/topic_pkg/lib/topic_pkg
[6.412s] writing list of installed files to '/home/dia/ros2_ws/src/build/topic_pkg/install.log'
[6.492s] Invoked command in '/home/dia/ros2_ws/src/topic_pkg' returned '0': PYTHONPATH=/home/dia/ros2_ws/src/build/topic_pkg/prefix_override:/usr/lib/python3/dist-packages/colcon_core/task/python/colcon_distutils_commands:/home/dia/ros2_ws/src/install/topic_pkg/lib/python3.10/site-packages:${PYTHONPATH} /usr/bin/python3 -W ignore:setup.py install is deprecated setup.py egg_info --egg-base ../build/topic_pkg build --build-base /home/dia/ros2_ws/src/build/topic_pkg/build install --record /home/dia/ros2_ws/src/build/topic_pkg/install.log --single-version-externally-managed install_data
