running egg_info
creating ../build/cam_yolo/cam_yolo.egg-info
writing ../build/cam_yolo/cam_yolo.egg-info/PKG-INFO
writing dependency_links to ../build/cam_yolo/cam_yolo.egg-info/dependency_links.txt
writing requirements to ../build/cam_yolo/cam_yolo.egg-info/requires.txt
writing top-level names to ../build/cam_yolo/cam_yolo.egg-info/top_level.txt
writing manifest file '../build/cam_yolo/cam_yolo.egg-info/SOURCES.txt'
reading manifest file '../build/cam_yolo/cam_yolo.egg-info/SOURCES.txt'
writing manifest file '../build/cam_yolo/cam_yolo.egg-info/SOURCES.txt'
running build
running build_py
creating /home/dia/ros2_ws/src/build/cam_yolo/build
creating /home/dia/ros2_ws/src/build/cam_yolo/build/lib
creating /home/dia/ros2_ws/src/build/cam_yolo/build/lib/cam_yolo
copying cam_yolo/__init__.py -> /home/dia/ros2_ws/src/build/cam_yolo/build/lib/cam_yolo
copying cam_yolo/cam_yolo_node.py -> /home/dia/ros2_ws/src/build/cam_yolo/build/lib/cam_yolo
running install
running install_lib
creating /home/dia/ros2_ws/src/install/cam_yolo/lib/python3.10/site-packages/cam_yolo
copying /home/dia/ros2_ws/src/build/cam_yolo/build/lib/cam_yolo/__init__.py -> /home/dia/ros2_ws/src/install/cam_yolo/lib/python3.10/site-packages/cam_yolo
copying /home/dia/ros2_ws/src/build/cam_yolo/build/lib/cam_yolo/cam_yolo_node.py -> /home/dia/ros2_ws/src/install/cam_yolo/lib/python3.10/site-packages/cam_yolo
byte-compiling /home/dia/ros2_ws/src/install/cam_yolo/lib/python3.10/site-packages/cam_yolo/__init__.py to __init__.cpython-310.pyc
byte-compiling /home/dia/ros2_ws/src/install/cam_yolo/lib/python3.10/site-packages/cam_yolo/cam_yolo_node.py to cam_yolo_node.cpython-310.pyc
running install_data
creating /home/dia/ros2_ws/src/install/cam_yolo/share/ament_index
creating /home/dia/ros2_ws/src/install/cam_yolo/share/ament_index/resource_index
creating /home/dia/ros2_ws/src/install/cam_yolo/share/ament_index/resource_index/packages
copying resource/cam_yolo -> /home/dia/ros2_ws/src/install/cam_yolo/share/ament_index/resource_index/packages
copying package.xml -> /home/dia/ros2_ws/src/install/cam_yolo/share/cam_yolo
running install_egg_info
Copying ../build/cam_yolo/cam_yolo.egg-info to /home/dia/ros2_ws/src/install/cam_yolo/lib/python3.10/site-packages/cam_yolo-0.0.0-py3.10.egg-info
running install_scripts
writing list of installed files to '/home/dia/ros2_ws/src/build/cam_yolo/install.log'
