[4.839s] Invoking command in '/home/dia/ros2_ws/src/cam_yolo': PYTHONPATH=/home/dia/ros2_ws/src/build/cam_yolo/prefix_override:/usr/lib/python3/dist-packages/colcon_core/task/python/colcon_distutils_commands:/home/dia/ros2_ws/src/install/cam_yolo/lib/python3.10/site-packages:${PYTHONPATH} /usr/bin/python3 -W ignore:setup.py install is deprecated setup.py egg_info --egg-base ../build/cam_yolo build --build-base /home/dia/ros2_ws/src/build/cam_yolo/build install --record /home/dia/ros2_ws/src/build/cam_yolo/install.log --single-version-externally-managed install_data
[5.225s] /home/dia/.local/lib/python3.10/site-packages/setuptools/_distutils/dist.py:261: UserWarning: Unknown distribution option: 'tests_require'
[5.225s]   warnings.warn(msg)
[5.542s] running egg_info
[5.543s] creating ../build/cam_yolo/cam_yolo.egg-info
[5.594s] writing ../build/cam_yolo/cam_yolo.egg-info/PKG-INFO
[5.595s] writing dependency_links to ../build/cam_yolo/cam_yolo.egg-info/dependency_links.txt
[5.595s] writing requirements to ../build/cam_yolo/cam_yolo.egg-info/requires.txt
[5.595s] writing top-level names to ../build/cam_yolo/cam_yolo.egg-info/top_level.txt
[5.891s] writing manifest file '../build/cam_yolo/cam_yolo.egg-info/SOURCES.txt'
[5.998s] reading manifest file '../build/cam_yolo/cam_yolo.egg-info/SOURCES.txt'
[6.000s] writing manifest file '../build/cam_yolo/cam_yolo.egg-info/SOURCES.txt'
[6.000s] running build
[6.001s] running build_py
[6.001s] creating /home/dia/ros2_ws/src/build/cam_yolo/build
[6.001s] creating /home/dia/ros2_ws/src/build/cam_yolo/build/lib
[6.002s] creating /home/dia/ros2_ws/src/build/cam_yolo/build/lib/cam_yolo
[6.002s] copying cam_yolo/__init__.py -> /home/dia/ros2_ws/src/build/cam_yolo/build/lib/cam_yolo
[6.002s] copying cam_yolo/cam_yolo_node.py -> /home/dia/ros2_ws/src/build/cam_yolo/build/lib/cam_yolo
[6.003s] running install
[6.013s] running install_lib
[6.066s] creating /home/dia/ros2_ws/src/install/cam_yolo/lib/python3.10/site-packages/cam_yolo
[6.066s] copying /home/dia/ros2_ws/src/build/cam_yolo/build/lib/cam_yolo/__init__.py -> /home/dia/ros2_ws/src/install/cam_yolo/lib/python3.10/site-packages/cam_yolo
[6.067s] copying /home/dia/ros2_ws/src/build/cam_yolo/build/lib/cam_yolo/cam_yolo_node.py -> /home/dia/ros2_ws/src/install/cam_yolo/lib/python3.10/site-packages/cam_yolo
[6.068s] byte-compiling /home/dia/ros2_ws/src/install/cam_yolo/lib/python3.10/site-packages/cam_yolo/__init__.py to __init__.cpython-310.pyc
[6.068s] byte-compiling /home/dia/ros2_ws/src/install/cam_yolo/lib/python3.10/site-packages/cam_yolo/cam_yolo_node.py to cam_yolo_node.cpython-310.pyc
[6.070s] running install_data
[6.070s] creating /home/dia/ros2_ws/src/install/cam_yolo/share/ament_index
[6.071s] creating /home/dia/ros2_ws/src/install/cam_yolo/share/ament_index/resource_index
[6.071s] creating /home/dia/ros2_ws/src/install/cam_yolo/share/ament_index/resource_index/packages
[6.071s] copying resource/cam_yolo -> /home/dia/ros2_ws/src/install/cam_yolo/share/ament_index/resource_index/packages
[6.071s] copying package.xml -> /home/dia/ros2_ws/src/install/cam_yolo/share/cam_yolo
[6.071s] running install_egg_info
[6.127s] Copying ../build/cam_yolo/cam_yolo.egg-info to /home/dia/ros2_ws/src/install/cam_yolo/lib/python3.10/site-packages/cam_yolo-0.0.0-py3.10.egg-info
[6.129s] running install_scripts
[6.255s] writing list of installed files to '/home/dia/ros2_ws/src/build/cam_yolo/install.log'
[6.338s] Invoked command in '/home/dia/ros2_ws/src/cam_yolo' returned '0': PYTHONPATH=/home/dia/ros2_ws/src/build/cam_yolo/prefix_override:/usr/lib/python3/dist-packages/colcon_core/task/python/colcon_distutils_commands:/home/dia/ros2_ws/src/install/cam_yolo/lib/python3.10/site-packages:${PYTHONPATH} /usr/bin/python3 -W ignore:setup.py install is deprecated setup.py egg_info --egg-base ../build/cam_yolo build --build-base /home/dia/ros2_ws/src/build/cam_yolo/build install --record /home/dia/ros2_ws/src/build/cam_yolo/install.log --single-version-externally-managed install_data
