running egg_info
writing ../../build/esp32_motor_control/esp32_motor_control.egg-info/PKG-INFO
writing dependency_links to ../../build/esp32_motor_control/esp32_motor_control.egg-info/dependency_links.txt
writing entry points to ../../build/esp32_motor_control/esp32_motor_control.egg-info/entry_points.txt
writing requirements to ../../build/esp32_motor_control/esp32_motor_control.egg-info/requires.txt
writing top-level names to ../../build/esp32_motor_control/esp32_motor_control.egg-info/top_level.txt
reading manifest file '../../build/esp32_motor_control/esp32_motor_control.egg-info/SOURCES.txt'
writing manifest file '../../build/esp32_motor_control/esp32_motor_control.egg-info/SOURCES.txt'
running build
running build_py
copying esp32_motor_control/motor_control_node.py -> /home/dia/ros2_ws/build/esp32_motor_control/build/lib/esp32_motor_control
running install
running install_lib
copying /home/dia/ros2_ws/build/esp32_motor_control/build/lib/esp32_motor_control/motor_control_node.py -> /home/dia/ros2_ws/install/esp32_motor_control/lib/python3.10/site-packages/esp32_motor_control
byte-compiling /home/dia/ros2_ws/install/esp32_motor_control/lib/python3.10/site-packages/esp32_motor_control/motor_control_node.py to motor_control_node.cpython-310.pyc
running install_data
running install_egg_info
removing '/home/dia/ros2_ws/install/esp32_motor_control/lib/python3.10/site-packages/esp32_motor_control-0.0.0-py3.10.egg-info' (and everything under it)
Copying ../../build/esp32_motor_control/esp32_motor_control.egg-info to /home/dia/ros2_ws/install/esp32_motor_control/lib/python3.10/site-packages/esp32_motor_control-0.0.0-py3.10.egg-info
running install_scripts
Installing motor_control_node script to /home/dia/ros2_ws/install/esp32_motor_control/lib/esp32_motor_control
writing list of installed files to '/home/dia/ros2_ws/build/esp32_motor_control/install.log'
