[0.651s] Invoking command in '/home/dia/ros2_ws/build/my_robot_control': /usr/bin/cmake --build /home/dia/ros2_ws/build/my_robot_control -- -j6 -l6
[1.277s] Invoked command in '/home/dia/ros2_ws/build/my_robot_control' returned '0': /usr/bin/cmake --build /home/dia/ros2_ws/build/my_robot_control -- -j6 -l6
[1.398s] Invoking command in '/home/dia/ros2_ws/build/my_robot_control': /usr/bin/cmake --install /home/dia/ros2_ws/build/my_robot_control
[1.413s] -- Install configuration: ""
[1.414s] -- Up-to-date: /home/dia/ros2_ws/install/my_robot_control/share/ament_index/resource_index/package_run_dependencies/my_robot_control
[1.414s] -- Up-to-date: /home/dia/ros2_ws/install/my_robot_control/share/ament_index/resource_index/parent_prefix_path/my_robot_control
[1.414s] -- Up-to-date: /home/dia/ros2_ws/install/my_robot_control/share/my_robot_control/environment/ament_prefix_path.sh
[1.414s] -- Up-to-date: /home/dia/ros2_ws/install/my_robot_control/share/my_robot_control/environment/ament_prefix_path.dsv
[1.414s] -- Up-to-date: /home/dia/ros2_ws/install/my_robot_control/share/my_robot_control/environment/path.sh
[1.414s] -- Up-to-date: /home/dia/ros2_ws/install/my_robot_control/share/my_robot_control/environment/path.dsv
[1.415s] -- Up-to-date: /home/dia/ros2_ws/install/my_robot_control/share/my_robot_control/local_setup.bash
[1.415s] -- Up-to-date: /home/dia/ros2_ws/install/my_robot_control/share/my_robot_control/local_setup.sh
[1.415s] -- Up-to-date: /home/dia/ros2_ws/install/my_robot_control/share/my_robot_control/local_setup.zsh
[1.415s] -- Up-to-date: /home/dia/ros2_ws/install/my_robot_control/share/my_robot_control/local_setup.dsv
[1.415s] -- Installing: /home/dia/ros2_ws/install/my_robot_control/share/my_robot_control/package.dsv
[1.415s] -- Up-to-date: /home/dia/ros2_ws/install/my_robot_control/share/ament_index/resource_index/packages/my_robot_control
[1.415s] -- Up-to-date: /home/dia/ros2_ws/install/my_robot_control/share/my_robot_control/cmake/my_robot_controlConfig.cmake
[1.416s] -- Up-to-date: /home/dia/ros2_ws/install/my_robot_control/share/my_robot_control/cmake/my_robot_controlConfig-version.cmake
[1.416s] -- Up-to-date: /home/dia/ros2_ws/install/my_robot_control/share/my_robot_control/package.xml
[1.421s] Invoked command in '/home/dia/ros2_ws/build/my_robot_control' returned '0': /usr/bin/cmake --install /home/dia/ros2_ws/build/my_robot_control
