[4.506s] Invoking command in '/home/dia/ros2_ws/src/result_publisher': PYTHONPATH=/home/dia/ros2_ws/src/build/result_publisher/prefix_override:/usr/lib/python3/dist-packages/colcon_core/task/python/colcon_distutils_commands:/home/dia/ros2_ws/src/install/result_publisher/lib/python3.10/site-packages:${PYTHONPATH} /usr/bin/python3 -W ignore:setup.py install is deprecated setup.py egg_info --egg-base ../build/result_publisher build --build-base /home/dia/ros2_ws/src/build/result_publisher/build install --record /home/dia/ros2_ws/src/build/result_publisher/install.log --single-version-externally-managed install_data
[4.910s] /home/dia/.local/lib/python3.10/site-packages/setuptools/_distutils/dist.py:261: UserWarning: Unknown distribution option: 'tests_require'
[4.910s]   warnings.warn(msg)
[5.223s] running egg_info
[5.274s] writing ../build/result_publisher/result_publisher.egg-info/PKG-INFO
[5.275s] writing dependency_links to ../build/result_publisher/result_publisher.egg-info/dependency_links.txt
[5.276s] writing entry points to ../build/result_publisher/result_publisher.egg-info/entry_points.txt
[5.276s] writing requirements to ../build/result_publisher/result_publisher.egg-info/requires.txt
[5.277s] writing top-level names to ../build/result_publisher/result_publisher.egg-info/top_level.txt
[5.677s] reading manifest file '../build/result_publisher/result_publisher.egg-info/SOURCES.txt'
[5.680s] writing manifest file '../build/result_publisher/result_publisher.egg-info/SOURCES.txt'
[5.681s] running build
[5.681s] running build_py
[5.681s] copying result_publisher/__init__.py -> /home/dia/ros2_ws/src/build/result_publisher/build/lib/result_publisher
[5.682s] copying result_publisher/publisher_node.py -> /home/dia/ros2_ws/src/build/result_publisher/build/lib/result_publisher
[5.683s] running install
[5.693s] running install_lib
[5.759s] running install_data
[5.760s] copying resource/result_publisher -> /home/dia/ros2_ws/src/install/result_publisher/share/ament_index/resource_index/packages
[5.760s] copying package.xml -> /home/dia/ros2_ws/src/install/result_publisher/share/result_publisher
[5.761s] running install_egg_info
[5.816s] removing '/home/dia/ros2_ws/src/install/result_publisher/lib/python3.10/site-packages/result_publisher-0.0.0-py3.10.egg-info' (and everything under it)
[5.816s] Copying ../build/result_publisher/result_publisher.egg-info to /home/dia/ros2_ws/src/install/result_publisher/lib/python3.10/site-packages/result_publisher-0.0.0-py3.10.egg-info
[5.819s] running install_scripts
[5.956s] Installing publisher_node script to /home/dia/ros2_ws/src/install/result_publisher/lib/result_publisher
[5.957s] writing list of installed files to '/home/dia/ros2_ws/src/build/result_publisher/install.log'
[6.074s] Invoked command in '/home/dia/ros2_ws/src/result_publisher' returned '0': PYTHONPATH=/home/dia/ros2_ws/src/build/result_publisher/prefix_override:/usr/lib/python3/dist-packages/colcon_core/task/python/colcon_distutils_commands:/home/dia/ros2_ws/src/install/result_publisher/lib/python3.10/site-packages:${PYTHONPATH} /usr/bin/python3 -W ignore:setup.py install is deprecated setup.py egg_info --egg-base ../build/result_publisher build --build-base /home/dia/ros2_ws/src/build/result_publisher/build install --record /home/dia/ros2_ws/src/build/result_publisher/install.log --single-version-externally-managed install_data
