[4.178s] Invoking command in '/home/dia/ros2_ws/src/esp32_cam_stream': PYTHONPATH=/home/dia/ros2_ws/src/build/esp32_cam_stream/prefix_override:/usr/lib/python3/dist-packages/colcon_core/task/python/colcon_distutils_commands:/home/dia/ros2_ws/src/install/esp32_cam_stream/lib/python3.10/site-packages:${PYTHONPATH} /usr/bin/python3 -W ignore:setup.py install is deprecated setup.py egg_info --egg-base ../build/esp32_cam_stream build --build-base /home/dia/ros2_ws/src/build/esp32_cam_stream/build install --record /home/dia/ros2_ws/src/build/esp32_cam_stream/install.log --single-version-externally-managed install_data
[4.582s] /home/dia/.local/lib/python3.10/site-packages/setuptools/_distutils/dist.py:261: UserWarning: Unknown distribution option: 'tests_require'
[4.582s]   warnings.warn(msg)
[4.906s] running egg_info
[4.957s] writing ../build/esp32_cam_stream/esp32_cam_stream.egg-info/PKG-INFO
[4.958s] writing dependency_links to ../build/esp32_cam_stream/esp32_cam_stream.egg-info/dependency_links.txt
[4.959s] writing entry points to ../build/esp32_cam_stream/esp32_cam_stream.egg-info/entry_points.txt
[4.959s] writing requirements to ../build/esp32_cam_stream/esp32_cam_stream.egg-info/requires.txt
[4.960s] writing top-level names to ../build/esp32_cam_stream/esp32_cam_stream.egg-info/top_level.txt
[5.371s] reading manifest file '../build/esp32_cam_stream/esp32_cam_stream.egg-info/SOURCES.txt'
[5.373s] writing manifest file '../build/esp32_cam_stream/esp32_cam_stream.egg-info/SOURCES.txt'
[5.374s] running build
[5.374s] running build_py
[5.374s] copying esp32_cam_stream/__init__.py -> /home/dia/ros2_ws/src/build/esp32_cam_stream/build/lib/esp32_cam_stream
[5.375s] running install
[5.386s] running install_lib
[5.437s] creating /home/dia/ros2_ws/src/install/esp32_cam_stream/lib/python3.10/site-packages/esp32_cam_stream
[5.438s] copying /home/dia/ros2_ws/src/build/esp32_cam_stream/build/lib/esp32_cam_stream/__init__.py -> /home/dia/ros2_ws/src/install/esp32_cam_stream/lib/python3.10/site-packages/esp32_cam_stream
[5.438s] copying /home/dia/ros2_ws/src/build/esp32_cam_stream/build/lib/esp32_cam_stream/esp32_cam_node.py -> /home/dia/ros2_ws/src/install/esp32_cam_stream/lib/python3.10/site-packages/esp32_cam_stream
[5.440s] byte-compiling /home/dia/ros2_ws/src/install/esp32_cam_stream/lib/python3.10/site-packages/esp32_cam_stream/__init__.py to __init__.cpython-310.pyc
[5.440s] byte-compiling /home/dia/ros2_ws/src/install/esp32_cam_stream/lib/python3.10/site-packages/esp32_cam_stream/esp32_cam_node.py to esp32_cam_node.cpython-310.pyc
[5.441s] running install_data
[5.442s] creating /home/dia/ros2_ws/src/install/esp32_cam_stream/share/ament_index
[5.442s] creating /home/dia/ros2_ws/src/install/esp32_cam_stream/share/ament_index/resource_index
[5.443s] creating /home/dia/ros2_ws/src/install/esp32_cam_stream/share/ament_index/resource_index/packages
[5.443s] copying resource/esp32_cam_stream -> /home/dia/ros2_ws/src/install/esp32_cam_stream/share/ament_index/resource_index/packages
[5.443s] copying package.xml -> /home/dia/ros2_ws/src/install/esp32_cam_stream/share/esp32_cam_stream
[5.443s] running install_egg_info
[5.500s] Copying ../build/esp32_cam_stream/esp32_cam_stream.egg-info to /home/dia/ros2_ws/src/install/esp32_cam_stream/lib/python3.10/site-packages/esp32_cam_stream-0.0.0-py3.10.egg-info
[5.502s] running install_scripts
[5.628s] Installing esp32_cam_node script to /home/dia/ros2_ws/src/install/esp32_cam_stream/lib/esp32_cam_stream
[5.629s] writing list of installed files to '/home/dia/ros2_ws/src/build/esp32_cam_stream/install.log'
