[0.568s] Invoking command in '/home/dia/ros2_ws/build/simulation': CMAKE_PREFIX_PATH=/opt/ros/humble /usr/bin/cmake --build /home/dia/ros2_ws/build/simulation -- -j6 -l6
[0.656s] Invoked command in '/home/dia/ros2_ws/build/simulation' returned '0': CMAKE_PREFIX_PATH=/opt/ros/humble /usr/bin/cmake --build /home/dia/ros2_ws/build/simulation -- -j6 -l6
[0.718s] Invoking command in '/home/dia/ros2_ws/build/simulation': CMAKE_PREFIX_PATH=/opt/ros/humble /usr/bin/cmake --install /home/dia/ros2_ws/build/simulation
[0.736s] -- Install configuration: ""
[0.737s] -- Up-to-date: /home/dia/ros2_ws/install/simulation/share/ament_index/resource_index/package_run_dependencies/simulation
[0.737s] -- Up-to-date: /home/dia/ros2_ws/install/simulation/share/ament_index/resource_index/parent_prefix_path/simulation
[0.737s] -- Up-to-date: /home/dia/ros2_ws/install/simulation/share/simulation/environment/ament_prefix_path.sh
[0.737s] -- Installing: /home/dia/ros2_ws/install/simulation/share/simulation/environment/ament_prefix_path.dsv
[0.737s] -- Up-to-date: /home/dia/ros2_ws/install/simulation/share/simulation/environment/path.sh
[0.737s] -- Installing: /home/dia/ros2_ws/install/simulation/share/simulation/environment/path.dsv
[0.738s] -- Up-to-date: /home/dia/ros2_ws/install/simulation/share/simulation/local_setup.bash
[0.738s] -- Up-to-date: /home/dia/ros2_ws/install/simulation/share/simulation/local_setup.sh
[0.738s] -- Up-to-date: /home/dia/ros2_ws/install/simulation/share/simulation/local_setup.zsh
[0.738s] -- Installing: /home/dia/ros2_ws/install/simulation/share/simulation/local_setup.dsv
[0.738s] -- Installing: /home/dia/ros2_ws/install/simulation/share/simulation/package.dsv
[0.739s] -- Up-to-date: /home/dia/ros2_ws/install/simulation/share/ament_index/resource_index/packages/simulation
[0.739s] -- Up-to-date: /home/dia/ros2_ws/install/simulation/share/simulation/cmake/simulationConfig.cmake
[0.739s] -- Up-to-date: /home/dia/ros2_ws/install/simulation/share/simulation/cmake/simulationConfig-version.cmake
[0.739s] -- Up-to-date: /home/dia/ros2_ws/install/simulation/share/simulation/package.xml
[0.740s] -- Up-to-date: /home/dia/ros2_ws/install/simulation/share/simulation/launch
[0.740s] -- Up-to-date: /home/dia/ros2_ws/install/simulation/share/simulation/launch/move_group.launch.py
[0.740s] -- Up-to-date: /home/dia/ros2_ws/install/simulation/share/simulation/launch/rsp.launch.py
[0.740s] -- Up-to-date: /home/dia/ros2_ws/install/simulation/share/simulation/launch/spawn_controllers.launch.py
[0.740s] -- Up-to-date: /home/dia/ros2_ws/install/simulation/share/simulation/launch/warehouse_db.launch.py
[0.740s] -- Up-to-date: /home/dia/ros2_ws/install/simulation/share/simulation/launch/gazebo.launch.py
[0.741s] -- Up-to-date: /home/dia/ros2_ws/install/simulation/share/simulation/launch/static_virtual_joint_tfs.launch.py
[0.741s] -- Up-to-date: /home/dia/ros2_ws/install/simulation/share/simulation/launch/demo.launch.py
[0.741s] -- Up-to-date: /home/dia/ros2_ws/install/simulation/share/simulation/launch/rviz.launch.py
[0.741s] -- Up-to-date: /home/dia/ros2_ws/install/simulation/share/simulation/launch/display.launch.py
[0.742s] -- Up-to-date: /home/dia/ros2_ws/install/simulation/share/simulation/launch/setup_assistant.launch.py
[0.742s] -- Up-to-date: /home/dia/ros2_ws/install/simulation/share/simulation/launch/moveit_rviz.launch.py
[0.742s] -- Up-to-date: /home/dia/ros2_ws/install/simulation/share/simulation/config
[0.742s] -- Up-to-date: /home/dia/ros2_ws/install/simulation/share/simulation/config/structure.ros2_control.xacro
[0.742s] -- Up-to-date: /home/dia/ros2_ws/install/simulation/share/simulation/config/moveit_controllers.yaml
[0.742s] -- Up-to-date: /home/dia/ros2_ws/install/simulation/share/simulation/config/controllers.yaml
[0.742s] -- Up-to-date: /home/dia/ros2_ws/install/simulation/share/simulation/config/moveit.rviz
[0.742s] -- Up-to-date: /home/dia/ros2_ws/install/simulation/share/simulation/config/joint_limits.yaml
[0.743s] -- Up-to-date: /home/dia/ros2_ws/install/simulation/share/simulation/config/kinematics.yaml
[0.743s] -- Up-to-date: /home/dia/ros2_ws/install/simulation/share/simulation/config/pilz_cartesian_limits.yaml
[0.743s] -- Up-to-date: /home/dia/ros2_ws/install/simulation/share/simulation/config/structure.srdf
[0.743s] -- Up-to-date: /home/dia/ros2_ws/install/simulation/share/simulation/config/sensors_3d.yaml
[0.743s] -- Up-to-date: /home/dia/ros2_ws/install/simulation/share/simulation/config/structure.urdf.xacro
[0.743s] -- Up-to-date: /home/dia/ros2_ws/install/simulation/share/simulation/config/ros2_controllers.yaml
[0.743s] -- Up-to-date: /home/dia/ros2_ws/install/simulation/share/simulation/config/initial_positions.yaml
[0.744s] -- Up-to-date: /home/dia/ros2_ws/install/simulation/share/simulation/.setup_assistant
[0.746s] Invoked command in '/home/dia/ros2_ws/build/simulation' returned '0': CMAKE_PREFIX_PATH=/opt/ros/humble /usr/bin/cmake --install /home/dia/ros2_ws/build/simulation
