-- Install configuration: ""
-- Up-to-date: /home/dia/ros2_ws/install/simulation/share/ament_index/resource_index/package_run_dependencies/simulation
-- Up-to-date: /home/dia/ros2_ws/install/simulation/share/ament_index/resource_index/parent_prefix_path/simulation
-- Up-to-date: /home/dia/ros2_ws/install/simulation/share/simulation/environment/ament_prefix_path.sh
-- Up-to-date: /home/dia/ros2_ws/install/simulation/share/simulation/environment/ament_prefix_path.dsv
-- Up-to-date: /home/dia/ros2_ws/install/simulation/share/simulation/environment/path.sh
-- Up-to-date: /home/dia/ros2_ws/install/simulation/share/simulation/environment/path.dsv
-- Up-to-date: /home/dia/ros2_ws/install/simulation/share/simulation/local_setup.bash
-- Up-to-date: /home/dia/ros2_ws/install/simulation/share/simulation/local_setup.sh
-- Up-to-date: /home/dia/ros2_ws/install/simulation/share/simulation/local_setup.zsh
-- Up-to-date: /home/dia/ros2_ws/install/simulation/share/simulation/local_setup.dsv
-- Installing: /home/dia/ros2_ws/install/simulation/share/simulation/package.dsv
-- Up-to-date: /home/dia/ros2_ws/install/simulation/share/ament_index/resource_index/packages/simulation
-- Up-to-date: /home/dia/ros2_ws/install/simulation/share/simulation/cmake/simulationConfig.cmake
-- Up-to-date: /home/dia/ros2_ws/install/simulation/share/simulation/cmake/simulationConfig-version.cmake
-- Up-to-date: /home/dia/ros2_ws/install/simulation/share/simulation/package.xml
-- Up-to-date: /home/dia/ros2_ws/install/simulation/share/simulation/launch
-- Up-to-date: /home/dia/ros2_ws/install/simulation/share/simulation/launch/setup_assistant.launch.py
-- Up-to-date: /home/dia/ros2_ws/install/simulation/share/simulation/launch/rviz.launch.py
-- Up-to-date: /home/dia/ros2_ws/install/simulation/share/simulation/launch/move_group.launch.py
-- Up-to-date: /home/dia/ros2_ws/install/simulation/share/simulation/launch/static_virtual_joint_tfs.launch.py
-- Up-to-date: /home/dia/ros2_ws/install/simulation/share/simulation/launch/moveit_rviz.launch.py
-- Up-to-date: /home/dia/ros2_ws/install/simulation/share/simulation/launch/gazebo.launch.py
-- Up-to-date: /home/dia/ros2_ws/install/simulation/share/simulation/launch/demo.launch.py
-- Up-to-date: /home/dia/ros2_ws/install/simulation/share/simulation/launch/spawn_controllers.launch.py
-- Up-to-date: /home/dia/ros2_ws/install/simulation/share/simulation/launch/display.launch.py
-- Up-to-date: /home/dia/ros2_ws/install/simulation/share/simulation/launch/warehouse_db.launch.py
-- Up-to-date: /home/dia/ros2_ws/install/simulation/share/simulation/launch/rsp.launch.py
-- Up-to-date: /home/dia/ros2_ws/install/simulation/share/simulation/config
-- Up-to-date: /home/dia/ros2_ws/install/simulation/share/simulation/config/kinematics.yaml
-- Up-to-date: /home/dia/ros2_ws/install/simulation/share/simulation/config/structure.srdf
-- Up-to-date: /home/dia/ros2_ws/install/simulation/share/simulation/config/moveit_controllers.yaml
-- Up-to-date: /home/dia/ros2_ws/install/simulation/share/simulation/config/sensors_3d.yaml
-- Up-to-date: /home/dia/ros2_ws/install/simulation/share/simulation/config/controllers.yaml
-- Up-to-date: /home/dia/ros2_ws/install/simulation/share/simulation/config/initial_positions.yaml
-- Up-to-date: /home/dia/ros2_ws/install/simulation/share/simulation/config/pilz_cartesian_limits.yaml
-- Up-to-date: /home/dia/ros2_ws/install/simulation/share/simulation/config/moveit.rviz
-- Up-to-date: /home/dia/ros2_ws/install/simulation/share/simulation/config/structure.ros2_control.xacro
-- Up-to-date: /home/dia/ros2_ws/install/simulation/share/simulation/config/structure.urdf.xacro
-- Up-to-date: /home/dia/ros2_ws/install/simulation/share/simulation/config/ros2_controllers.yaml
-- Up-to-date: /home/dia/ros2_ws/install/simulation/share/simulation/config/joint_limits.yaml
-- Up-to-date: /home/dia/ros2_ws/install/simulation/share/simulation/.setup_assistant
