[0.632s] Invoking command in '/home/dia/ros2_ws/src/build/my_box_bot_gazebo': CMAKE_PREFIX_PATH=${CMAKE_PREFIX_PATH}:/home/dia/ros2_ws/install/yolo_detection:/home/dia/ros2_ws/install/urdf_tutorial_r2d2:/home/dia/ros2_ws/install/topic_pkg:/home/dia/ros2_ws/install/structureURDF:/home/dia/ros2_ws/install/service_pkg:/home/dia/ros2_ws/install/result_publisher:/home/dia/ros2_ws/install/esp32_cam_stream:/opt/ros/iron /usr/bin/cmake /home/dia/ros2_ws/src/my_box_bot_gazebo -DCMAKE_INSTALL_PREFIX=/home/dia/ros2_ws/src/install/my_box_bot_gazebo
[2.325s] -- The C compiler identification is GNU 11.4.0
[2.326s] -- The CXX compiler identification is GNU 11.4.0
[2.327s] -- Detecting C compiler ABI info
[2.328s] -- Detecting C compiler ABI info - done
[2.328s] -- Check for working C compiler: /usr/bin/cc - skipped
[2.328s] -- Detecting C compile features
[2.328s] -- Detecting C compile features - done
[2.329s] -- Detecting CXX compiler ABI info
[2.329s] -- Detecting CXX compiler ABI info - done
[2.329s] -- Check for working CXX compiler: /usr/bin/c++ - skipped
[2.329s] -- Detecting CXX compile features
[2.330s] -- Detecting CXX compile features - done
[2.330s] -- Found ament_cmake: 2.0.6 (/opt/ros/iron/share/ament_cmake/cmake)
[2.330s] -- Found Python3: /usr/bin/python3.10 (found version "3.10.12") found components: Interpreter 
[2.403s] -- Found rclpy: 4.1.6 (/opt/ros/iron/share/rclpy/cmake)
[2.407s] -- Found ament_lint_auto: 0.14.4 (/opt/ros/iron/share/ament_lint_auto/cmake)
[2.595s] -- Added test 'flake8' to check Python code syntax and style conventions
[2.596s] -- Configured 'flake8' exclude dirs and/or files: 
[2.597s] -- Added test 'lint_cmake' to check CMake code style
[2.598s] -- Added test 'pep257' to check Python code against some of the docstring style conventions in PEP 257
[2.601s] -- Added test 'xmllint' to check XML markup files
[2.605s] -- Configuring done
[2.612s] -- Generating done
[2.614s] -- Build files have been written to: /home/dia/ros2_ws/src/build/my_box_bot_gazebo
[2.878s] Invoked command in '/home/dia/ros2_ws/src/build/my_box_bot_gazebo' returned '0': CMAKE_PREFIX_PATH=${CMAKE_PREFIX_PATH}:/home/dia/ros2_ws/install/yolo_detection:/home/dia/ros2_ws/install/urdf_tutorial_r2d2:/home/dia/ros2_ws/install/topic_pkg:/home/dia/ros2_ws/install/structureURDF:/home/dia/ros2_ws/install/service_pkg:/home/dia/ros2_ws/install/result_publisher:/home/dia/ros2_ws/install/esp32_cam_stream:/opt/ros/iron /usr/bin/cmake /home/dia/ros2_ws/src/my_box_bot_gazebo -DCMAKE_INSTALL_PREFIX=/home/dia/ros2_ws/src/install/my_box_bot_gazebo
[2.885s] Invoking command in '/home/dia/ros2_ws/src/build/my_box_bot_gazebo': CMAKE_PREFIX_PATH=${CMAKE_PREFIX_PATH}:/home/dia/ros2_ws/install/yolo_detection:/home/dia/ros2_ws/install/urdf_tutorial_r2d2:/home/dia/ros2_ws/install/topic_pkg:/home/dia/ros2_ws/install/structureURDF:/home/dia/ros2_ws/install/service_pkg:/home/dia/ros2_ws/install/result_publisher:/home/dia/ros2_ws/install/esp32_cam_stream:/opt/ros/iron /usr/bin/cmake --build /home/dia/ros2_ws/src/build/my_box_bot_gazebo -- -j6 -l6
[2.977s] Invoked command in '/home/dia/ros2_ws/src/build/my_box_bot_gazebo' returned '0': CMAKE_PREFIX_PATH=${CMAKE_PREFIX_PATH}:/home/dia/ros2_ws/install/yolo_detection:/home/dia/ros2_ws/install/urdf_tutorial_r2d2:/home/dia/ros2_ws/install/topic_pkg:/home/dia/ros2_ws/install/structureURDF:/home/dia/ros2_ws/install/service_pkg:/home/dia/ros2_ws/install/result_publisher:/home/dia/ros2_ws/install/esp32_cam_stream:/opt/ros/iron /usr/bin/cmake --build /home/dia/ros2_ws/src/build/my_box_bot_gazebo -- -j6 -l6
[3.052s] Invoking command in '/home/dia/ros2_ws/src/build/my_box_bot_gazebo': CMAKE_PREFIX_PATH=${CMAKE_PREFIX_PATH}:/home/dia/ros2_ws/install/yolo_detection:/home/dia/ros2_ws/install/urdf_tutorial_r2d2:/home/dia/ros2_ws/install/topic_pkg:/home/dia/ros2_ws/install/structureURDF:/home/dia/ros2_ws/install/service_pkg:/home/dia/ros2_ws/install/result_publisher:/home/dia/ros2_ws/install/esp32_cam_stream:/opt/ros/iron /usr/bin/cmake --install /home/dia/ros2_ws/src/build/my_box_bot_gazebo
[3.071s] -- Install configuration: ""
[3.071s] -- Installing: /home/dia/ros2_ws/src/install/my_box_bot_gazebo/share/ament_index/resource_index/package_run_dependencies/my_box_bot_gazebo
[3.072s] -- Installing: /home/dia/ros2_ws/src/install/my_box_bot_gazebo/share/ament_index/resource_index/parent_prefix_path/my_box_bot_gazebo
[3.073s] -- Installing: /home/dia/ros2_ws/src/install/my_box_bot_gazebo/share/my_box_bot_gazebo/environment/ament_prefix_path.sh
[3.073s] -- Installing: /home/dia/ros2_ws/src/install/my_box_bot_gazebo/share/my_box_bot_gazebo/environment/ament_prefix_path.dsv
[3.073s] -- Installing: /home/dia/ros2_ws/src/install/my_box_bot_gazebo/share/my_box_bot_gazebo/environment/path.sh
[3.074s] -- Installing: /home/dia/ros2_ws/src/install/my_box_bot_gazebo/share/my_box_bot_gazebo/environment/path.dsv
[3.074s] -- Installing: /home/dia/ros2_ws/src/install/my_box_bot_gazebo/share/my_box_bot_gazebo/local_setup.bash
[3.074s] -- Installing: /home/dia/ros2_ws/src/install/my_box_bot_gazebo/share/my_box_bot_gazebo/local_setup.sh
[3.075s] -- Installing: /home/dia/ros2_ws/src/install/my_box_bot_gazebo/share/my_box_bot_gazebo/local_setup.zsh
[3.075s] -- Installing: /home/dia/ros2_ws/src/install/my_box_bot_gazebo/share/my_box_bot_gazebo/local_setup.dsv
[3.075s] -- Installing: /home/dia/ros2_ws/src/install/my_box_bot_gazebo/share/my_box_bot_gazebo/package.dsv
[3.075s] -- Installing: /home/dia/ros2_ws/src/install/my_box_bot_gazebo/share/ament_index/resource_index/packages/my_box_bot_gazebo
[3.076s] -- Installing: /home/dia/ros2_ws/src/install/my_box_bot_gazebo/share/my_box_bot_gazebo/cmake/my_box_bot_gazeboConfig.cmake
[3.076s] -- Installing: /home/dia/ros2_ws/src/install/my_box_bot_gazebo/share/my_box_bot_gazebo/cmake/my_box_bot_gazeboConfig-version.cmake
[3.076s] -- Installing: /home/dia/ros2_ws/src/install/my_box_bot_gazebo/share/my_box_bot_gazebo/package.xml
[3.089s] Invoked command in '/home/dia/ros2_ws/src/build/my_box_bot_gazebo' returned '0': CMAKE_PREFIX_PATH=${CMAKE_PREFIX_PATH}:/home/dia/ros2_ws/install/yolo_detection:/home/dia/ros2_ws/install/urdf_tutorial_r2d2:/home/dia/ros2_ws/install/topic_pkg:/home/dia/ros2_ws/install/structureURDF:/home/dia/ros2_ws/install/service_pkg:/home/dia/ros2_ws/install/result_publisher:/home/dia/ros2_ws/install/esp32_cam_stream:/opt/ros/iron /usr/bin/cmake --install /home/dia/ros2_ws/src/build/my_box_bot_gazebo
