[4.544s] Invoking command in '/home/dia/ros2_ws/src/urdf_tutorial_r2d2': PYTHONPATH=/home/dia/ros2_ws/src/build/urdf_tutorial_r2d2/prefix_override:/usr/lib/python3/dist-packages/colcon_core/task/python/colcon_distutils_commands:/home/dia/ros2_ws/src/install/urdf_tutorial_r2d2/lib/python3.10/site-packages:${PYTHONPATH} /usr/bin/python3 -W ignore:setup.py install is deprecated setup.py egg_info --egg-base ../build/urdf_tutorial_r2d2 build --build-base /home/dia/ros2_ws/src/build/urdf_tutorial_r2d2/build install --record /home/dia/ros2_ws/src/build/urdf_tutorial_r2d2/install.log --single-version-externally-managed install_data
[4.948s] /home/dia/.local/lib/python3.10/site-packages/setuptools/_distutils/dist.py:261: UserWarning: Unknown distribution option: 'tests_require'
[4.948s]   warnings.warn(msg)
[5.265s] running egg_info
[5.317s] writing ../build/urdf_tutorial_r2d2/urdf_tutorial_r2d2.egg-info/PKG-INFO
[5.318s] writing dependency_links to ../build/urdf_tutorial_r2d2/urdf_tutorial_r2d2.egg-info/dependency_links.txt
[5.319s] writing entry points to ../build/urdf_tutorial_r2d2/urdf_tutorial_r2d2.egg-info/entry_points.txt
[5.320s] writing requirements to ../build/urdf_tutorial_r2d2/urdf_tutorial_r2d2.egg-info/requires.txt
[5.320s] writing top-level names to ../build/urdf_tutorial_r2d2/urdf_tutorial_r2d2.egg-info/top_level.txt
[5.726s] reading manifest file '../build/urdf_tutorial_r2d2/urdf_tutorial_r2d2.egg-info/SOURCES.txt'
[5.727s] adding license file 'LICENSE'
[5.729s] writing manifest file '../build/urdf_tutorial_r2d2/urdf_tutorial_r2d2.egg-info/SOURCES.txt'
[5.730s] running build
[5.730s] running build_py
[5.730s] copying urdf_tutorial_r2d2/state_publisher.py -> /home/dia/ros2_ws/src/build/urdf_tutorial_r2d2/build/lib/urdf_tutorial_r2d2
[5.731s] copying urdf_tutorial_r2d2/__init__.py -> /home/dia/ros2_ws/src/build/urdf_tutorial_r2d2/build/lib/urdf_tutorial_r2d2
[5.732s] running install
[5.742s] running install_lib
[5.798s] running install_data
[5.798s] copying resource/urdf_tutorial_r2d2 -> /home/dia/ros2_ws/src/install/urdf_tutorial_r2d2/share/ament_index/resource_index/packages
[5.798s] copying package.xml -> /home/dia/ros2_ws/src/install/urdf_tutorial_r2d2/share/urdf_tutorial_r2d2
[5.799s] copying launch/launch_urdf_into_gazebo.launch.py -> /home/dia/ros2_ws/src/install/urdf_tutorial_r2d2/share/urdf_tutorial_r2d2/launch
[5.799s] running install_egg_info
[5.856s] removing '/home/dia/ros2_ws/src/install/urdf_tutorial_r2d2/lib/python3.10/site-packages/urdf_tutorial_r2d2-0.0.0-py3.10.egg-info' (and everything under it)
[5.856s] Copying ../build/urdf_tutorial_r2d2/urdf_tutorial_r2d2.egg-info to /home/dia/ros2_ws/src/install/urdf_tutorial_r2d2/lib/python3.10/site-packages/urdf_tutorial_r2d2-0.0.0-py3.10.egg-info
[5.859s] running install_scripts
[5.989s] Installing state_publisher script to /home/dia/ros2_ws/src/install/urdf_tutorial_r2d2/lib/urdf_tutorial_r2d2
[5.990s] writing list of installed files to '/home/dia/ros2_ws/src/build/urdf_tutorial_r2d2/install.log'
[6.098s] Invoked command in '/home/dia/ros2_ws/src/urdf_tutorial_r2d2' returned '0': PYTHONPATH=/home/dia/ros2_ws/src/build/urdf_tutorial_r2d2/prefix_override:/usr/lib/python3/dist-packages/colcon_core/task/python/colcon_distutils_commands:/home/dia/ros2_ws/src/install/urdf_tutorial_r2d2/lib/python3.10/site-packages:${PYTHONPATH} /usr/bin/python3 -W ignore:setup.py install is deprecated setup.py egg_info --egg-base ../build/urdf_tutorial_r2d2 build --build-base /home/dia/ros2_ws/src/build/urdf_tutorial_r2d2/build install --record /home/dia/ros2_ws/src/build/urdf_tutorial_r2d2/install.log --single-version-externally-managed install_data
