[0.024s] Invoking command in '/home/dia/ros2_ws/build/my_robot_control': /usr/bin/cmake --build /home/dia/ros2_ws/build/my_robot_control -- -j6 -l6
[0.066s] -- Found ament_cmake: 1.3.10 (/opt/ros/humble/share/ament_cmake/cmake)
[0.355s] -- Found rclpy: 3.3.14 (/opt/ros/humble/share/rclpy/cmake)
[0.504s] -- Configuring done
[0.515s] -- Generating done
[0.519s] -- Build files have been written to: /home/dia/ros2_ws/build/my_robot_control
[0.585s] Invoked command in '/home/dia/ros2_ws/build/my_robot_control' returned '0': /usr/bin/cmake --build /home/dia/ros2_ws/build/my_robot_control -- -j6 -l6
[0.710s] Invoking command in '/home/dia/ros2_ws/build/my_robot_control': /usr/bin/cmake --install /home/dia/ros2_ws/build/my_robot_control
[0.732s] -- Install configuration: ""
[0.733s] -- Installing: /home/dia/ros2_ws/install/my_robot_control/share/ament_index/resource_index/package_run_dependencies/my_robot_control
[0.733s] -- Installing: /home/dia/ros2_ws/install/my_robot_control/share/ament_index/resource_index/parent_prefix_path/my_robot_control
[0.734s] -- Installing: /home/dia/ros2_ws/install/my_robot_control/share/my_robot_control/environment/ament_prefix_path.sh
[0.734s] -- Installing: /home/dia/ros2_ws/install/my_robot_control/share/my_robot_control/environment/ament_prefix_path.dsv
[0.735s] -- Installing: /home/dia/ros2_ws/install/my_robot_control/share/my_robot_control/environment/path.sh
[0.735s] -- Installing: /home/dia/ros2_ws/install/my_robot_control/share/my_robot_control/environment/path.dsv
[0.735s] -- Installing: /home/dia/ros2_ws/install/my_robot_control/share/my_robot_control/local_setup.bash
[0.735s] -- Installing: /home/dia/ros2_ws/install/my_robot_control/share/my_robot_control/local_setup.sh
[0.736s] -- Installing: /home/dia/ros2_ws/install/my_robot_control/share/my_robot_control/local_setup.zsh
[0.736s] -- Installing: /home/dia/ros2_ws/install/my_robot_control/share/my_robot_control/local_setup.dsv
[0.737s] -- Installing: /home/dia/ros2_ws/install/my_robot_control/share/my_robot_control/package.dsv
[0.737s] -- Installing: /home/dia/ros2_ws/install/my_robot_control/share/ament_index/resource_index/packages/my_robot_control
[0.737s] -- Installing: /home/dia/ros2_ws/install/my_robot_control/share/my_robot_control/cmake/my_robot_controlConfig.cmake
[0.738s] -- Installing: /home/dia/ros2_ws/install/my_robot_control/share/my_robot_control/cmake/my_robot_controlConfig-version.cmake
[0.738s] -- Installing: /home/dia/ros2_ws/install/my_robot_control/share/my_robot_control/package.xml
[0.743s] Invoked command in '/home/dia/ros2_ws/build/my_robot_control' returned '0': /usr/bin/cmake --install /home/dia/ros2_ws/build/my_robot_control
