running egg_info
creating ../../build/servo_control_node/servo_control_node.egg-info
writing ../../build/servo_control_node/servo_control_node.egg-info/PKG-INFO
writing dependency_links to ../../build/servo_control_node/servo_control_node.egg-info/dependency_links.txt
writing entry points to ../../build/servo_control_node/servo_control_node.egg-info/entry_points.txt
writing requirements to ../../build/servo_control_node/servo_control_node.egg-info/requires.txt
writing top-level names to ../../build/servo_control_node/servo_control_node.egg-info/top_level.txt
writing manifest file '../../build/servo_control_node/servo_control_node.egg-info/SOURCES.txt'
reading manifest file '../../build/servo_control_node/servo_control_node.egg-info/SOURCES.txt'
adding license file 'LICENSE'
writing manifest file '../../build/servo_control_node/servo_control_node.egg-info/SOURCES.txt'
running build
running build_py
creating /home/dia/ros2_ws/build/servo_control_node/build
creating /home/dia/ros2_ws/build/servo_control_node/build/lib
creating /home/dia/ros2_ws/build/servo_control_node/build/lib/servo_control_node
copying servo_control_node/__init__.py -> /home/dia/ros2_ws/build/servo_control_node/build/lib/servo_control_node
copying servo_control_node/servo_control.py -> /home/dia/ros2_ws/build/servo_control_node/build/lib/servo_control_node
running install
running install_lib
creating /home/dia/ros2_ws/install/servo_control_node/lib/python3.10/site-packages/servo_control_node
copying /home/dia/ros2_ws/build/servo_control_node/build/lib/servo_control_node/__init__.py -> /home/dia/ros2_ws/install/servo_control_node/lib/python3.10/site-packages/servo_control_node
copying /home/dia/ros2_ws/build/servo_control_node/build/lib/servo_control_node/servo_control.py -> /home/dia/ros2_ws/install/servo_control_node/lib/python3.10/site-packages/servo_control_node
byte-compiling /home/dia/ros2_ws/install/servo_control_node/lib/python3.10/site-packages/servo_control_node/__init__.py to __init__.cpython-310.pyc
byte-compiling /home/dia/ros2_ws/install/servo_control_node/lib/python3.10/site-packages/servo_control_node/servo_control.py to servo_control.cpython-310.pyc
running install_data
creating /home/dia/ros2_ws/install/servo_control_node/share/ament_index
creating /home/dia/ros2_ws/install/servo_control_node/share/ament_index/resource_index
creating /home/dia/ros2_ws/install/servo_control_node/share/ament_index/resource_index/packages
copying resource/servo_control_node -> /home/dia/ros2_ws/install/servo_control_node/share/ament_index/resource_index/packages
copying package.xml -> /home/dia/ros2_ws/install/servo_control_node/share/servo_control_node
running install_egg_info
Copying ../../build/servo_control_node/servo_control_node.egg-info to /home/dia/ros2_ws/install/servo_control_node/lib/python3.10/site-packages/servo_control_node-0.0.0-py3.10.egg-info
running install_scripts
Installing servo_control script to /home/dia/ros2_ws/install/servo_control_node/lib/servo_control_node
writing list of installed files to '/home/dia/ros2_ws/build/servo_control_node/install.log'
