[4.636s] Invoking command in '/home/dia/ros2_ws/src/topic_pkg': PYTHONPATH=/home/dia/ros2_ws/src/build/topic_pkg/prefix_override:/usr/lib/python3/dist-packages/colcon_core/task/python/colcon_distutils_commands:/home/dia/ros2_ws/src/install/topic_pkg/lib/python3.10/site-packages:${PYTHONPATH} /usr/bin/python3 -W ignore:setup.py install is deprecated setup.py egg_info --egg-base ../build/topic_pkg build --build-base /home/dia/ros2_ws/src/build/topic_pkg/build install --record /home/dia/ros2_ws/src/build/topic_pkg/install.log --single-version-externally-managed install_data
[5.035s] /home/dia/.local/lib/python3.10/site-packages/setuptools/_distutils/dist.py:261: UserWarning: Unknown distribution option: 'tests_require'
[5.035s]   warnings.warn(msg)
[5.365s] running egg_info
[5.419s] writing ../build/topic_pkg/topic_pkg.egg-info/PKG-INFO
[5.422s] writing dependency_links to ../build/topic_pkg/topic_pkg.egg-info/dependency_links.txt
[5.423s] writing entry points to ../build/topic_pkg/topic_pkg.egg-info/entry_points.txt
[5.424s] writing requirements to ../build/topic_pkg/topic_pkg.egg-info/requires.txt
[5.425s] writing top-level names to ../build/topic_pkg/topic_pkg.egg-info/top_level.txt
[5.856s] reading manifest file '../build/topic_pkg/topic_pkg.egg-info/SOURCES.txt'
[5.859s] writing manifest file '../build/topic_pkg/topic_pkg.egg-info/SOURCES.txt'
[5.860s] running build
[5.860s] running build_py
[5.861s] copying topic_pkg/publisher_demo.py -> /home/dia/ros2_ws/src/build/topic_pkg/build/lib/topic_pkg
[5.862s] copying topic_pkg/__init__.py -> /home/dia/ros2_ws/src/build/topic_pkg/build/lib/topic_pkg
[5.862s] copying topic_pkg/subscriber_demo.py -> /home/dia/ros2_ws/src/build/topic_pkg/build/lib/topic_pkg
[5.863s] running install
[5.875s] running install_lib
[5.937s] running install_data
[5.937s] copying resource/topic_pkg -> /home/dia/ros2_ws/src/install/topic_pkg/share/ament_index/resource_index/packages
[5.938s] copying package.xml -> /home/dia/ros2_ws/src/install/topic_pkg/share/topic_pkg
[5.939s] copying launch/single_node_launch.py -> /home/dia/ros2_ws/src/install/topic_pkg/share/topic_pkg/launch
[5.939s] running install_egg_info
[5.996s] removing '/home/dia/ros2_ws/src/install/topic_pkg/lib/python3.10/site-packages/topic_pkg-0.0.0-py3.10.egg-info' (and everything under it)
[5.997s] Copying ../build/topic_pkg/topic_pkg.egg-info to /home/dia/ros2_ws/src/install/topic_pkg/lib/python3.10/site-packages/topic_pkg-0.0.0-py3.10.egg-info
[6.000s] running install_scripts
[6.144s] Installing publisher_demo script to /home/dia/ros2_ws/src/install/topic_pkg/lib/topic_pkg
[6.145s] Installing subscriber_demo script to /home/dia/ros2_ws/src/install/topic_pkg/lib/topic_pkg
[6.146s] writing list of installed files to '/home/dia/ros2_ws/src/build/topic_pkg/install.log'
[6.249s] Invoked command in '/home/dia/ros2_ws/src/topic_pkg' returned '0': PYTHONPATH=/home/dia/ros2_ws/src/build/topic_pkg/prefix_override:/usr/lib/python3/dist-packages/colcon_core/task/python/colcon_distutils_commands:/home/dia/ros2_ws/src/install/topic_pkg/lib/python3.10/site-packages:${PYTHONPATH} /usr/bin/python3 -W ignore:setup.py install is deprecated setup.py egg_info --egg-base ../build/topic_pkg build --build-base /home/dia/ros2_ws/src/build/topic_pkg/build install --record /home/dia/ros2_ws/src/build/topic_pkg/install.log --single-version-externally-managed install_data
