running egg_info
creating build/esp32_motor_control/esp32_motor_control.egg-info
writing build/esp32_motor_control/esp32_motor_control.egg-info/PKG-INFO
writing dependency_links to build/esp32_motor_control/esp32_motor_control.egg-info/dependency_links.txt
writing entry points to build/esp32_motor_control/esp32_motor_control.egg-info/entry_points.txt
writing requirements to build/esp32_motor_control/esp32_motor_control.egg-info/requires.txt
writing top-level names to build/esp32_motor_control/esp32_motor_control.egg-info/top_level.txt
writing manifest file 'build/esp32_motor_control/esp32_motor_control.egg-info/SOURCES.txt'
reading manifest file 'build/esp32_motor_control/esp32_motor_control.egg-info/SOURCES.txt'
writing manifest file 'build/esp32_motor_control/esp32_motor_control.egg-info/SOURCES.txt'
running build
running build_py
creating /home/dia/ros2_ws/src/esp32_motor_control/build/esp32_motor_control/build
creating /home/dia/ros2_ws/src/esp32_motor_control/build/esp32_motor_control/build/lib
creating /home/dia/ros2_ws/src/esp32_motor_control/build/esp32_motor_control/build/lib/esp32_motor_control
copying esp32_motor_control/__init__.py -> /home/dia/ros2_ws/src/esp32_motor_control/build/esp32_motor_control/build/lib/esp32_motor_control
copying esp32_motor_control/python.py -> /home/dia/ros2_ws/src/esp32_motor_control/build/esp32_motor_control/build/lib/esp32_motor_control
running install
running install_lib
creating /home/dia/ros2_ws/src/esp32_motor_control/install/esp32_motor_control/lib/python3.10/site-packages/esp32_motor_control
copying /home/dia/ros2_ws/src/esp32_motor_control/build/esp32_motor_control/build/lib/esp32_motor_control/__init__.py -> /home/dia/ros2_ws/src/esp32_motor_control/install/esp32_motor_control/lib/python3.10/site-packages/esp32_motor_control
copying /home/dia/ros2_ws/src/esp32_motor_control/build/esp32_motor_control/build/lib/esp32_motor_control/python.py -> /home/dia/ros2_ws/src/esp32_motor_control/install/esp32_motor_control/lib/python3.10/site-packages/esp32_motor_control
byte-compiling /home/dia/ros2_ws/src/esp32_motor_control/install/esp32_motor_control/lib/python3.10/site-packages/esp32_motor_control/__init__.py to __init__.cpython-310.pyc
byte-compiling /home/dia/ros2_ws/src/esp32_motor_control/install/esp32_motor_control/lib/python3.10/site-packages/esp32_motor_control/python.py to python.cpython-310.pyc
running install_data
creating /home/dia/ros2_ws/src/esp32_motor_control/install/esp32_motor_control/share/ament_index
creating /home/dia/ros2_ws/src/esp32_motor_control/install/esp32_motor_control/share/ament_index/resource_index
creating /home/dia/ros2_ws/src/esp32_motor_control/install/esp32_motor_control/share/ament_index/resource_index/packages
copying resource/esp32_motor_control -> /home/dia/ros2_ws/src/esp32_motor_control/install/esp32_motor_control/share/ament_index/resource_index/packages
copying package.xml -> /home/dia/ros2_ws/src/esp32_motor_control/install/esp32_motor_control/share/esp32_motor_control
running install_egg_info
Copying build/esp32_motor_control/esp32_motor_control.egg-info to /home/dia/ros2_ws/src/esp32_motor_control/install/esp32_motor_control/lib/python3.10/site-packages/esp32_motor_control-0.0.0-py3.10.egg-info
running install_scripts
Installing motor_control_node script to /home/dia/ros2_ws/src/esp32_motor_control/install/esp32_motor_control/lib/esp32_motor_control
writing list of installed files to '/home/dia/ros2_ws/src/esp32_motor_control/build/esp32_motor_control/install.log'
