[1.406s] Invoking command in '/home/dia/ros2_ws/src/my_robot_control': PYTHONPATH=/home/dia/ros2_ws/build/my_robot_control/prefix_override:/usr/lib/python3/dist-packages/colcon_core/task/python/colcon_distutils_commands:/home/dia/ros2_ws/install/my_robot_control/lib/python3.10/site-packages:${PYTHONPATH} /usr/bin/python3 -W ignore:setup.py install is deprecated setup.py egg_info --egg-base ../../build/my_robot_control build --build-base /home/dia/ros2_ws/build/my_robot_control/build install --record /home/dia/ros2_ws/build/my_robot_control/install.log --single-version-externally-managed install_data
[1.964s] running egg_info
[1.965s] writing ../../build/my_robot_control/my_robot_control.egg-info/PKG-INFO
[1.966s] writing dependency_links to ../../build/my_robot_control/my_robot_control.egg-info/dependency_links.txt
[1.966s] writing entry points to ../../build/my_robot_control/my_robot_control.egg-info/entry_points.txt
[1.966s] writing requirements to ../../build/my_robot_control/my_robot_control.egg-info/requires.txt
[1.966s] writing top-level names to ../../build/my_robot_control/my_robot_control.egg-info/top_level.txt
[1.970s] reading manifest file '../../build/my_robot_control/my_robot_control.egg-info/SOURCES.txt'
[1.972s] writing manifest file '../../build/my_robot_control/my_robot_control.egg-info/SOURCES.txt'
[1.972s] running build
[1.972s] running build_py
[1.973s] running install
[1.973s] running install_lib
[1.976s] running install_data
[1.976s] running install_egg_info
[1.980s] removing '/home/dia/ros2_ws/install/my_robot_control/lib/python3.10/site-packages/my_robot_control-0.0.1-py3.10.egg-info' (and everything under it)
[1.981s] Copying ../../build/my_robot_control/my_robot_control.egg-info to /home/dia/ros2_ws/install/my_robot_control/lib/python3.10/site-packages/my_robot_control-0.0.1-py3.10.egg-info
[1.982s] running install_scripts
[2.024s] Installing robot_control script to /home/dia/ros2_ws/install/my_robot_control/lib/my_robot_control
[2.025s] writing list of installed files to '/home/dia/ros2_ws/build/my_robot_control/install.log'
[2.095s] Invoked command in '/home/dia/ros2_ws/src/my_robot_control' returned '0': PYTHONPATH=/home/dia/ros2_ws/build/my_robot_control/prefix_override:/usr/lib/python3/dist-packages/colcon_core/task/python/colcon_distutils_commands:/home/dia/ros2_ws/install/my_robot_control/lib/python3.10/site-packages:${PYTHONPATH} /usr/bin/python3 -W ignore:setup.py install is deprecated setup.py egg_info --egg-base ../../build/my_robot_control build --build-base /home/dia/ros2_ws/build/my_robot_control/build install --record /home/dia/ros2_ws/build/my_robot_control/install.log --single-version-externally-managed install_data
