[0.115s] Invoking command in '/home/dia/ros2_ws/src/build/ros_gz_sim': CMAKE_PREFIX_PATH=${CMAKE_PREFIX_PATH}:/home/dia/ros2_ws/install/urdf_tutorial_r2d2:/home/dia/ros2_ws/install/topic_pkg:/home/dia/ros2_ws/install/simulation:/home/dia/ros2_ws/install/servo_control_node:/home/dia/ros2_ws/install/service_pkg:/home/dia/ros2_ws/install/result_publisher:/home/dia/ros2_ws/install/esp32_cam_stream:/home/dia/ros2_ws/install/display:/home/dia/ros2_ws/install/cam_yolo:/home/dia/ros2_ws/install/affichage:/opt/ros/humble /usr/bin/cmake /home/dia/ros2_ws/src/ros_gz/ros_gz_sim -DCMAKE_INSTALL_PREFIX=/home/dia/ros2_ws/src/install/ros_gz_sim
[2.437s] -- Found ament_cmake: 1.3.10 (/opt/ros/humble/share/ament_cmake/cmake)
[2.437s] -- Found Python3: /usr/bin/python3 (found version "3.10.12") found components: Interpreter 
[2.438s] -- Found rclcpp: 16.0.10 (/opt/ros/humble/share/rclcpp/cmake)
[2.438s] -- Found rosidl_generator_c: 3.1.5 (/opt/ros/humble/share/rosidl_generator_c/cmake)
[2.438s] -- Found rosidl_adapter: 3.1.5 (/opt/ros/humble/share/rosidl_adapter/cmake)
[2.439s] -- Found rosidl_generator_cpp: 3.1.5 (/opt/ros/humble/share/rosidl_generator_cpp/cmake)
[2.440s] -- Using all available rosidl_typesupport_c: rosidl_typesupport_fastrtps_c;rosidl_typesupport_introspection_c
[2.440s] -- Using all available rosidl_typesupport_cpp: rosidl_typesupport_fastrtps_cpp;rosidl_typesupport_introspection_cpp
[2.440s] -- Found rmw_implementation_cmake: 6.1.2 (/opt/ros/humble/share/rmw_implementation_cmake/cmake)
[2.440s] -- Found rmw_fastrtps_cpp: 6.2.7 (/opt/ros/humble/share/rmw_fastrtps_cpp/cmake)
[2.440s] -- Using RMW implementation 'rmw_fastrtps_cpp' as default
[2.512s] -- Looking for pthread.h
[3.363s] -- Looking for pthread.h - found
[3.365s] -- Performing Test CMAKE_HAVE_LIBC_PTHREAD
[4.541s] -- Performing Test CMAKE_HAVE_LIBC_PTHREAD - Success
[4.543s] -- Found Threads: TRUE  
[4.724s] -- Found rclcpp_components: 16.0.10 (/opt/ros/humble/share/rclcpp_components/cmake)
[4.846s] [31mCMake Error at CMakeLists.txt:18 (find_package):
[4.847s]   By not providing "Findgz_math_vendor.cmake" in CMAKE_MODULE_PATH this
[4.847s]   project has asked CMake to find a package configuration file provided by
[4.847s]   "gz_math_vendor", but CMake did not find one.
[4.847s] 
[4.847s]   Could not find a package configuration file provided by "gz_math_vendor"
[4.847s]   with any of the following names:
[4.847s] 
[4.848s]     gz_math_vendorConfig.cmake
[4.848s]     gz_math_vendor-config.cmake
[4.848s] 
[4.848s]   Add the installation prefix of "gz_math_vendor" to CMAKE_PREFIX_PATH or set
[4.848s]   "gz_math_vendor_DIR" to a directory containing one of the above files.  If
[4.848s]   "gz_math_vendor" provides a separate development package or SDK, be sure it
[4.848s]   has been installed.
[4.848s] 
[4.848s] [0m
[4.849s] -- Configuring incomplete, errors occurred!
[4.849s] See also "/home/dia/ros2_ws/src/build/ros_gz_sim/CMakeFiles/CMakeOutput.log".
[4.873s] Invoked command in '/home/dia/ros2_ws/src/build/ros_gz_sim' returned '1': CMAKE_PREFIX_PATH=${CMAKE_PREFIX_PATH}:/home/dia/ros2_ws/install/urdf_tutorial_r2d2:/home/dia/ros2_ws/install/topic_pkg:/home/dia/ros2_ws/install/simulation:/home/dia/ros2_ws/install/servo_control_node:/home/dia/ros2_ws/install/service_pkg:/home/dia/ros2_ws/install/result_publisher:/home/dia/ros2_ws/install/esp32_cam_stream:/home/dia/ros2_ws/install/display:/home/dia/ros2_ws/install/cam_yolo:/home/dia/ros2_ws/install/affichage:/opt/ros/humble /usr/bin/cmake /home/dia/ros2_ws/src/ros_gz/ros_gz_sim -DCMAKE_INSTALL_PREFIX=/home/dia/ros2_ws/src/install/ros_gz_sim
