[2.661s] Invoking command in '/home/dia/ros2_ws/src/urdf_tutorial_r2d2': PYTHONPATH=/home/dia/ros2_ws/src/build/urdf_tutorial_r2d2/prefix_override:/usr/lib/python3/dist-packages/colcon_core/task/python/colcon_distutils_commands:/home/dia/ros2_ws/src/install/urdf_tutorial_r2d2/lib/python3.10/site-packages:${PYTHONPATH} /usr/bin/python3 -W ignore:setup.py install is deprecated setup.py egg_info --egg-base ../build/urdf_tutorial_r2d2 build --build-base /home/dia/ros2_ws/src/build/urdf_tutorial_r2d2/build install --record /home/dia/ros2_ws/src/build/urdf_tutorial_r2d2/install.log --single-version-externally-managed install_data
[3.246s] /home/dia/.local/lib/python3.10/site-packages/setuptools/_distutils/dist.py:261: UserWarning: Unknown distribution option: 'tests_require'
[3.251s]   warnings.warn(msg)
[3.375s] running egg_info
[3.427s] writing ../build/urdf_tutorial_r2d2/urdf_tutorial_r2d2.egg-info/PKG-INFO
[3.429s] writing dependency_links to ../build/urdf_tutorial_r2d2/urdf_tutorial_r2d2.egg-info/dependency_links.txt
[3.429s] writing entry points to ../build/urdf_tutorial_r2d2/urdf_tutorial_r2d2.egg-info/entry_points.txt
[3.430s] writing requirements to ../build/urdf_tutorial_r2d2/urdf_tutorial_r2d2.egg-info/requires.txt
[3.430s] writing top-level names to ../build/urdf_tutorial_r2d2/urdf_tutorial_r2d2.egg-info/top_level.txt
[3.826s] reading manifest file '../build/urdf_tutorial_r2d2/urdf_tutorial_r2d2.egg-info/SOURCES.txt'
[3.827s] adding license file 'LICENSE'
[3.829s] writing manifest file '../build/urdf_tutorial_r2d2/urdf_tutorial_r2d2.egg-info/SOURCES.txt'
[3.829s] running build
[3.830s] running build_py
[3.830s] copying urdf_tutorial_r2d2/state_publisher.py -> /home/dia/ros2_ws/src/build/urdf_tutorial_r2d2/build/lib/urdf_tutorial_r2d2
[3.830s] copying urdf_tutorial_r2d2/__init__.py -> /home/dia/ros2_ws/src/build/urdf_tutorial_r2d2/build/lib/urdf_tutorial_r2d2
[3.831s] running install
[3.841s] running install_lib
[3.893s] running install_data
[3.893s] copying resource/urdf_tutorial_r2d2 -> /home/dia/ros2_ws/src/install/urdf_tutorial_r2d2/share/ament_index/resource_index/packages
[3.893s] copying package.xml -> /home/dia/ros2_ws/src/install/urdf_tutorial_r2d2/share/urdf_tutorial_r2d2
[3.894s] copying launch/launch_urdf_into_gazebo.launch.py -> /home/dia/ros2_ws/src/install/urdf_tutorial_r2d2/share/urdf_tutorial_r2d2/launch
[3.894s] running install_egg_info
[3.946s] removing '/home/dia/ros2_ws/src/install/urdf_tutorial_r2d2/lib/python3.10/site-packages/urdf_tutorial_r2d2-0.0.0-py3.10.egg-info' (and everything under it)
[3.947s] Copying ../build/urdf_tutorial_r2d2/urdf_tutorial_r2d2.egg-info to /home/dia/ros2_ws/src/install/urdf_tutorial_r2d2/lib/python3.10/site-packages/urdf_tutorial_r2d2-0.0.0-py3.10.egg-info
[3.949s] running install_scripts
[4.067s] Installing state_publisher script to /home/dia/ros2_ws/src/install/urdf_tutorial_r2d2/lib/urdf_tutorial_r2d2
[4.067s] writing list of installed files to '/home/dia/ros2_ws/src/build/urdf_tutorial_r2d2/install.log'
[4.143s] Invoked command in '/home/dia/ros2_ws/src/urdf_tutorial_r2d2' returned '0': PYTHONPATH=/home/dia/ros2_ws/src/build/urdf_tutorial_r2d2/prefix_override:/usr/lib/python3/dist-packages/colcon_core/task/python/colcon_distutils_commands:/home/dia/ros2_ws/src/install/urdf_tutorial_r2d2/lib/python3.10/site-packages:${PYTHONPATH} /usr/bin/python3 -W ignore:setup.py install is deprecated setup.py egg_info --egg-base ../build/urdf_tutorial_r2d2 build --build-base /home/dia/ros2_ws/src/build/urdf_tutorial_r2d2/build install --record /home/dia/ros2_ws/src/build/urdf_tutorial_r2d2/install.log --single-version-externally-managed install_data
