[4.599s] Invoking command in '/home/dia/ros2_ws/src/urdf_tutorial_r2d2': PYTHONPATH=/home/dia/ros2_ws/src/build/urdf_tutorial_r2d2/prefix_override:/usr/lib/python3/dist-packages/colcon_core/task/python/colcon_distutils_commands:/home/dia/ros2_ws/src/install/urdf_tutorial_r2d2/lib/python3.10/site-packages:${PYTHONPATH} /usr/bin/python3 -W ignore:setup.py install is deprecated setup.py egg_info --egg-base ../build/urdf_tutorial_r2d2 build --build-base /home/dia/ros2_ws/src/build/urdf_tutorial_r2d2/build install --record /home/dia/ros2_ws/src/build/urdf_tutorial_r2d2/install.log --single-version-externally-managed install_data
[5.002s] /home/dia/.local/lib/python3.10/site-packages/setuptools/_distutils/dist.py:261: UserWarning: Unknown distribution option: 'tests_require'
[5.002s]   warnings.warn(msg)
[5.316s] running egg_info
[5.318s] creating ../build/urdf_tutorial_r2d2/urdf_tutorial_r2d2.egg-info
[5.368s] writing ../build/urdf_tutorial_r2d2/urdf_tutorial_r2d2.egg-info/PKG-INFO
[5.369s] writing dependency_links to ../build/urdf_tutorial_r2d2/urdf_tutorial_r2d2.egg-info/dependency_links.txt
[5.369s] writing entry points to ../build/urdf_tutorial_r2d2/urdf_tutorial_r2d2.egg-info/entry_points.txt
[5.370s] writing requirements to ../build/urdf_tutorial_r2d2/urdf_tutorial_r2d2.egg-info/requires.txt
[5.370s] writing top-level names to ../build/urdf_tutorial_r2d2/urdf_tutorial_r2d2.egg-info/top_level.txt
[5.669s] writing manifest file '../build/urdf_tutorial_r2d2/urdf_tutorial_r2d2.egg-info/SOURCES.txt'
[5.776s] reading manifest file '../build/urdf_tutorial_r2d2/urdf_tutorial_r2d2.egg-info/SOURCES.txt'
[5.777s] adding license file 'LICENSE'
[5.779s] writing manifest file '../build/urdf_tutorial_r2d2/urdf_tutorial_r2d2.egg-info/SOURCES.txt'
[5.780s] running build
[5.780s] running build_py
[5.781s] creating /home/dia/ros2_ws/src/build/urdf_tutorial_r2d2/build
[5.781s] creating /home/dia/ros2_ws/src/build/urdf_tutorial_r2d2/build/lib
[5.781s] creating /home/dia/ros2_ws/src/build/urdf_tutorial_r2d2/build/lib/urdf_tutorial_r2d2
[5.782s] copying urdf_tutorial_r2d2/state_publisher.py -> /home/dia/ros2_ws/src/build/urdf_tutorial_r2d2/build/lib/urdf_tutorial_r2d2
[5.782s] copying urdf_tutorial_r2d2/__init__.py -> /home/dia/ros2_ws/src/build/urdf_tutorial_r2d2/build/lib/urdf_tutorial_r2d2
[5.783s] running install
[5.795s] running install_lib
[5.848s] creating /home/dia/ros2_ws/src/install/urdf_tutorial_r2d2/lib/python3.10/site-packages/urdf_tutorial_r2d2
[5.849s] copying /home/dia/ros2_ws/src/build/urdf_tutorial_r2d2/build/lib/urdf_tutorial_r2d2/state_publisher.py -> /home/dia/ros2_ws/src/install/urdf_tutorial_r2d2/lib/python3.10/site-packages/urdf_tutorial_r2d2
[5.849s] copying /home/dia/ros2_ws/src/build/urdf_tutorial_r2d2/build/lib/urdf_tutorial_r2d2/__init__.py -> /home/dia/ros2_ws/src/install/urdf_tutorial_r2d2/lib/python3.10/site-packages/urdf_tutorial_r2d2
[5.851s] byte-compiling /home/dia/ros2_ws/src/install/urdf_tutorial_r2d2/lib/python3.10/site-packages/urdf_tutorial_r2d2/state_publisher.py to state_publisher.cpython-310.pyc
[5.853s] byte-compiling /home/dia/ros2_ws/src/install/urdf_tutorial_r2d2/lib/python3.10/site-packages/urdf_tutorial_r2d2/__init__.py to __init__.cpython-310.pyc
[5.853s] running install_data
[5.854s] creating /home/dia/ros2_ws/src/install/urdf_tutorial_r2d2/share/ament_index
[5.854s] creating /home/dia/ros2_ws/src/install/urdf_tutorial_r2d2/share/ament_index/resource_index
[5.854s] creating /home/dia/ros2_ws/src/install/urdf_tutorial_r2d2/share/ament_index/resource_index/packages
[5.855s] copying resource/urdf_tutorial_r2d2 -> /home/dia/ros2_ws/src/install/urdf_tutorial_r2d2/share/ament_index/resource_index/packages
[5.855s] copying package.xml -> /home/dia/ros2_ws/src/install/urdf_tutorial_r2d2/share/urdf_tutorial_r2d2
[5.856s] creating /home/dia/ros2_ws/src/install/urdf_tutorial_r2d2/share/urdf_tutorial_r2d2/launch
[5.856s] copying launch/launch_urdf_into_gazebo.launch.py -> /home/dia/ros2_ws/src/install/urdf_tutorial_r2d2/share/urdf_tutorial_r2d2/launch
[5.856s] running install_egg_info
[5.913s] Copying ../build/urdf_tutorial_r2d2/urdf_tutorial_r2d2.egg-info to /home/dia/ros2_ws/src/install/urdf_tutorial_r2d2/lib/python3.10/site-packages/urdf_tutorial_r2d2-0.0.0-py3.10.egg-info
[5.916s] running install_scripts
[6.039s] Installing state_publisher script to /home/dia/ros2_ws/src/install/urdf_tutorial_r2d2/lib/urdf_tutorial_r2d2
[6.040s] writing list of installed files to '/home/dia/ros2_ws/src/build/urdf_tutorial_r2d2/install.log'
[6.124s] Invoked command in '/home/dia/ros2_ws/src/urdf_tutorial_r2d2' returned '0': PYTHONPATH=/home/dia/ros2_ws/src/build/urdf_tutorial_r2d2/prefix_override:/usr/lib/python3/dist-packages/colcon_core/task/python/colcon_distutils_commands:/home/dia/ros2_ws/src/install/urdf_tutorial_r2d2/lib/python3.10/site-packages:${PYTHONPATH} /usr/bin/python3 -W ignore:setup.py install is deprecated setup.py egg_info --egg-base ../build/urdf_tutorial_r2d2 build --build-base /home/dia/ros2_ws/src/build/urdf_tutorial_r2d2/build install --record /home/dia/ros2_ws/src/build/urdf_tutorial_r2d2/install.log --single-version-externally-managed install_data
