[4.576s] Invoking command in '/home/dia/ros2_ws/src/cam_yolo': PYTHONPATH=/home/dia/ros2_ws/src/build/cam_yolo/prefix_override:/usr/lib/python3/dist-packages/colcon_core/task/python/colcon_distutils_commands:/home/dia/ros2_ws/src/install/cam_yolo/lib/python3.10/site-packages:${PYTHONPATH} /usr/bin/python3 -W ignore:setup.py install is deprecated setup.py egg_info --egg-base ../build/cam_yolo build --build-base /home/dia/ros2_ws/src/build/cam_yolo/build install --record /home/dia/ros2_ws/src/build/cam_yolo/install.log --single-version-externally-managed install_data
[5.007s] /home/dia/.local/lib/python3.10/site-packages/setuptools/_distutils/dist.py:261: UserWarning: Unknown distribution option: 'tests_require'
[5.008s]   warnings.warn(msg)
[5.349s] running egg_info
[5.406s] writing ../build/cam_yolo/cam_yolo.egg-info/PKG-INFO
[5.407s] writing dependency_links to ../build/cam_yolo/cam_yolo.egg-info/dependency_links.txt
[5.408s] writing entry points to ../build/cam_yolo/cam_yolo.egg-info/entry_points.txt
[5.408s] writing requirements to ../build/cam_yolo/cam_yolo.egg-info/requires.txt
[5.409s] writing top-level names to ../build/cam_yolo/cam_yolo.egg-info/top_level.txt
[5.843s] reading manifest file '../build/cam_yolo/cam_yolo.egg-info/SOURCES.txt'
[5.846s] writing manifest file '../build/cam_yolo/cam_yolo.egg-info/SOURCES.txt'
[5.846s] running build
[5.847s] running build_py
[5.847s] copying cam_yolo/__init__.py -> /home/dia/ros2_ws/src/build/cam_yolo/build/lib/cam_yolo
[5.847s] copying cam_yolo/cam_yolo_node.py -> /home/dia/ros2_ws/src/build/cam_yolo/build/lib/cam_yolo
[5.848s] running install
[5.858s] running install_lib
[5.918s] copying /home/dia/ros2_ws/src/build/cam_yolo/build/lib/cam_yolo/cam_yolo_node.py -> /home/dia/ros2_ws/src/install/cam_yolo/lib/python3.10/site-packages/cam_yolo
[5.919s] byte-compiling /home/dia/ros2_ws/src/install/cam_yolo/lib/python3.10/site-packages/cam_yolo/cam_yolo_node.py to cam_yolo_node.cpython-310.pyc
[5.921s] running install_data
[5.921s] copying resource/cam_yolo -> /home/dia/ros2_ws/src/install/cam_yolo/share/ament_index/resource_index/packages
[5.923s] copying package.xml -> /home/dia/ros2_ws/src/install/cam_yolo/share/cam_yolo
[5.923s] running install_egg_info
[5.982s] removing '/home/dia/ros2_ws/src/install/cam_yolo/lib/python3.10/site-packages/cam_yolo-0.0.0-py3.10.egg-info' (and everything under it)
[5.983s] Copying ../build/cam_yolo/cam_yolo.egg-info to /home/dia/ros2_ws/src/install/cam_yolo/lib/python3.10/site-packages/cam_yolo-0.0.0-py3.10.egg-info
[5.985s] running install_scripts
[6.131s] Installing cam_yolo_node script to /home/dia/ros2_ws/src/install/cam_yolo/lib/cam_yolo
[6.132s] writing list of installed files to '/home/dia/ros2_ws/src/build/cam_yolo/install.log'
[6.225s] Invoked command in '/home/dia/ros2_ws/src/cam_yolo' returned '0': PYTHONPATH=/home/dia/ros2_ws/src/build/cam_yolo/prefix_override:/usr/lib/python3/dist-packages/colcon_core/task/python/colcon_distutils_commands:/home/dia/ros2_ws/src/install/cam_yolo/lib/python3.10/site-packages:${PYTHONPATH} /usr/bin/python3 -W ignore:setup.py install is deprecated setup.py egg_info --egg-base ../build/cam_yolo build --build-base /home/dia/ros2_ws/src/build/cam_yolo/build install --record /home/dia/ros2_ws/src/build/cam_yolo/install.log --single-version-externally-managed install_data
