running egg_info
writing ../build/topic_pkg/topic_pkg.egg-info/PKG-INFO
writing dependency_links to ../build/topic_pkg/topic_pkg.egg-info/dependency_links.txt
writing entry points to ../build/topic_pkg/topic_pkg.egg-info/entry_points.txt
writing requirements to ../build/topic_pkg/topic_pkg.egg-info/requires.txt
writing top-level names to ../build/topic_pkg/topic_pkg.egg-info/top_level.txt
reading manifest file '../build/topic_pkg/topic_pkg.egg-info/SOURCES.txt'
writing manifest file '../build/topic_pkg/topic_pkg.egg-info/SOURCES.txt'
running build
running build_py
copying topic_pkg/publisher_demo.py -> /home/dia/ros2_ws/src/build/topic_pkg/build/lib/topic_pkg
copying topic_pkg/__init__.py -> /home/dia/ros2_ws/src/build/topic_pkg/build/lib/topic_pkg
copying topic_pkg/subscriber_demo.py -> /home/dia/ros2_ws/src/build/topic_pkg/build/lib/topic_pkg
running install
running install_lib
running install_data
copying resource/topic_pkg -> /home/dia/ros2_ws/src/install/topic_pkg/share/ament_index/resource_index/packages
copying package.xml -> /home/dia/ros2_ws/src/install/topic_pkg/share/topic_pkg
copying launch/single_node_launch.py -> /home/dia/ros2_ws/src/install/topic_pkg/share/topic_pkg/launch
running install_egg_info
removing '/home/dia/ros2_ws/src/install/topic_pkg/lib/python3.10/site-packages/topic_pkg-0.0.0-py3.10.egg-info' (and everything under it)
Copying ../build/topic_pkg/topic_pkg.egg-info to /home/dia/ros2_ws/src/install/topic_pkg/lib/python3.10/site-packages/topic_pkg-0.0.0-py3.10.egg-info
running install_scripts
Installing publisher_demo script to /home/dia/ros2_ws/src/install/topic_pkg/lib/topic_pkg
Installing subscriber_demo script to /home/dia/ros2_ws/src/install/topic_pkg/lib/topic_pkg
writing list of installed files to '/home/dia/ros2_ws/src/build/topic_pkg/install.log'
