running egg_info
writing ../../build/servo_control_node/servo_control_node.egg-info/PKG-INFO
writing dependency_links to ../../build/servo_control_node/servo_control_node.egg-info/dependency_links.txt
writing entry points to ../../build/servo_control_node/servo_control_node.egg-info/entry_points.txt
writing requirements to ../../build/servo_control_node/servo_control_node.egg-info/requires.txt
writing top-level names to ../../build/servo_control_node/servo_control_node.egg-info/top_level.txt
reading manifest file '../../build/servo_control_node/servo_control_node.egg-info/SOURCES.txt'
adding license file 'LICENSE'
writing manifest file '../../build/servo_control_node/servo_control_node.egg-info/SOURCES.txt'
running build
running build_py
running install
running install_lib
running install_data
running install_egg_info
removing '/home/dia/ros2_ws/install/servo_control_node/lib/python3.10/site-packages/servo_control_node-0.0.0-py3.10.egg-info' (and everything under it)
Copying ../../build/servo_control_node/servo_control_node.egg-info to /home/dia/ros2_ws/install/servo_control_node/lib/python3.10/site-packages/servo_control_node-0.0.0-py3.10.egg-info
running install_scripts
Installing servo_control script to /home/dia/ros2_ws/install/servo_control_node/lib/servo_control_node
writing list of installed files to '/home/dia/ros2_ws/build/servo_control_node/install.log'
