[2.147s] Invoking command in '/home/dia/ros2_ws/src/esp32_motor_control': PYTHONPATH=/home/dia/ros2_ws/build/esp32_motor_control/prefix_override:/usr/lib/python3/dist-packages/colcon_core/task/python/colcon_distutils_commands:/home/dia/ros2_ws/install/esp32_motor_control/lib/python3.10/site-packages:${PYTHONPATH} /usr/bin/python3 -W ignore:setup.py install is deprecated setup.py egg_info --egg-base ../../build/esp32_motor_control build --build-base /home/dia/ros2_ws/build/esp32_motor_control/build install --record /home/dia/ros2_ws/build/esp32_motor_control/install.log --single-version-externally-managed install_data
[2.669s] running egg_info
[2.671s] writing ../../build/esp32_motor_control/esp32_motor_control.egg-info/PKG-INFO
[2.672s] writing dependency_links to ../../build/esp32_motor_control/esp32_motor_control.egg-info/dependency_links.txt
[2.672s] writing entry points to ../../build/esp32_motor_control/esp32_motor_control.egg-info/entry_points.txt
[2.672s] writing requirements to ../../build/esp32_motor_control/esp32_motor_control.egg-info/requires.txt
[2.673s] writing top-level names to ../../build/esp32_motor_control/esp32_motor_control.egg-info/top_level.txt
[2.677s] reading manifest file '../../build/esp32_motor_control/esp32_motor_control.egg-info/SOURCES.txt'
[2.678s] writing manifest file '../../build/esp32_motor_control/esp32_motor_control.egg-info/SOURCES.txt'
[2.678s] running build
[2.679s] running build_py
[2.679s] running install
[2.680s] running install_lib
[2.683s] running install_data
[2.683s] running install_egg_info
[2.687s] removing '/home/dia/ros2_ws/install/esp32_motor_control/lib/python3.10/site-packages/esp32_motor_control-0.0.0-py3.10.egg-info' (and everything under it)
[2.687s] Copying ../../build/esp32_motor_control/esp32_motor_control.egg-info to /home/dia/ros2_ws/install/esp32_motor_control/lib/python3.10/site-packages/esp32_motor_control-0.0.0-py3.10.egg-info
[2.689s] running install_scripts
[2.733s] Installing motor_control_node script to /home/dia/ros2_ws/install/esp32_motor_control/lib/esp32_motor_control
[2.734s] writing list of installed files to '/home/dia/ros2_ws/build/esp32_motor_control/install.log'
[2.806s] Invoked command in '/home/dia/ros2_ws/src/esp32_motor_control' returned '0': PYTHONPATH=/home/dia/ros2_ws/build/esp32_motor_control/prefix_override:/usr/lib/python3/dist-packages/colcon_core/task/python/colcon_distutils_commands:/home/dia/ros2_ws/install/esp32_motor_control/lib/python3.10/site-packages:${PYTHONPATH} /usr/bin/python3 -W ignore:setup.py install is deprecated setup.py egg_info --egg-base ../../build/esp32_motor_control build --build-base /home/dia/ros2_ws/build/esp32_motor_control/build install --record /home/dia/ros2_ws/build/esp32_motor_control/install.log --single-version-externally-managed install_data
