[0.022s] Invoking command in '/home/dia/ros2_ws/build/my_robot_control': /usr/bin/cmake /home/dia/ros2_ws/src/my_robot_control -DCATKIN_INSTALL_INTO_PREFIX_ROOT=0 -DCMAKE_INSTALL_PREFIX=/home/dia/ros2_ws/install/my_robot_control
[0.051s] -- Found ament_cmake: 1.3.10 (/opt/ros/humble/share/ament_cmake/cmake)
[0.369s] -- Found rclpy: 3.3.14 (/opt/ros/humble/share/rclpy/cmake)
[0.518s] -- Configuring done
[0.530s] -- Generating done
[0.532s] [33mCMake Warning:
[0.532s]   Manually-specified variables were not used by the project:
[0.532s] 
[0.533s]     CATKIN_INSTALL_INTO_PREFIX_ROOT
[0.533s] 
[0.533s] [0m
[0.533s] -- Build files have been written to: /home/dia/ros2_ws/build/my_robot_control
[0.541s] Invoked command in '/home/dia/ros2_ws/build/my_robot_control' returned '0': /usr/bin/cmake /home/dia/ros2_ws/src/my_robot_control -DCATKIN_INSTALL_INTO_PREFIX_ROOT=0 -DCMAKE_INSTALL_PREFIX=/home/dia/ros2_ws/install/my_robot_control
[0.547s] Invoking command in '/home/dia/ros2_ws/build/my_robot_control': /usr/bin/cmake --build /home/dia/ros2_ws/build/my_robot_control -- -j6 -l6
[0.655s] Invoked command in '/home/dia/ros2_ws/build/my_robot_control' returned '0': /usr/bin/cmake --build /home/dia/ros2_ws/build/my_robot_control -- -j6 -l6
[0.779s] Invoking command in '/home/dia/ros2_ws/build/my_robot_control': /usr/bin/cmake --install /home/dia/ros2_ws/build/my_robot_control
[0.801s] [31mCMake Error at cmake_install.cmake:46 (file):
[0.801s]   file INSTALL cannot find "/home/dia/ros2_ws/src/my_robot_control/launch":
[0.802s]   No such file or directory.
[0.802s] 
[0.802s] [0m
[0.802s] -- Install configuration: ""
[0.805s] Invoked command in '/home/dia/ros2_ws/build/my_robot_control' returned '1': /usr/bin/cmake --install /home/dia/ros2_ws/build/my_robot_control
