/home/dia/.local/lib/python3.10/site-packages/setuptools/_distutils/dist.py:261: UserWarning: Unknown distribution option: 'tests_require'
  warnings.warn(msg)
running egg_info
creating ../build/service_pkg/service_pkg.egg-info
writing ../build/service_pkg/service_pkg.egg-info/PKG-INFO
writing dependency_links to ../build/service_pkg/service_pkg.egg-info/dependency_links.txt
writing entry points to ../build/service_pkg/service_pkg.egg-info/entry_points.txt
writing requirements to ../build/service_pkg/service_pkg.egg-info/requires.txt
writing top-level names to ../build/service_pkg/service_pkg.egg-info/top_level.txt
writing manifest file '../build/service_pkg/service_pkg.egg-info/SOURCES.txt'
reading manifest file '../build/service_pkg/service_pkg.egg-info/SOURCES.txt'
writing manifest file '../build/service_pkg/service_pkg.egg-info/SOURCES.txt'
running build
running build_py
creating /home/dia/ros2_ws/src/build/service_pkg/build
creating /home/dia/ros2_ws/src/build/service_pkg/build/lib
creating /home/dia/ros2_ws/src/build/service_pkg/build/lib/service_pkg
copying service_pkg/__init__.py -> /home/dia/ros2_ws/src/build/service_pkg/build/lib/service_pkg
copying service_pkg/server_demo.py -> /home/dia/ros2_ws/src/build/service_pkg/build/lib/service_pkg
copying service_pkg/client_demo.py -> /home/dia/ros2_ws/src/build/service_pkg/build/lib/service_pkg
running install
running install_lib
creating /home/dia/ros2_ws/src/install/service_pkg/lib/python3.10/site-packages/service_pkg
copying /home/dia/ros2_ws/src/build/service_pkg/build/lib/service_pkg/__init__.py -> /home/dia/ros2_ws/src/install/service_pkg/lib/python3.10/site-packages/service_pkg
copying /home/dia/ros2_ws/src/build/service_pkg/build/lib/service_pkg/server_demo.py -> /home/dia/ros2_ws/src/install/service_pkg/lib/python3.10/site-packages/service_pkg
copying /home/dia/ros2_ws/src/build/service_pkg/build/lib/service_pkg/client_demo.py -> /home/dia/ros2_ws/src/install/service_pkg/lib/python3.10/site-packages/service_pkg
byte-compiling /home/dia/ros2_ws/src/install/service_pkg/lib/python3.10/site-packages/service_pkg/__init__.py to __init__.cpython-310.pyc
byte-compiling /home/dia/ros2_ws/src/install/service_pkg/lib/python3.10/site-packages/service_pkg/server_demo.py to server_demo.cpython-310.pyc
byte-compiling /home/dia/ros2_ws/src/install/service_pkg/lib/python3.10/site-packages/service_pkg/client_demo.py to client_demo.cpython-310.pyc
running install_data
creating /home/dia/ros2_ws/src/install/service_pkg/share/ament_index
creating /home/dia/ros2_ws/src/install/service_pkg/share/ament_index/resource_index
creating /home/dia/ros2_ws/src/install/service_pkg/share/ament_index/resource_index/packages
copying resource/service_pkg -> /home/dia/ros2_ws/src/install/service_pkg/share/ament_index/resource_index/packages
copying package.xml -> /home/dia/ros2_ws/src/install/service_pkg/share/service_pkg
running install_egg_info
Copying ../build/service_pkg/service_pkg.egg-info to /home/dia/ros2_ws/src/install/service_pkg/lib/python3.10/site-packages/service_pkg-0.0.0-py3.10.egg-info
running install_scripts
Installing client_demo script to /home/dia/ros2_ws/src/install/service_pkg/lib/service_pkg
Installing server_demo script to /home/dia/ros2_ws/src/install/service_pkg/lib/service_pkg
writing list of installed files to '/home/dia/ros2_ws/src/build/service_pkg/install.log'
